2021.12.11 14:05:31 INFO  [main]: org.jivesoftware.openfire.XMPPServer - Registering shutdown hook (standalone mode)
2021.12.11 14:05:32 INFO  [main]: org.jivesoftware.openfire.XMPPServer - Openfire 4.6.5 [Dec 11, 2021 2:05:32 PM]
2021.12.11 14:05:32 WARN  [pool-2-thread-1]: org.jivesoftware.openfire.container.AdminConsolePlugin - Admin console: CertificateStoreManager has not been initialized yet. HTTPS will be unavailable.
2021.12.11 14:05:34 INFO  [pool-2-thread-1]: org.jivesoftware.util.cache.CacheFactory - Created cache [org.jivesoftware.util.cache.DefaultLocalCacheStrategy] for Favicon Misses
2021.12.11 14:05:34 INFO  [pool-2-thread-1]: org.jivesoftware.util.cache.CacheFactory - Created cache [org.jivesoftware.util.cache.DefaultLocalCacheStrategy] for Favicon Hits
2021.12.11 14:05:35 INFO  [pool-2-thread-1]: org.jivesoftware.openfire.container.AdminConsolePlugin - Admin console listening at http://win-v43n4hlgrln:9090
2021.12.11 14:05:35 INFO  [pool-2-thread-1]: org.jivesoftware.openfire.container.PluginManager - Successfully loaded plugin 'admin'.
2021.12.11 14:06:05 INFO  [Jetty-QTP-AdminConsole-34]: hsqldb.db.HSQLDB7DAB882198.ENGINE - Checkpoint start
2021.12.11 14:06:05 INFO  [Jetty-QTP-AdminConsole-34]: hsqldb.db.HSQLDB7DAB882198.ENGINE - checkpointClose start
2021.12.11 14:06:05 INFO  [Jetty-QTP-AdminConsole-34]: hsqldb.db.HSQLDB7DAB882198.ENGINE - checkpointClose synched
2021.12.11 14:06:05 INFO  [Jetty-QTP-AdminConsole-34]: hsqldb.db.HSQLDB7DAB882198.ENGINE - checkpointClose script done
2021.12.11 14:06:05 INFO  [Jetty-QTP-AdminConsole-34]: hsqldb.db.HSQLDB7DAB882198.ENGINE - checkpointClose end
2021.12.11 14:06:05 INFO  [Jetty-QTP-AdminConsole-34]: hsqldb.db.HSQLDB7DAB882198.ENGINE - Checkpoint end - txts: 1
2021.12.11 14:06:05 INFO  [Jetty-QTP-AdminConsole-34]: org.jivesoftware.database.SchemaManager - Missing database schema for openfire. Attempting to install...
2021.12.11 14:06:05 INFO  [Jetty-QTP-AdminConsole-34]: org.jivesoftware.database.SchemaManager - Database update successful.
2021.12.11 14:06:08 INFO  [Jetty-QTP-AdminConsole-23]: org.jivesoftware.util.cache.CacheFactory - Created cache [org.jivesoftware.util.cache.DefaultLocalCacheStrategy] for Locked Out Accounts
2021.12.11 14:06:08 INFO  [Jetty-QTP-AdminConsole-23]: org.jivesoftware.util.cache.CacheFactory - Created cache [org.jivesoftware.util.cache.DefaultLocalCacheStrategy] for User
2021.12.11 14:06:08 INFO  [Jetty-QTP-AdminConsole-23]: org.jivesoftware.util.cache.CacheFactory - Created cache [org.jivesoftware.util.cache.DefaultLocalCacheStrategy] for Remote Users Existence
2021.12.11 14:06:12 INFO  [Jetty-QTP-AdminConsole-23]: org.jivesoftware.util.cache.CacheFactory - Created cache [org.jivesoftware.util.cache.DefaultLocalCacheStrategy] for DNS Records
2021.12.11 14:06:12 INFO  [Jetty-QTP-AdminConsole-23]: org.jivesoftware.openfire.keystore.IdentityStore - Generating a new private key and corresponding self-signed certificate for domain name '192.168.137.223', using the RSA algorithm (sign-algorithm: SHA256WITHRSAENCRYPTION with a key size of 2048 bits). Certificate will be valid for 1825 days.
2021.12.11 14:06:15 INFO  [pool-5-thread-1]: org.jivesoftware.openfire.keystore.CertificateStoreWatcher - A file system change was detected. A(nother) certificate store that is backed by file 'C:\Program Files\Openfire\resources\security\keystore' will be reloaded.
2021.12.11 14:06:16 WARN  [Thread-20]: org.jivesoftware.openfire.container.AdminConsolePlugin - Admin console: CertificateStoreManager has not been initialized yet. HTTPS will be unavailable.
2021.12.11 14:06:16 INFO  [Thread-20]: org.jivesoftware.openfire.container.AdminConsolePlugin - Admin console listening at http://192.168.137.223:9090
2021.12.11 14:06:17 INFO  [Thread-20]: org.jivesoftware.util.cache.CacheFactory - Created cache [org.jivesoftware.util.cache.DefaultLocalCacheStrategy] for Routing Servers Cache
2021.12.11 14:06:17 INFO  [Thread-20]: org.jivesoftware.util.cache.CacheFactory - Created cache [org.jivesoftware.util.cache.DefaultLocalCacheStrategy] for Routing Components Cache
2021.12.11 14:06:17 INFO  [Thread-20]: org.jivesoftware.util.cache.CacheFactory - Created cache [org.jivesoftware.util.cache.DefaultLocalCacheStrategy] for Routing Users Cache
2021.12.11 14:06:17 INFO  [Thread-20]: org.jivesoftware.util.cache.CacheFactory - Created cache [org.jivesoftware.util.cache.DefaultLocalCacheStrategy] for Routing AnonymousUsers Cache
2021.12.11 14:06:17 INFO  [Thread-20]: org.jivesoftware.util.cache.CacheFactory - Created cache [org.jivesoftware.util.cache.DefaultLocalCacheStrategy] for Routing User Sessions
2021.12.11 14:06:17 INFO  [Thread-20]: org.jivesoftware.util.cache.CacheFactory - Created cache [org.jivesoftware.util.cache.DefaultLocalCacheStrategy] for Roster
2021.12.11 14:06:17 INFO  [Thread-20]: org.jivesoftware.util.cache.CacheFactory - Created cache [org.jivesoftware.util.cache.DefaultLocalCacheStrategy] for RosterItems
2021.12.11 14:06:17 INFO  [Thread-20]: org.jivesoftware.util.cache.CacheFactory - Created cache [org.jivesoftware.util.cache.DefaultLocalCacheStrategy] for Routing Result Listeners
2021.12.11 14:06:17 INFO  [Thread-20]: org.jivesoftware.util.cache.CacheFactory - Created cache [org.jivesoftware.util.cache.DefaultLocalCacheStrategy] for Multicast Service
2021.12.11 14:06:17 INFO  [Thread-20]: org.jivesoftware.util.cache.CacheFactory - Created cache [org.jivesoftware.util.cache.DefaultLocalCacheStrategy] for Offline Message Size
2021.12.11 14:06:17 INFO  [Thread-20]: org.jivesoftware.util.cache.CacheFactory - Created cache [org.jivesoftware.util.cache.DefaultLocalCacheStrategy] for VCard
2021.12.11 14:06:17 INFO  [Thread-20]: org.jivesoftware.util.cache.CacheFactory - Created cache [org.jivesoftware.util.cache.DefaultLocalCacheStrategy] for Privacy Lists
2021.12.11 14:06:17 INFO  [Thread-20]: org.jivesoftware.util.cache.CacheFactory - Created cache [org.jivesoftware.util.cache.DefaultLocalCacheStrategy] for File Transfer Cache
2021.12.11 14:06:17 INFO  [Thread-20]: org.jivesoftware.util.cache.CacheFactory - Created cache [org.jivesoftware.util.cache.DefaultLocalCacheStrategy] for Offline Presence Cache
2021.12.11 14:06:17 INFO  [Thread-20]: org.jivesoftware.util.cache.CacheFactory - Created cache [org.jivesoftware.util.cache.DefaultLocalCacheStrategy] for Last Activity Cache
2021.12.11 14:06:17 INFO  [Thread-20]: org.jivesoftware.util.cache.CacheFactory - Created cache [org.jivesoftware.util.cache.DefaultLocalCacheStrategy] for Components Sessions
2021.12.11 14:06:17 INFO  [Thread-20]: org.jivesoftware.util.cache.CacheFactory - Created cache [org.jivesoftware.util.cache.DefaultLocalCacheStrategy] for Connection Managers Sessions
2021.12.11 14:06:17 INFO  [Thread-20]: org.jivesoftware.util.cache.CacheFactory - Created cache [org.jivesoftware.util.cache.DefaultLocalCacheStrategy] for Incoming Server Sessions
2021.12.11 14:06:17 INFO  [Thread-20]: org.jivesoftware.util.cache.CacheFactory - Created cache [org.jivesoftware.util.cache.DefaultLocalCacheStrategy] for Sessions by Hostname
2021.12.11 14:06:17 INFO  [Thread-20]: org.jivesoftware.util.cache.CacheFactory - Created cache [org.jivesoftware.util.cache.DefaultLocalCacheStrategy] for Validated Domains
2021.12.11 14:06:17 INFO  [Thread-20]: org.jivesoftware.util.cache.CacheFactory - Created cache [org.jivesoftware.util.cache.DefaultLocalCacheStrategy] for Client Session Info Cache
2021.12.11 14:06:17 INFO  [Thread-20]: org.jivesoftware.util.cache.CacheFactory - Created cache [org.jivesoftware.util.cache.DefaultLocalCacheStrategy] for Directed Presences
2021.12.11 14:06:17 INFO  [Thread-20]: org.jivesoftware.util.cache.CacheFactory - Created local-only cache [org.jivesoftware.util.cache.DefaultLocalCacheStrategy] for PEPServiceManager
2021.12.11 14:06:17 INFO  [Thread-20]: org.jivesoftware.util.cache.CacheFactory - Created cache [org.jivesoftware.util.cache.DefaultLocalCacheStrategy] for File Transfer
2021.12.11 14:06:17 INFO  [Thread-20]: org.jivesoftware.openfire.pubsub.PubSubPersistenceProviderManager - Loading PubSub persistence provider: class org.jivesoftware.openfire.pubsub.CachingPubsubPersistenceProvider.
2021.12.11 14:06:17 INFO  [Thread-20]: org.jivesoftware.util.cache.CacheFactory - Created cache [org.jivesoftware.util.cache.DefaultLocalCacheStrategy] for Published Items
2021.12.11 14:06:17 INFO  [Thread-20]: org.jivesoftware.openfire.pubsub.CachingPubsubPersistenceProvider - Loading PubSub persistence provider to delegate to: class org.jivesoftware.openfire.pubsub.DefaultPubSubPersistenceProvider.
2021.12.11 14:06:17 INFO  [Thread-20]: org.jivesoftware.util.cache.CacheFactory - Created cache [org.jivesoftware.util.cache.DefaultLocalCacheStrategy] for Default Node Configurations
2021.12.11 14:06:17 INFO  [Thread-20]: org.jivesoftware.openfire.pubsub.DefaultPubSubPersistenceProvider - No nodes found in pubsub for service pubsub
2021.12.11 14:06:17 INFO  [Thread-20]: org.jivesoftware.util.cache.CacheFactory - Created cache [org.jivesoftware.util.cache.DefaultLocalCacheStrategy] for Disco Server Features
2021.12.11 14:06:17 INFO  [Thread-20]: org.jivesoftware.util.cache.CacheFactory - Created cache [org.jivesoftware.util.cache.DefaultLocalCacheStrategy] for Disco Server Items
2021.12.11 14:06:17 INFO  [Thread-20]: org.jivesoftware.util.cache.CacheFactory - Created cache [org.jivesoftware.util.cache.DefaultLocalCacheStrategy] for Components
2021.12.11 14:06:17 INFO  [Thread-20]: org.jivesoftware.util.cache.CacheFactory - Created local-only cache [org.jivesoftware.util.cache.DefaultLocalCacheStrategy] for Entity Capabilities
2021.12.11 14:06:17 INFO  [Thread-20]: org.jivesoftware.util.cache.CacheFactory - Created local-only cache [org.jivesoftware.util.cache.DefaultLocalCacheStrategy] for Entity Capabilities Users
2021.12.11 14:06:17 INFO  [Thread-20]: org.jivesoftware.util.cache.CacheFactory - Created cache [org.jivesoftware.util.cache.DefaultLocalCacheStrategy] for Group
2021.12.11 14:06:17 INFO  [Thread-20]: org.jivesoftware.util.cache.CacheFactory - Created cache [org.jivesoftware.util.cache.DefaultLocalCacheStrategy] for Group Metadata Cache
2021.12.11 14:06:17 INFO  [Thread-20]: org.jivesoftware.openfire.pubsub.PubSubModule - Publish-Subscribe domain: pubsub.192.168.137.223
2021.12.11 14:06:17 WARN  [Thread-20]: org.jivesoftware.util.LocaleUtils - Missing resource for key: system_property.xmpp.muc.vcard.enabled in locale en
2021.12.11 14:06:17 INFO  [Thread-20]: org.jivesoftware.openfire.muc.spi.MultiUserChatServiceImpl - Multi User Chat domain: conference.192.168.137.223
2021.12.11 14:06:18 INFO  [Thread-20]: org.jivesoftware.openfire.XMPPServer - Accessing SystemProperty field org.jivesoftware.openfire.container.PluginServlet#ALLOW_LOCAL_FILE_READING
2021.12.11 14:06:18 INFO  [Thread-20]: org.jivesoftware.openfire.XMPPServer - Accessing SystemProperty field org.jivesoftware.openfire.group.GroupManager#GROUP_PROVIDER
2021.12.11 14:06:18 INFO  [Thread-20]: org.jivesoftware.openfire.XMPPServer - Accessing SystemProperty field org.jivesoftware.openfire.auth.AuthFactory#PASSWORD_KEY
2021.12.11 14:06:18 INFO  [Thread-20]: org.jivesoftware.openfire.XMPPServer - Accessing SystemProperty field org.jivesoftware.openfire.auth.AuthFactory#AUTH_PROVIDER
2021.12.11 14:06:18 INFO  [Thread-20]: org.jivesoftware.openfire.XMPPServer - Accessing SystemProperty field org.jivesoftware.openfire.roster.RosterManager#EXECUTOR_CORE_POOL_SIZE
2021.12.11 14:06:18 INFO  [Thread-20]: org.jivesoftware.openfire.XMPPServer - Accessing SystemProperty field org.jivesoftware.openfire.roster.RosterManager#EXECUTOR_MAX_POOL_SIZE
2021.12.11 14:06:18 INFO  [Thread-20]: org.jivesoftware.openfire.XMPPServer - Accessing SystemProperty field org.jivesoftware.openfire.roster.RosterManager#EXECUTOR_POOL_KEEP_ALIVE
2021.12.11 14:06:18 INFO  [Thread-20]: org.jivesoftware.openfire.XMPPServer - Accessing SystemProperty field org.jivesoftware.openfire.archive.ArchiveManager#EXECUTOR_CORE_POOL_SIZE
2021.12.11 14:06:18 INFO  [Thread-20]: org.jivesoftware.openfire.XMPPServer - Accessing SystemProperty field org.jivesoftware.openfire.archive.ArchiveManager#EXECUTOR_MAX_POOL_SIZE
2021.12.11 14:06:18 INFO  [Thread-20]: org.jivesoftware.openfire.XMPPServer - Accessing SystemProperty field org.jivesoftware.openfire.archive.ArchiveManager#EXECUTOR_POOL_KEEP_ALIVE
2021.12.11 14:06:18 INFO  [Thread-20]: org.jivesoftware.openfire.XMPPServer - Accessing SystemProperty field org.jivesoftware.openfire.session.SoftwareVersionManager#VERSION_QUERY_ENABLED
2021.12.11 14:06:18 INFO  [Thread-20]: org.jivesoftware.openfire.XMPPServer - Accessing SystemProperty field org.jivesoftware.openfire.session.SoftwareVersionManager#VERSION_QUERY_DELAY
2021.12.11 14:06:18 INFO  [Thread-20]: org.jivesoftware.openfire.XMPPServer - Accessing SystemProperty field org.jivesoftware.openfire.disco.IQDiscoInfoHandler#ENABLED
2021.12.11 14:06:18 INFO  [Thread-20]: org.jivesoftware.openfire.XMPPServer - Accessing SystemProperty field org.jivesoftware.openfire.pep.IQPEPHandler#EXECUTOR_CORE_POOL_SIZE
2021.12.11 14:06:18 INFO  [Thread-20]: org.jivesoftware.openfire.XMPPServer - Accessing SystemProperty field org.jivesoftware.openfire.pep.IQPEPHandler#EXECUTOR_MAX_POOL_SIZE
2021.12.11 14:06:18 INFO  [Thread-20]: org.jivesoftware.openfire.XMPPServer - Accessing SystemProperty field org.jivesoftware.openfire.pep.IQPEPHandler#EXECUTOR_POOL_KEEP_ALIVE
2021.12.11 14:06:18 INFO  [Thread-20]: org.jivesoftware.openfire.XMPPServer - Accessing SystemProperty field org.jivesoftware.openfire.lockout.LockOutManager#LOCKOUT_PROVIDER
2021.12.11 14:06:18 INFO  [Thread-20]: org.jivesoftware.openfire.XMPPServer - Accessing SystemProperty field org.jivesoftware.openfire.keystore.CertificateStoreWatcher#ENABLED
2021.12.11 14:06:18 INFO  [Thread-20]: org.jivesoftware.openfire.XMPPServer - Accessing SystemProperty field org.jivesoftware.openfire.sasl.AnonymousSaslServer#ENABLED
2021.12.11 14:06:18 INFO  [Thread-20]: org.jivesoftware.openfire.XMPPServer - Accessing SystemProperty field org.jivesoftware.openfire.sasl.ScramSha1SaslServer#ITERATION_COUNT
2021.12.11 14:06:18 INFO  [Thread-20]: org.jivesoftware.openfire.XMPPServer - Accessing SystemProperty field org.jivesoftware.openfire.ldap.LdapManager#LDAP_PAGE_SIZE
2021.12.11 14:06:18 INFO  [Thread-20]: org.jivesoftware.util.cache.CacheFactory - Created cache [org.jivesoftware.util.cache.DefaultLocalCacheStrategy] for LDAP UserDN
2021.12.11 14:06:18 INFO  [Thread-20]: org.jivesoftware.openfire.XMPPServer - Accessing SystemProperty field org.jivesoftware.openfire.admin.GroupBasedAdminProvider#GROUP_NAME
2021.12.11 14:06:18 INFO  [Thread-20]: org.jivesoftware.openfire.XMPPServer - Accessing SystemProperty field org.jivesoftware.openfire.admin.DefaultAdminProvider#ADMIN_JIDS
2021.12.11 14:06:18 INFO  [Thread-20]: org.jivesoftware.openfire.XMPPServer - Accessing SystemProperty field org.jivesoftware.openfire.muc.spi.LocalMUCRoom#JOIN_PRESENCE_ENABLE
2021.12.11 14:06:18 INFO  [Thread-20]: org.jivesoftware.openfire.XMPPServer - Accessing SystemProperty field org.jivesoftware.openfire.muc.spi.LocalMUCRoom#SELF_PRESENCE_TIMEOUT
2021.12.11 14:06:18 INFO  [Thread-20]: org.jivesoftware.openfire.XMPPServer - Accessing SystemProperty field org.jivesoftware.openfire.muc.spi.FMUCHandler#FMUC_ENABLED
2021.12.11 14:06:18 INFO  [Thread-20]: org.jivesoftware.openfire.XMPPServer - Accessing SystemProperty field org.jivesoftware.openfire.muc.spi.IQMuclumbusSearchHandler#PROPERTY_ENABLED
2021.12.11 14:06:18 INFO  [Thread-20]: org.jivesoftware.openfire.XMPPServer - Accessing SystemProperty field org.jivesoftware.openfire.muc.spi.IQMUCvCardHandler#PROPERTY_ENABLED
2021.12.11 14:06:18 INFO  [Thread-20]: org.jivesoftware.openfire.XMPPServer - Accessing SystemProperty field org.jivesoftware.openfire.user.UserManager#USER_PROVIDER
2021.12.11 14:06:18 INFO  [Thread-20]: org.jivesoftware.openfire.XMPPServer - Accessing SystemProperty field org.jivesoftware.openfire.user.UserManager#REMOTE_DISCO_INFO_TIMEOUT
2021.12.11 14:06:18 INFO  [Thread-20]: org.jivesoftware.openfire.XMPPServer - Accessing SystemProperty field org.jivesoftware.openfire.user.UserManager#USER_PROPERTY_PROVIDER
2021.12.11 14:06:18 INFO  [Thread-20]: org.jivesoftware.openfire.XMPPServer - Accessing SystemProperty field org.jivesoftware.openfire.auth.HybridAuthProvider#PRIMARY_PROVIDER
2021.12.11 14:06:18 INFO  [Thread-20]: org.jivesoftware.openfire.XMPPServer - Accessing SystemProperty field org.jivesoftware.openfire.auth.HybridAuthProvider#SECONDARY_PROVIDER
2021.12.11 14:06:18 INFO  [Thread-20]: org.jivesoftware.openfire.XMPPServer - Accessing SystemProperty field org.jivesoftware.openfire.auth.HybridAuthProvider#TERTIARY_PROVIDER
2021.12.11 14:06:18 INFO  [Thread-20]: org.jivesoftware.openfire.XMPPServer - Accessing SystemProperty field org.jivesoftware.openfire.cluster.ClusterMonitor#ENABLED
2021.12.11 14:06:18 INFO  [Thread-20]: org.jivesoftware.openfire.XMPPServer - Accessing SystemProperty field org.jivesoftware.openfire.SessionManager#CONFLICT_LIMIT
2021.12.11 14:06:18 INFO  [Thread-20]: org.jivesoftware.openfire.XMPPServer - Accessing SystemProperty field org.jivesoftware.openfire.spi.LegacyConnectionAcceptor#STARTUP_RETRY_DELAY
2021.12.11 14:06:18 INFO  [Thread-20]: org.jivesoftware.openfire.XMPPServer - Accessing SystemProperty field org.jivesoftware.openfire.spi.EncryptionArtifactFactory#TRUST_MANAGER_CLASS
2021.12.11 14:06:18 INFO  [Thread-20]: org.jivesoftware.openfire.XMPPServer - Accessing SystemProperty field org.jivesoftware.openfire.spi.EncryptionArtifactFactory#SSLCONTEXT_PROTOCOL
2021.12.11 14:06:18 INFO  [Thread-20]: org.jivesoftware.openfire.XMPPServer - Accessing SystemProperty field org.jivesoftware.openfire.XMPPServerInfo#XMPP_DOMAIN
2021.12.11 14:06:18 INFO  [Thread-20]: org.jivesoftware.openfire.XMPPServer - Accessing SystemProperty field org.jivesoftware.openfire.OfflineMessageStore#OFFLINE_AUTOCLEAN_DAYSTOLIVE
2021.12.11 14:06:18 INFO  [Thread-20]: org.jivesoftware.openfire.XMPPServer - Accessing SystemProperty field org.jivesoftware.openfire.OfflineMessageStore#OFFLINE_AUTOCLEAN_CHECKINTERVAL
2021.12.11 14:06:18 INFO  [Thread-20]: org.jivesoftware.openfire.XMPPServer - Accessing SystemProperty field org.jivesoftware.openfire.OfflineMessageStore#OFFLINE_AUTOCLEAN_ENABLE
2021.12.11 14:06:18 INFO  [Thread-20]: org.jivesoftware.openfire.XMPPServer - Accessing SystemProperty field org.jivesoftware.openfire.pubsub.PubSubModule#PUBSUB_CREATE_ANYONE
2021.12.11 14:06:18 INFO  [Thread-20]: org.jivesoftware.openfire.XMPPServer - Accessing SystemProperty field org.jivesoftware.openfire.pubsub.PubSubModule#PUBSUB_ALLOWED_TO_CREATE
2021.12.11 14:06:18 INFO  [Thread-20]: org.jivesoftware.openfire.XMPPServer - Accessing SystemProperty field org.jivesoftware.openfire.pubsub.PubSubModule#PUBSUB_SYSADMINS
2021.12.11 14:06:18 INFO  [Thread-20]: org.jivesoftware.openfire.XMPPServer - Accessing SystemProperty field org.jivesoftware.openfire.pubsub.PubSubPersistenceProviderManager#PROVIDER
2021.12.11 14:06:18 INFO  [Thread-20]: org.jivesoftware.openfire.XMPPServer - Accessing SystemProperty field org.jivesoftware.openfire.pubsub.CachingPubsubPersistenceProvider#DELEGATE
2021.12.11 14:06:18 INFO  [Thread-20]: org.jivesoftware.openfire.XMPPServer - Accessing SystemProperty field org.jivesoftware.openfire.update.UpdateManager#ENABLED
2021.12.11 14:06:18 INFO  [Thread-20]: org.jivesoftware.openfire.XMPPServer - Accessing SystemProperty field org.jivesoftware.openfire.update.UpdateManager#NOTIFY_ADMINS
2021.12.11 14:06:18 INFO  [Thread-20]: org.jivesoftware.openfire.XMPPServer - Accessing SystemProperty field org.jivesoftware.openfire.update.UpdateManager#LAST_UPDATE_CHECK
2021.12.11 14:06:18 INFO  [Thread-20]: org.jivesoftware.openfire.XMPPServer - Accessing SystemProperty field org.jivesoftware.openfire.update.UpdateManager#UPDATE_FREQUENCY
2021.12.11 14:06:18 INFO  [Thread-20]: org.jivesoftware.openfire.XMPPServer - Accessing SystemProperty field org.jivesoftware.openfire.update.UpdateManager#PROXY_HOST
2021.12.11 14:06:18 INFO  [Thread-20]: org.jivesoftware.openfire.XMPPServer - Accessing SystemProperty field org.jivesoftware.openfire.update.UpdateManager#PROXY_PORT
2021.12.11 14:06:18 INFO  [Thread-20]: org.jivesoftware.openfire.XMPPServer - Accessing SystemProperty field org.jivesoftware.openfire.filetransfer.proxy.ProxyConnectionManager#EXECUTOR_CORE_POOL_SIZE
2021.12.11 14:06:18 INFO  [Thread-20]: org.jivesoftware.openfire.XMPPServer - Accessing SystemProperty field org.jivesoftware.openfire.filetransfer.proxy.ProxyConnectionManager#EXECUTOR_MAX_POOL_SIZE
2021.12.11 14:06:18 INFO  [Thread-20]: org.jivesoftware.openfire.XMPPServer - Accessing SystemProperty field org.jivesoftware.openfire.filetransfer.proxy.ProxyConnectionManager#EXECUTOR_POOL_KEEP_ALIVE
2021.12.11 14:06:18 INFO  [Thread-20]: org.jivesoftware.openfire.XMPPServer - Accessing SystemProperty field org.jivesoftware.openfire.vcard.VCardManager#VCARD_PROVIDER
2021.12.11 14:06:18 INFO  [Thread-20]: org.jivesoftware.openfire.XMPPServer - Accessing SystemProperty field org.jivesoftware.openfire.streammanagement.StreamManager#LOCATION_ENABLED
2021.12.11 14:06:18 INFO  [Thread-20]: org.jivesoftware.openfire.XMPPServer - Accessing SystemProperty field org.jivesoftware.openfire.streammanagement.StreamManager#MAX_SERVER_ENABLED
2021.12.11 14:06:18 INFO  [Thread-20]: org.jivesoftware.openfire.XMPPServer - Accessing SystemProperty field org.jivesoftware.openfire.streammanagement.StreamManager#ACTIVE
2021.12.11 14:06:18 INFO  [Thread-20]: org.jivesoftware.openfire.XMPPServer - Accessing SystemProperty field org.jivesoftware.openfire.net.StanzaHandler#PROPERTY_OVERWRITE_EMPTY_TO
2021.12.11 14:06:18 INFO  [Thread-20]: org.jivesoftware.openfire.XMPPServer - Accessing SystemProperty field org.jivesoftware.openfire.net.SASLAuthentication#SKIP_PEER_CERT_REVALIDATION_CLIENT
2021.12.11 14:06:18 INFO  [Thread-20]: org.jivesoftware.openfire.net.SASLAuthentication - Support added for the 'ANONYMOUS' SASL mechanism.
2021.12.11 14:06:18 INFO  [Thread-20]: org.jivesoftware.openfire.net.SASLAuthentication - Support added for the 'PLAIN' SASL mechanism.
2021.12.11 14:06:18 INFO  [Thread-20]: org.jivesoftware.openfire.net.SASLAuthentication - Support added for the 'DIGEST-MD5' SASL mechanism.
2021.12.11 14:06:18 INFO  [Thread-20]: org.jivesoftware.openfire.net.SASLAuthentication - Support added for the 'CRAM-MD5' SASL mechanism.
2021.12.11 14:06:18 INFO  [Thread-20]: org.jivesoftware.openfire.net.SASLAuthentication - Support added for the 'SCRAM-SHA-1' SASL mechanism.
2021.12.11 14:06:18 INFO  [Thread-20]: org.jivesoftware.openfire.net.SASLAuthentication - Support added for the 'JIVE-SHAREDSECRET' SASL mechanism.
2021.12.11 14:06:18 INFO  [Thread-20]: org.jivesoftware.openfire.net.SASLAuthentication - Support added for the 'GSSAPI' SASL mechanism.
2021.12.11 14:06:18 INFO  [Thread-20]: org.jivesoftware.openfire.net.SASLAuthentication - Support added for the 'EXTERNAL' SASL mechanism.
2021.12.11 14:06:18 INFO  [Thread-20]: org.jivesoftware.openfire.XMPPServer - Accessing SystemProperty field org.jivesoftware.openfire.sasl.ExternalClientSaslServer#PROPERTY_SASL_EXTERNAL_CLIENT_SUPPRESS_MATCHING_REALMNAME
2021.12.11 14:06:18 INFO  [Thread-20]: org.jivesoftware.openfire.XMPPServer - Accessing SystemProperty field org.jivesoftware.openfire.ldap.LdapVCardProvider#STORE_AVATAR_IN_DB
2021.12.11 14:06:18 INFO  [Thread-20]: org.jivesoftware.openfire.XMPPServer - Accessing SystemProperty field org.jivesoftware.openfire.security.SecurityAuditManager#AUDIT_PROVIDER
2021.12.11 14:06:18 INFO  [Thread-20]: org.jivesoftware.openfire.XMPPServer - Accessing SystemProperty field org.jivesoftware.openfire.admin.AdminManager#ADMIN_PROVIDER
2021.12.11 14:06:18 INFO  [Thread-20]: org.jivesoftware.openfire.XMPPServer - Accessing SystemProperty field org.jivesoftware.openfire.JMXManager#XMPP_JMX_ENABLED
2021.12.11 14:06:18 INFO  [Thread-20]: org.jivesoftware.openfire.XMPPServer - Accessing SystemProperty field org.jivesoftware.openfire.JMXManager#XMPP_JMX_SECURE
2021.12.11 14:06:18 INFO  [Thread-20]: org.jivesoftware.openfire.XMPPServer - Accessing SystemProperty field org.jivesoftware.openfire.JMXManager#XMPP_JMX_PORT
2021.12.11 14:06:35 INFO  [pool-8-thread-2]: org.jivesoftware.openfire.container.PluginManager - Successfully loaded plugin 'search'.
2021.12.11 14:06:35 INFO  [pool-2-thread-1]: org.jivesoftware.openfire.container.PluginMonitor - Finished processing all plugins.
2021.12.11 14:06:35 INFO  [pool-2-thread-1]: org.jivesoftware.openfire.spi.ConnectionListener[socket_c2s] - Started.
2021.12.11 14:06:35 INFO  [pool-2-thread-1]: org.jivesoftware.openfire.spi.ConnectionListener[socket_c2s-legacyMode] - Started.
2021.12.11 14:06:35 WARN  [pool-2-thread-1]: org.jivesoftware.openfire.spi.LegacyConnectionAcceptor - Configuration allows for up to 16 threads, although implementation is limited to exactly one.
2021.12.11 14:06:35 INFO  [pool-2-thread-1]: org.jivesoftware.openfire.spi.ConnectionListener[socket_s2s] - Started.
2021.12.11 14:06:35 WARN  [pool-2-thread-1]: org.jivesoftware.openfire.spi.LegacyConnectionAcceptor - Configuration allows for up to 16 threads, although implementation is limited to exactly one.
2021.12.11 14:06:35 INFO  [pool-2-thread-1]: org.jivesoftware.openfire.spi.ConnectionListener[socket_s2s-legacyMode] - Started.
2021.12.11 14:06:35 INFO  [pool-2-thread-1]: org.jivesoftware.openfire.spi.ConnectionListener[component] - Started.
2021.12.11 14:06:35 INFO  [pool-2-thread-1]: org.jivesoftware.openfire.spi.ConnectionListener[component-legacyMode] - Started.
2021.12.11 14:06:35 INFO  [pool-2-thread-1]: org.jivesoftware.openfire.spi.ConnectionListener[connection_manager] - Started.
2021.12.11 14:06:35 INFO  [pool-2-thread-1]: org.jivesoftware.openfire.spi.ConnectionListener[connection_manager-legacyMode] - Started.
2021.12.11 14:06:35 INFO  [pool-2-thread-1]: org.jivesoftware.openfire.spi.EncryptionArtifactFactory - Creating new SslContextFactory instance
2021.12.11 14:06:35 INFO  [pool-2-thread-1]: org.jivesoftware.openfire.http.HttpSessionManager - Starting instance
2021.12.11 14:06:36 INFO  [pool-2-thread-1]: org.jivesoftware.openfire.http.HttpBindManager - HTTP bind service started
2021.12.11 14:07:50 INFO  [Jetty-QTP-AdminConsole-49]: org.jivesoftware.util.cache.CacheFactory - Created cache [org.jivesoftware.util.cache.DefaultLocalCacheStrategy] for Sequences
2021.12.11 14:07:50 WARN  [Jetty-QTP-AdminConsole-49]: org.jivesoftware.database.SequenceManager - Autocreating jiveID row for type '25'
2021.12.12 04:19:12 INFO  [socket_c2s-thread-2]: org.jivesoftware.openfire.pubsub.DefaultPubSubPersistenceProvider - No nodes found in pubsub for service openfire1@192.168.137.223
2021.12.12 04:19:34 INFO  [socket_c2s-thread-2]: org.jivesoftware.openfire.pubsub.DefaultPubSubPersistenceProvider - No nodes found in pubsub for service openfire2@192.168.137.223
2021.12.12 04:33:14 INFO  [main]: hsqldb.db.HSQLDB7DAB882198.ENGINE - checkpointClose start
2021.12.12 04:33:14 INFO  [main]: hsqldb.db.HSQLDB7DAB882198.ENGINE - checkpointClose synched
2021.12.12 04:33:15 INFO  [main]: hsqldb.db.HSQLDB7DAB882198.ENGINE - checkpointClose script done
2021.12.12 04:33:17 INFO  [main]: hsqldb.db.HSQLDB7DAB882198.ENGINE - checkpointClose end
2021.12.12 04:33:18 INFO  [main]: org.jivesoftware.openfire.XMPPServer - Registering shutdown hook (standalone mode)
2021.12.12 04:33:20 INFO  [main]: org.jivesoftware.util.cache.CacheFactory - Created cache [org.jivesoftware.util.cache.DefaultLocalCacheStrategy] for Routing Servers Cache
2021.12.12 04:33:20 INFO  [main]: org.jivesoftware.util.cache.CacheFactory - Created cache [org.jivesoftware.util.cache.DefaultLocalCacheStrategy] for Routing Components Cache
2021.12.12 04:33:20 INFO  [main]: org.jivesoftware.util.cache.CacheFactory - Created cache [org.jivesoftware.util.cache.DefaultLocalCacheStrategy] for Routing Users Cache
2021.12.12 04:33:20 INFO  [main]: org.jivesoftware.util.cache.CacheFactory - Created cache [org.jivesoftware.util.cache.DefaultLocalCacheStrategy] for Routing AnonymousUsers Cache
2021.12.12 04:33:20 INFO  [main]: org.jivesoftware.util.cache.CacheFactory - Created cache [org.jivesoftware.util.cache.DefaultLocalCacheStrategy] for Routing User Sessions
2021.12.12 04:33:20 INFO  [main]: org.jivesoftware.util.cache.CacheFactory - Created cache [org.jivesoftware.util.cache.DefaultLocalCacheStrategy] for Roster
2021.12.12 04:33:20 INFO  [main]: org.jivesoftware.util.cache.CacheFactory - Created cache [org.jivesoftware.util.cache.DefaultLocalCacheStrategy] for RosterItems
2021.12.12 04:33:21 INFO  [main]: org.jivesoftware.util.cache.CacheFactory - Created cache [org.jivesoftware.util.cache.DefaultLocalCacheStrategy] for Routing Result Listeners
2021.12.12 04:33:22 INFO  [main]: org.jivesoftware.util.cache.CacheFactory - Created cache [org.jivesoftware.util.cache.DefaultLocalCacheStrategy] for Multicast Service
2021.12.12 04:33:22 INFO  [main]: org.jivesoftware.util.cache.CacheFactory - Created cache [org.jivesoftware.util.cache.DefaultLocalCacheStrategy] for Offline Message Size
2021.12.12 04:33:22 INFO  [main]: org.jivesoftware.util.cache.CacheFactory - Created cache [org.jivesoftware.util.cache.DefaultLocalCacheStrategy] for VCard
2021.12.12 04:33:24 INFO  [main]: org.jivesoftware.util.cache.CacheFactory - Created cache [org.jivesoftware.util.cache.DefaultLocalCacheStrategy] for Privacy Lists
2021.12.12 04:33:24 INFO  [main]: org.jivesoftware.util.cache.CacheFactory - Created cache [org.jivesoftware.util.cache.DefaultLocalCacheStrategy] for File Transfer Cache
2021.12.12 04:33:26 INFO  [main]: org.jivesoftware.util.cache.CacheFactory - Created cache [org.jivesoftware.util.cache.DefaultLocalCacheStrategy] for Offline Presence Cache
2021.12.12 04:33:26 INFO  [main]: org.jivesoftware.util.cache.CacheFactory - Created cache [org.jivesoftware.util.cache.DefaultLocalCacheStrategy] for Last Activity Cache
2021.12.12 04:33:26 INFO  [main]: org.jivesoftware.util.cache.CacheFactory - Created cache [org.jivesoftware.util.cache.DefaultLocalCacheStrategy] for User
2021.12.12 04:33:26 INFO  [main]: org.jivesoftware.util.cache.CacheFactory - Created cache [org.jivesoftware.util.cache.DefaultLocalCacheStrategy] for Remote Users Existence
2021.12.12 04:33:26 INFO  [main]: org.jivesoftware.util.cache.CacheFactory - Created cache [org.jivesoftware.util.cache.DefaultLocalCacheStrategy] for Components Sessions
2021.12.12 04:33:26 INFO  [main]: org.jivesoftware.util.cache.CacheFactory - Created cache [org.jivesoftware.util.cache.DefaultLocalCacheStrategy] for Connection Managers Sessions
2021.12.12 04:33:26 INFO  [main]: org.jivesoftware.util.cache.CacheFactory - Created cache [org.jivesoftware.util.cache.DefaultLocalCacheStrategy] for Incoming Server Sessions
2021.12.12 04:33:26 INFO  [main]: org.jivesoftware.util.cache.CacheFactory - Created cache [org.jivesoftware.util.cache.DefaultLocalCacheStrategy] for Sessions by Hostname
2021.12.12 04:33:26 INFO  [main]: org.jivesoftware.util.cache.CacheFactory - Created cache [org.jivesoftware.util.cache.DefaultLocalCacheStrategy] for Validated Domains
2021.12.12 04:33:26 INFO  [main]: org.jivesoftware.util.cache.CacheFactory - Created cache [org.jivesoftware.util.cache.DefaultLocalCacheStrategy] for Client Session Info Cache
2021.12.12 04:33:26 INFO  [main]: org.jivesoftware.util.cache.CacheFactory - Created cache [org.jivesoftware.util.cache.DefaultLocalCacheStrategy] for Directed Presences
2021.12.12 04:33:26 INFO  [main]: org.jivesoftware.util.cache.CacheFactory - Created local-only cache [org.jivesoftware.util.cache.DefaultLocalCacheStrategy] for PEPServiceManager
2021.12.12 04:33:26 INFO  [main]: org.jivesoftware.util.cache.CacheFactory - Created cache [org.jivesoftware.util.cache.DefaultLocalCacheStrategy] for File Transfer
2021.12.12 04:33:26 INFO  [main]: org.jivesoftware.openfire.pubsub.PubSubPersistenceProviderManager - Loading PubSub persistence provider: class org.jivesoftware.openfire.pubsub.CachingPubsubPersistenceProvider.
2021.12.12 04:33:26 INFO  [main]: org.jivesoftware.util.cache.CacheFactory - Created cache [org.jivesoftware.util.cache.DefaultLocalCacheStrategy] for Published Items
2021.12.12 04:33:26 INFO  [main]: org.jivesoftware.openfire.pubsub.CachingPubsubPersistenceProvider - Loading PubSub persistence provider to delegate to: class org.jivesoftware.openfire.pubsub.DefaultPubSubPersistenceProvider.
2021.12.12 04:33:26 INFO  [main]: org.jivesoftware.util.cache.CacheFactory - Created cache [org.jivesoftware.util.cache.DefaultLocalCacheStrategy] for Default Node Configurations
2021.12.12 04:33:26 INFO  [main]: org.jivesoftware.util.cache.CacheFactory - Created cache [org.jivesoftware.util.cache.DefaultLocalCacheStrategy] for Disco Server Features
2021.12.12 04:33:26 INFO  [main]: org.jivesoftware.util.cache.CacheFactory - Created cache [org.jivesoftware.util.cache.DefaultLocalCacheStrategy] for Disco Server Items
2021.12.12 04:33:26 INFO  [main]: org.jivesoftware.util.cache.CacheFactory - Created cache [org.jivesoftware.util.cache.DefaultLocalCacheStrategy] for Components
2021.12.12 04:33:34 INFO  [main]: org.jivesoftware.util.cache.CacheFactory - Created local-only cache [org.jivesoftware.util.cache.DefaultLocalCacheStrategy] for Entity Capabilities
2021.12.12 04:33:34 INFO  [main]: org.jivesoftware.util.cache.CacheFactory - Created local-only cache [org.jivesoftware.util.cache.DefaultLocalCacheStrategy] for Entity Capabilities Users
2021.12.12 04:33:34 INFO  [main]: org.jivesoftware.util.cache.CacheFactory - Created cache [org.jivesoftware.util.cache.DefaultLocalCacheStrategy] for Group
2021.12.12 04:33:34 INFO  [main]: org.jivesoftware.util.cache.CacheFactory - Created cache [org.jivesoftware.util.cache.DefaultLocalCacheStrategy] for Group Metadata Cache
2021.12.12 04:33:34 INFO  [main]: org.jivesoftware.openfire.pubsub.PubSubModule - Publish-Subscribe domain: pubsub.192.168.137.223
2021.12.12 04:33:35 WARN  [main]: org.jivesoftware.util.LocaleUtils - Missing resource for key: system_property.xmpp.muc.vcard.enabled in locale en
2021.12.12 04:33:35 INFO  [main]: org.jivesoftware.openfire.muc.spi.MultiUserChatServiceImpl - Multi User Chat domain: conference.192.168.137.223
2021.12.12 04:33:36 INFO  [main]: org.jivesoftware.openfire.XMPPServer - Openfire 4.6.5 [Dec 12, 2021 4:33:36 AM]
2021.12.12 04:33:44 INFO  [main]: org.jivesoftware.openfire.XMPPServer - Accessing SystemProperty field org.jivesoftware.openfire.container.PluginServlet#ALLOW_LOCAL_FILE_READING
2021.12.12 04:33:44 INFO  [main]: org.jivesoftware.openfire.XMPPServer - Accessing SystemProperty field org.jivesoftware.openfire.group.GroupManager#GROUP_PROVIDER
2021.12.12 04:33:44 INFO  [main]: org.jivesoftware.openfire.XMPPServer - Accessing SystemProperty field org.jivesoftware.openfire.auth.AuthFactory#PASSWORD_KEY
2021.12.12 04:33:44 INFO  [main]: org.jivesoftware.openfire.XMPPServer - Accessing SystemProperty field org.jivesoftware.openfire.auth.AuthFactory#AUTH_PROVIDER
2021.12.12 04:33:44 INFO  [main]: org.jivesoftware.openfire.XMPPServer - Accessing SystemProperty field org.jivesoftware.openfire.roster.RosterManager#EXECUTOR_CORE_POOL_SIZE
2021.12.12 04:33:44 INFO  [main]: org.jivesoftware.openfire.XMPPServer - Accessing SystemProperty field org.jivesoftware.openfire.roster.RosterManager#EXECUTOR_MAX_POOL_SIZE
2021.12.12 04:33:44 INFO  [main]: org.jivesoftware.openfire.XMPPServer - Accessing SystemProperty field org.jivesoftware.openfire.roster.RosterManager#EXECUTOR_POOL_KEEP_ALIVE
2021.12.12 04:33:44 INFO  [main]: org.jivesoftware.openfire.XMPPServer - Accessing SystemProperty field org.jivesoftware.openfire.archive.ArchiveManager#EXECUTOR_CORE_POOL_SIZE
2021.12.12 04:33:44 INFO  [main]: org.jivesoftware.openfire.XMPPServer - Accessing SystemProperty field org.jivesoftware.openfire.archive.ArchiveManager#EXECUTOR_MAX_POOL_SIZE
2021.12.12 04:33:44 INFO  [main]: org.jivesoftware.openfire.XMPPServer - Accessing SystemProperty field org.jivesoftware.openfire.archive.ArchiveManager#EXECUTOR_POOL_KEEP_ALIVE
2021.12.12 04:33:44 INFO  [main]: org.jivesoftware.openfire.XMPPServer - Accessing SystemProperty field org.jivesoftware.openfire.session.SoftwareVersionManager#VERSION_QUERY_ENABLED
2021.12.12 04:33:44 INFO  [main]: org.jivesoftware.openfire.XMPPServer - Accessing SystemProperty field org.jivesoftware.openfire.session.SoftwareVersionManager#VERSION_QUERY_DELAY
2021.12.12 04:33:44 INFO  [main]: org.jivesoftware.openfire.XMPPServer - Accessing SystemProperty field org.jivesoftware.openfire.disco.IQDiscoInfoHandler#ENABLED
2021.12.12 04:33:44 INFO  [main]: org.jivesoftware.openfire.XMPPServer - Accessing SystemProperty field org.jivesoftware.openfire.pep.IQPEPHandler#EXECUTOR_CORE_POOL_SIZE
2021.12.12 04:33:44 INFO  [main]: org.jivesoftware.openfire.XMPPServer - Accessing SystemProperty field org.jivesoftware.openfire.pep.IQPEPHandler#EXECUTOR_MAX_POOL_SIZE
2021.12.12 04:33:44 INFO  [main]: org.jivesoftware.openfire.XMPPServer - Accessing SystemProperty field org.jivesoftware.openfire.pep.IQPEPHandler#EXECUTOR_POOL_KEEP_ALIVE
2021.12.12 04:33:44 INFO  [main]: org.jivesoftware.openfire.XMPPServer - Accessing SystemProperty field org.jivesoftware.openfire.lockout.LockOutManager#LOCKOUT_PROVIDER
2021.12.12 04:33:44 INFO  [main]: org.jivesoftware.openfire.XMPPServer - Accessing SystemProperty field org.jivesoftware.openfire.keystore.CertificateStoreWatcher#ENABLED
2021.12.12 04:33:44 INFO  [pool-3-thread-1]: org.jivesoftware.util.cache.CacheFactory - Created cache [org.jivesoftware.util.cache.DefaultLocalCacheStrategy] for DNS Records
2021.12.12 04:33:45 INFO  [main]: org.jivesoftware.openfire.XMPPServer - Accessing SystemProperty field org.jivesoftware.openfire.sasl.AnonymousSaslServer#ENABLED
2021.12.12 04:33:45 INFO  [main]: org.jivesoftware.openfire.XMPPServer - Accessing SystemProperty field org.jivesoftware.openfire.sasl.ScramSha1SaslServer#ITERATION_COUNT
2021.12.12 04:33:45 INFO  [main]: org.jivesoftware.openfire.XMPPServer - Accessing SystemProperty field org.jivesoftware.openfire.ldap.LdapManager#LDAP_PAGE_SIZE
2021.12.12 04:33:45 INFO  [main]: org.jivesoftware.util.cache.CacheFactory - Created cache [org.jivesoftware.util.cache.DefaultLocalCacheStrategy] for LDAP UserDN
2021.12.12 04:33:45 INFO  [main]: org.jivesoftware.openfire.XMPPServer - Accessing SystemProperty field org.jivesoftware.openfire.admin.GroupBasedAdminProvider#GROUP_NAME
2021.12.12 04:33:45 INFO  [main]: org.jivesoftware.openfire.XMPPServer - Accessing SystemProperty field org.jivesoftware.openfire.admin.DefaultAdminProvider#ADMIN_JIDS
2021.12.12 04:33:46 INFO  [pool-3-thread-1]: org.jivesoftware.openfire.spi.EncryptionArtifactFactory - Creating new SslContextFactory instance
2021.12.12 04:33:47 INFO  [main]: org.jivesoftware.openfire.XMPPServer - Accessing SystemProperty field org.jivesoftware.openfire.muc.spi.LocalMUCRoom#JOIN_PRESENCE_ENABLE
2021.12.12 04:33:47 INFO  [main]: org.jivesoftware.openfire.XMPPServer - Accessing SystemProperty field org.jivesoftware.openfire.muc.spi.LocalMUCRoom#SELF_PRESENCE_TIMEOUT
2021.12.12 04:33:47 INFO  [main]: org.jivesoftware.openfire.XMPPServer - Accessing SystemProperty field org.jivesoftware.openfire.muc.spi.FMUCHandler#FMUC_ENABLED
2021.12.12 04:33:47 INFO  [main]: org.jivesoftware.openfire.XMPPServer - Accessing SystemProperty field org.jivesoftware.openfire.muc.spi.IQMuclumbusSearchHandler#PROPERTY_ENABLED
2021.12.12 04:33:47 INFO  [main]: org.jivesoftware.openfire.XMPPServer - Accessing SystemProperty field org.jivesoftware.openfire.muc.spi.IQMUCvCardHandler#PROPERTY_ENABLED
2021.12.12 04:33:47 INFO  [main]: org.jivesoftware.openfire.XMPPServer - Accessing SystemProperty field org.jivesoftware.openfire.user.UserManager#USER_PROVIDER
2021.12.12 04:33:47 INFO  [main]: org.jivesoftware.openfire.XMPPServer - Accessing SystemProperty field org.jivesoftware.openfire.user.UserManager#REMOTE_DISCO_INFO_TIMEOUT
2021.12.12 04:33:47 INFO  [main]: org.jivesoftware.openfire.XMPPServer - Accessing SystemProperty field org.jivesoftware.openfire.user.UserManager#USER_PROPERTY_PROVIDER
2021.12.12 04:33:47 INFO  [main]: org.jivesoftware.openfire.XMPPServer - Accessing SystemProperty field org.jivesoftware.openfire.auth.HybridAuthProvider#PRIMARY_PROVIDER
2021.12.12 04:33:47 INFO  [main]: org.jivesoftware.openfire.XMPPServer - Accessing SystemProperty field org.jivesoftware.openfire.auth.HybridAuthProvider#SECONDARY_PROVIDER
2021.12.12 04:33:47 INFO  [main]: org.jivesoftware.openfire.XMPPServer - Accessing SystemProperty field org.jivesoftware.openfire.auth.HybridAuthProvider#TERTIARY_PROVIDER
2021.12.12 04:33:47 INFO  [main]: org.jivesoftware.openfire.XMPPServer - Accessing SystemProperty field org.jivesoftware.openfire.cluster.ClusterMonitor#ENABLED
2021.12.12 04:33:47 INFO  [main]: org.jivesoftware.openfire.XMPPServer - Accessing SystemProperty field org.jivesoftware.openfire.SessionManager#CONFLICT_LIMIT
2021.12.12 04:33:47 INFO  [main]: org.jivesoftware.openfire.XMPPServer - Accessing SystemProperty field org.jivesoftware.openfire.spi.LegacyConnectionAcceptor#STARTUP_RETRY_DELAY
2021.12.12 04:33:47 INFO  [main]: org.jivesoftware.openfire.XMPPServer - Accessing SystemProperty field org.jivesoftware.openfire.spi.EncryptionArtifactFactory#TRUST_MANAGER_CLASS
2021.12.12 04:33:47 INFO  [main]: org.jivesoftware.openfire.XMPPServer - Accessing SystemProperty field org.jivesoftware.openfire.spi.EncryptionArtifactFactory#SSLCONTEXT_PROTOCOL
2021.12.12 04:33:47 INFO  [main]: org.jivesoftware.openfire.XMPPServer - Accessing SystemProperty field org.jivesoftware.openfire.XMPPServerInfo#XMPP_DOMAIN
2021.12.12 04:33:47 INFO  [main]: org.jivesoftware.openfire.XMPPServer - Accessing SystemProperty field org.jivesoftware.openfire.OfflineMessageStore#OFFLINE_AUTOCLEAN_DAYSTOLIVE
2021.12.12 04:33:47 INFO  [main]: org.jivesoftware.openfire.XMPPServer - Accessing SystemProperty field org.jivesoftware.openfire.OfflineMessageStore#OFFLINE_AUTOCLEAN_CHECKINTERVAL
2021.12.12 04:33:47 INFO  [main]: org.jivesoftware.openfire.XMPPServer - Accessing SystemProperty field org.jivesoftware.openfire.OfflineMessageStore#OFFLINE_AUTOCLEAN_ENABLE
2021.12.12 04:33:47 INFO  [main]: org.jivesoftware.openfire.XMPPServer - Accessing SystemProperty field org.jivesoftware.openfire.pubsub.PubSubModule#PUBSUB_CREATE_ANYONE
2021.12.12 04:33:47 INFO  [main]: org.jivesoftware.openfire.XMPPServer - Accessing SystemProperty field org.jivesoftware.openfire.pubsub.PubSubModule#PUBSUB_ALLOWED_TO_CREATE
2021.12.12 04:33:47 INFO  [main]: org.jivesoftware.openfire.XMPPServer - Accessing SystemProperty field org.jivesoftware.openfire.pubsub.PubSubModule#PUBSUB_SYSADMINS
2021.12.12 04:33:47 INFO  [main]: org.jivesoftware.openfire.XMPPServer - Accessing SystemProperty field org.jivesoftware.openfire.pubsub.PubSubPersistenceProviderManager#PROVIDER
2021.12.12 04:33:47 INFO  [main]: org.jivesoftware.openfire.XMPPServer - Accessing SystemProperty field org.jivesoftware.openfire.pubsub.CachingPubsubPersistenceProvider#DELEGATE
2021.12.12 04:33:47 INFO  [main]: org.jivesoftware.openfire.XMPPServer - Accessing SystemProperty field org.jivesoftware.openfire.update.UpdateManager#ENABLED
2021.12.12 04:33:47 INFO  [main]: org.jivesoftware.openfire.XMPPServer - Accessing SystemProperty field org.jivesoftware.openfire.update.UpdateManager#NOTIFY_ADMINS
2021.12.12 04:33:47 INFO  [main]: org.jivesoftware.openfire.XMPPServer - Accessing SystemProperty field org.jivesoftware.openfire.update.UpdateManager#LAST_UPDATE_CHECK
2021.12.12 04:33:47 INFO  [main]: org.jivesoftware.openfire.XMPPServer - Accessing SystemProperty field org.jivesoftware.openfire.update.UpdateManager#UPDATE_FREQUENCY
2021.12.12 04:33:47 INFO  [main]: org.jivesoftware.openfire.XMPPServer - Accessing SystemProperty field org.jivesoftware.openfire.update.UpdateManager#PROXY_HOST
2021.12.12 04:33:47 INFO  [main]: org.jivesoftware.openfire.XMPPServer - Accessing SystemProperty field org.jivesoftware.openfire.update.UpdateManager#PROXY_PORT
2021.12.12 04:33:47 INFO  [main]: org.jivesoftware.openfire.XMPPServer - Accessing SystemProperty field org.jivesoftware.openfire.filetransfer.proxy.ProxyConnectionManager#EXECUTOR_CORE_POOL_SIZE
2021.12.12 04:33:47 INFO  [main]: org.jivesoftware.openfire.XMPPServer - Accessing SystemProperty field org.jivesoftware.openfire.filetransfer.proxy.ProxyConnectionManager#EXECUTOR_MAX_POOL_SIZE
2021.12.12 04:33:47 INFO  [main]: org.jivesoftware.openfire.XMPPServer - Accessing SystemProperty field org.jivesoftware.openfire.filetransfer.proxy.ProxyConnectionManager#EXECUTOR_POOL_KEEP_ALIVE
2021.12.12 04:33:47 INFO  [main]: org.jivesoftware.openfire.XMPPServer - Accessing SystemProperty field org.jivesoftware.openfire.vcard.VCardManager#VCARD_PROVIDER
2021.12.12 04:33:48 INFO  [main]: org.jivesoftware.openfire.XMPPServer - Accessing SystemProperty field org.jivesoftware.openfire.streammanagement.StreamManager#LOCATION_ENABLED
2021.12.12 04:33:48 INFO  [main]: org.jivesoftware.openfire.XMPPServer - Accessing SystemProperty field org.jivesoftware.openfire.streammanagement.StreamManager#MAX_SERVER_ENABLED
2021.12.12 04:33:48 INFO  [main]: org.jivesoftware.openfire.XMPPServer - Accessing SystemProperty field org.jivesoftware.openfire.streammanagement.StreamManager#ACTIVE
2021.12.12 04:33:48 INFO  [main]: org.jivesoftware.openfire.XMPPServer - Accessing SystemProperty field org.jivesoftware.openfire.net.StanzaHandler#PROPERTY_OVERWRITE_EMPTY_TO
2021.12.12 04:33:48 INFO  [main]: org.jivesoftware.openfire.XMPPServer - Accessing SystemProperty field org.jivesoftware.openfire.net.SASLAuthentication#SKIP_PEER_CERT_REVALIDATION_CLIENT
2021.12.12 04:33:48 INFO  [main]: org.jivesoftware.openfire.net.SASLAuthentication - Support added for the 'ANONYMOUS' SASL mechanism.
2021.12.12 04:33:48 INFO  [main]: org.jivesoftware.openfire.net.SASLAuthentication - Support added for the 'PLAIN' SASL mechanism.
2021.12.12 04:33:48 INFO  [main]: org.jivesoftware.openfire.net.SASLAuthentication - Support added for the 'DIGEST-MD5' SASL mechanism.
2021.12.12 04:33:48 INFO  [main]: org.jivesoftware.openfire.net.SASLAuthentication - Support added for the 'CRAM-MD5' SASL mechanism.
2021.12.12 04:33:48 INFO  [main]: org.jivesoftware.openfire.net.SASLAuthentication - Support added for the 'SCRAM-SHA-1' SASL mechanism.
2021.12.12 04:33:48 INFO  [main]: org.jivesoftware.openfire.net.SASLAuthentication - Support added for the 'JIVE-SHAREDSECRET' SASL mechanism.
2021.12.12 04:33:48 INFO  [main]: org.jivesoftware.openfire.net.SASLAuthentication - Support added for the 'GSSAPI' SASL mechanism.
2021.12.12 04:33:48 INFO  [main]: org.jivesoftware.openfire.net.SASLAuthentication - Support added for the 'EXTERNAL' SASL mechanism.
2021.12.12 04:33:48 INFO  [main]: org.jivesoftware.openfire.XMPPServer - Accessing SystemProperty field org.jivesoftware.openfire.sasl.ExternalClientSaslServer#PROPERTY_SASL_EXTERNAL_CLIENT_SUPPRESS_MATCHING_REALMNAME
2021.12.12 04:33:48 INFO  [main]: org.jivesoftware.openfire.XMPPServer - Accessing SystemProperty field org.jivesoftware.openfire.ldap.LdapVCardProvider#STORE_AVATAR_IN_DB
2021.12.12 04:33:48 INFO  [main]: org.jivesoftware.openfire.XMPPServer - Accessing SystemProperty field org.jivesoftware.openfire.security.SecurityAuditManager#AUDIT_PROVIDER
2021.12.12 04:33:48 INFO  [main]: org.jivesoftware.openfire.XMPPServer - Accessing SystemProperty field org.jivesoftware.openfire.admin.AdminManager#ADMIN_PROVIDER
2021.12.12 04:33:50 INFO  [main]: org.jivesoftware.openfire.XMPPServer - Accessing SystemProperty field org.jivesoftware.openfire.JMXManager#XMPP_JMX_ENABLED
2021.12.12 04:33:50 INFO  [main]: org.jivesoftware.openfire.XMPPServer - Accessing SystemProperty field org.jivesoftware.openfire.JMXManager#XMPP_JMX_SECURE
2021.12.12 04:33:50 INFO  [main]: org.jivesoftware.openfire.XMPPServer - Accessing SystemProperty field org.jivesoftware.openfire.JMXManager#XMPP_JMX_PORT
2021.12.12 04:33:57 INFO  [pool-3-thread-1]: org.jivesoftware.util.cache.CacheFactory - Created cache [org.jivesoftware.util.cache.DefaultLocalCacheStrategy] for Favicon Misses
2021.12.12 04:33:57 INFO  [pool-3-thread-1]: org.jivesoftware.util.cache.CacheFactory - Created cache [org.jivesoftware.util.cache.DefaultLocalCacheStrategy] for Favicon Hits
2021.12.12 04:33:58 INFO  [pool-3-thread-1]: org.jivesoftware.openfire.container.AdminConsolePlugin - Admin console listening at:
  http://192.168.137.223:9090
  https://192.168.137.223:9091
2021.12.12 04:33:58 INFO  [pool-3-thread-1]: org.jivesoftware.openfire.container.PluginManager - Successfully loaded plugin 'admin'.
2021.12.12 04:34:00 INFO  [pool-4-thread-2]: org.jivesoftware.openfire.container.PluginManager - Successfully loaded plugin 'search'.
2021.12.12 04:34:00 INFO  [pool-3-thread-1]: org.jivesoftware.openfire.container.PluginMonitor - Finished processing all plugins.
2021.12.12 04:34:00 INFO  [pool-3-thread-1]: org.jivesoftware.openfire.spi.ConnectionListener[socket_c2s] - Started.
2021.12.12 04:34:00 INFO  [pool-3-thread-1]: org.jivesoftware.openfire.spi.ConnectionListener[socket_c2s-legacyMode] - Started.
2021.12.12 04:34:00 WARN  [pool-3-thread-1]: org.jivesoftware.openfire.spi.LegacyConnectionAcceptor - Configuration allows for up to 16 threads, although implementation is limited to exactly one.
2021.12.12 04:34:00 INFO  [pool-3-thread-1]: org.jivesoftware.openfire.spi.ConnectionListener[socket_s2s] - Started.
2021.12.12 04:34:00 WARN  [pool-3-thread-1]: org.jivesoftware.openfire.spi.LegacyConnectionAcceptor - Configuration allows for up to 16 threads, although implementation is limited to exactly one.
2021.12.12 04:34:00 INFO  [pool-3-thread-1]: org.jivesoftware.openfire.spi.ConnectionListener[socket_s2s-legacyMode] - Started.
2021.12.12 04:34:00 INFO  [pool-3-thread-1]: org.jivesoftware.openfire.spi.ConnectionListener[component] - Started.
2021.12.12 04:34:00 INFO  [pool-3-thread-1]: org.jivesoftware.openfire.spi.ConnectionListener[component-legacyMode] - Started.
2021.12.12 04:34:01 INFO  [pool-3-thread-1]: org.jivesoftware.openfire.spi.ConnectionListener[connection_manager] - Started.
2021.12.12 04:34:01 INFO  [pool-3-thread-1]: org.jivesoftware.openfire.spi.ConnectionListener[connection_manager-legacyMode] - Started.
2021.12.12 04:34:01 INFO  [pool-3-thread-1]: org.jivesoftware.openfire.spi.EncryptionArtifactFactory - Creating new SslContextFactory instance
2021.12.12 04:34:01 INFO  [pool-3-thread-1]: org.jivesoftware.openfire.http.HttpSessionManager - Starting instance
2021.12.12 04:34:01 INFO  [pool-3-thread-1]: org.jivesoftware.openfire.http.HttpBindManager - HTTP bind service started
2021.12.12 04:45:05 INFO  [main]: org.jivesoftware.openfire.XMPPServer - Registering shutdown hook (standalone mode)
2021.12.12 04:45:06 INFO  [main]: org.jivesoftware.util.cache.CacheFactory - Created cache [org.jivesoftware.util.cache.DefaultLocalCacheStrategy] for Routing Servers Cache
2021.12.12 04:45:06 INFO  [main]: org.jivesoftware.util.cache.CacheFactory - Created cache [org.jivesoftware.util.cache.DefaultLocalCacheStrategy] for Routing Components Cache
2021.12.12 04:45:06 INFO  [main]: org.jivesoftware.util.cache.CacheFactory - Created cache [org.jivesoftware.util.cache.DefaultLocalCacheStrategy] for Routing Users Cache
2021.12.12 04:45:06 INFO  [main]: org.jivesoftware.util.cache.CacheFactory - Created cache [org.jivesoftware.util.cache.DefaultLocalCacheStrategy] for Routing AnonymousUsers Cache
2021.12.12 04:45:06 INFO  [main]: org.jivesoftware.util.cache.CacheFactory - Created cache [org.jivesoftware.util.cache.DefaultLocalCacheStrategy] for Routing User Sessions
2021.12.12 04:45:06 INFO  [main]: org.jivesoftware.util.cache.CacheFactory - Created cache [org.jivesoftware.util.cache.DefaultLocalCacheStrategy] for Roster
2021.12.12 04:45:06 INFO  [main]: org.jivesoftware.util.cache.CacheFactory - Created cache [org.jivesoftware.util.cache.DefaultLocalCacheStrategy] for RosterItems
2021.12.12 04:45:06 INFO  [main]: org.jivesoftware.util.cache.CacheFactory - Created cache [org.jivesoftware.util.cache.DefaultLocalCacheStrategy] for Routing Result Listeners
2021.12.12 04:45:06 INFO  [main]: org.jivesoftware.util.cache.CacheFactory - Created cache [org.jivesoftware.util.cache.DefaultLocalCacheStrategy] for Multicast Service
2021.12.12 04:45:06 INFO  [main]: org.jivesoftware.util.cache.CacheFactory - Created cache [org.jivesoftware.util.cache.DefaultLocalCacheStrategy] for Offline Message Size
2021.12.12 04:45:06 INFO  [main]: org.jivesoftware.util.cache.CacheFactory - Created cache [org.jivesoftware.util.cache.DefaultLocalCacheStrategy] for VCard
2021.12.12 04:45:07 INFO  [main]: org.jivesoftware.util.cache.CacheFactory - Created cache [org.jivesoftware.util.cache.DefaultLocalCacheStrategy] for Privacy Lists
2021.12.12 04:45:07 INFO  [main]: org.jivesoftware.util.cache.CacheFactory - Created cache [org.jivesoftware.util.cache.DefaultLocalCacheStrategy] for File Transfer Cache
2021.12.12 04:45:08 INFO  [main]: org.jivesoftware.util.cache.CacheFactory - Created cache [org.jivesoftware.util.cache.DefaultLocalCacheStrategy] for Offline Presence Cache
2021.12.12 04:45:08 INFO  [main]: org.jivesoftware.util.cache.CacheFactory - Created cache [org.jivesoftware.util.cache.DefaultLocalCacheStrategy] for Last Activity Cache
2021.12.12 04:45:08 INFO  [main]: org.jivesoftware.util.cache.CacheFactory - Created cache [org.jivesoftware.util.cache.DefaultLocalCacheStrategy] for User
2021.12.12 04:45:08 INFO  [main]: org.jivesoftware.util.cache.CacheFactory - Created cache [org.jivesoftware.util.cache.DefaultLocalCacheStrategy] for Remote Users Existence
2021.12.12 04:45:08 INFO  [main]: org.jivesoftware.util.cache.CacheFactory - Created cache [org.jivesoftware.util.cache.DefaultLocalCacheStrategy] for Components Sessions
2021.12.12 04:45:08 INFO  [main]: org.jivesoftware.util.cache.CacheFactory - Created cache [org.jivesoftware.util.cache.DefaultLocalCacheStrategy] for Connection Managers Sessions
2021.12.12 04:45:08 INFO  [main]: org.jivesoftware.util.cache.CacheFactory - Created cache [org.jivesoftware.util.cache.DefaultLocalCacheStrategy] for Incoming Server Sessions
2021.12.12 04:45:08 INFO  [main]: org.jivesoftware.util.cache.CacheFactory - Created cache [org.jivesoftware.util.cache.DefaultLocalCacheStrategy] for Sessions by Hostname
2021.12.12 04:45:08 INFO  [main]: org.jivesoftware.util.cache.CacheFactory - Created cache [org.jivesoftware.util.cache.DefaultLocalCacheStrategy] for Validated Domains
2021.12.12 04:45:08 INFO  [main]: org.jivesoftware.util.cache.CacheFactory - Created cache [org.jivesoftware.util.cache.DefaultLocalCacheStrategy] for Client Session Info Cache
2021.12.12 04:45:08 INFO  [main]: org.jivesoftware.util.cache.CacheFactory - Created cache [org.jivesoftware.util.cache.DefaultLocalCacheStrategy] for Directed Presences
2021.12.12 04:45:08 INFO  [main]: org.jivesoftware.util.cache.CacheFactory - Created local-only cache [org.jivesoftware.util.cache.DefaultLocalCacheStrategy] for PEPServiceManager
2021.12.12 04:45:08 INFO  [main]: org.jivesoftware.util.cache.CacheFactory - Created cache [org.jivesoftware.util.cache.DefaultLocalCacheStrategy] for File Transfer
2021.12.12 04:45:08 INFO  [main]: org.jivesoftware.openfire.pubsub.PubSubPersistenceProviderManager - Loading PubSub persistence provider: class org.jivesoftware.openfire.pubsub.CachingPubsubPersistenceProvider.
2021.12.12 04:45:08 INFO  [main]: org.jivesoftware.util.cache.CacheFactory - Created cache [org.jivesoftware.util.cache.DefaultLocalCacheStrategy] for Published Items
2021.12.12 04:45:08 INFO  [main]: org.jivesoftware.openfire.pubsub.CachingPubsubPersistenceProvider - Loading PubSub persistence provider to delegate to: class org.jivesoftware.openfire.pubsub.DefaultPubSubPersistenceProvider.
2021.12.12 04:45:08 INFO  [main]: org.jivesoftware.util.cache.CacheFactory - Created cache [org.jivesoftware.util.cache.DefaultLocalCacheStrategy] for Default Node Configurations
2021.12.12 04:45:08 INFO  [main]: org.jivesoftware.util.cache.CacheFactory - Created cache [org.jivesoftware.util.cache.DefaultLocalCacheStrategy] for Disco Server Features
2021.12.12 04:45:08 INFO  [main]: org.jivesoftware.util.cache.CacheFactory - Created cache [org.jivesoftware.util.cache.DefaultLocalCacheStrategy] for Disco Server Items
2021.12.12 04:45:08 INFO  [main]: org.jivesoftware.util.cache.CacheFactory - Created cache [org.jivesoftware.util.cache.DefaultLocalCacheStrategy] for Components
2021.12.12 04:45:09 INFO  [main]: org.jivesoftware.util.cache.CacheFactory - Created local-only cache [org.jivesoftware.util.cache.DefaultLocalCacheStrategy] for Entity Capabilities
2021.12.12 04:45:09 INFO  [main]: org.jivesoftware.util.cache.CacheFactory - Created local-only cache [org.jivesoftware.util.cache.DefaultLocalCacheStrategy] for Entity Capabilities Users
2021.12.12 04:45:09 INFO  [main]: org.jivesoftware.util.cache.CacheFactory - Created cache [org.jivesoftware.util.cache.DefaultLocalCacheStrategy] for Group
2021.12.12 04:45:09 INFO  [main]: org.jivesoftware.util.cache.CacheFactory - Created cache [org.jivesoftware.util.cache.DefaultLocalCacheStrategy] for Group Metadata Cache
2021.12.12 04:45:09 INFO  [main]: org.jivesoftware.openfire.pubsub.PubSubModule - Publish-Subscribe domain: pubsub.192.168.137.223
2021.12.12 04:45:10 WARN  [main]: org.jivesoftware.util.LocaleUtils - Missing resource for key: system_property.xmpp.muc.vcard.enabled in locale en
2021.12.12 04:45:10 INFO  [main]: org.jivesoftware.openfire.muc.spi.MultiUserChatServiceImpl - Multi User Chat domain: conference.192.168.137.223
2021.12.12 04:45:10 INFO  [main]: org.jivesoftware.openfire.XMPPServer - Openfire 4.6.5 [Dec 12, 2021 4:45:10 AM]
2021.12.12 04:45:12 INFO  [pool-3-thread-1]: org.jivesoftware.util.cache.CacheFactory - Created cache [org.jivesoftware.util.cache.DefaultLocalCacheStrategy] for DNS Records
2021.12.12 04:45:13 INFO  [main]: org.jivesoftware.openfire.XMPPServer - Accessing SystemProperty field org.jivesoftware.openfire.container.PluginServlet#ALLOW_LOCAL_FILE_READING
2021.12.12 04:45:13 INFO  [main]: org.jivesoftware.openfire.XMPPServer - Accessing SystemProperty field org.jivesoftware.openfire.group.GroupManager#GROUP_PROVIDER
2021.12.12 04:45:13 INFO  [main]: org.jivesoftware.openfire.XMPPServer - Accessing SystemProperty field org.jivesoftware.openfire.auth.AuthFactory#PASSWORD_KEY
2021.12.12 04:45:13 INFO  [main]: org.jivesoftware.openfire.XMPPServer - Accessing SystemProperty field org.jivesoftware.openfire.auth.AuthFactory#AUTH_PROVIDER
2021.12.12 04:45:13 INFO  [main]: org.jivesoftware.openfire.XMPPServer - Accessing SystemProperty field org.jivesoftware.openfire.roster.RosterManager#EXECUTOR_CORE_POOL_SIZE
2021.12.12 04:45:13 INFO  [main]: org.jivesoftware.openfire.XMPPServer - Accessing SystemProperty field org.jivesoftware.openfire.roster.RosterManager#EXECUTOR_MAX_POOL_SIZE
2021.12.12 04:45:13 INFO  [main]: org.jivesoftware.openfire.XMPPServer - Accessing SystemProperty field org.jivesoftware.openfire.roster.RosterManager#EXECUTOR_POOL_KEEP_ALIVE
2021.12.12 04:45:13 INFO  [main]: org.jivesoftware.openfire.XMPPServer - Accessing SystemProperty field org.jivesoftware.openfire.archive.ArchiveManager#EXECUTOR_CORE_POOL_SIZE
2021.12.12 04:45:13 INFO  [main]: org.jivesoftware.openfire.XMPPServer - Accessing SystemProperty field org.jivesoftware.openfire.archive.ArchiveManager#EXECUTOR_MAX_POOL_SIZE
2021.12.12 04:45:13 INFO  [main]: org.jivesoftware.openfire.XMPPServer - Accessing SystemProperty field org.jivesoftware.openfire.archive.ArchiveManager#EXECUTOR_POOL_KEEP_ALIVE
2021.12.12 04:45:13 INFO  [main]: org.jivesoftware.openfire.XMPPServer - Accessing SystemProperty field org.jivesoftware.openfire.session.SoftwareVersionManager#VERSION_QUERY_ENABLED
2021.12.12 04:45:13 INFO  [main]: org.jivesoftware.openfire.XMPPServer - Accessing SystemProperty field org.jivesoftware.openfire.session.SoftwareVersionManager#VERSION_QUERY_DELAY
2021.12.12 04:45:13 INFO  [main]: org.jivesoftware.openfire.XMPPServer - Accessing SystemProperty field org.jivesoftware.openfire.disco.IQDiscoInfoHandler#ENABLED
2021.12.12 04:45:13 INFO  [main]: org.jivesoftware.openfire.XMPPServer - Accessing SystemProperty field org.jivesoftware.openfire.pep.IQPEPHandler#EXECUTOR_CORE_POOL_SIZE
2021.12.12 04:45:13 INFO  [main]: org.jivesoftware.openfire.XMPPServer - Accessing SystemProperty field org.jivesoftware.openfire.pep.IQPEPHandler#EXECUTOR_MAX_POOL_SIZE
2021.12.12 04:45:13 INFO  [main]: org.jivesoftware.openfire.XMPPServer - Accessing SystemProperty field org.jivesoftware.openfire.pep.IQPEPHandler#EXECUTOR_POOL_KEEP_ALIVE
2021.12.12 04:45:13 INFO  [main]: org.jivesoftware.openfire.XMPPServer - Accessing SystemProperty field org.jivesoftware.openfire.lockout.LockOutManager#LOCKOUT_PROVIDER
2021.12.12 04:45:13 INFO  [main]: org.jivesoftware.openfire.XMPPServer - Accessing SystemProperty field org.jivesoftware.openfire.keystore.CertificateStoreWatcher#ENABLED
2021.12.12 04:45:14 INFO  [main]: org.jivesoftware.openfire.XMPPServer - Accessing SystemProperty field org.jivesoftware.openfire.sasl.AnonymousSaslServer#ENABLED
2021.12.12 04:45:14 INFO  [main]: org.jivesoftware.openfire.XMPPServer - Accessing SystemProperty field org.jivesoftware.openfire.sasl.ScramSha1SaslServer#ITERATION_COUNT
2021.12.12 04:45:14 INFO  [main]: org.jivesoftware.openfire.XMPPServer - Accessing SystemProperty field org.jivesoftware.openfire.ldap.LdapManager#LDAP_PAGE_SIZE
2021.12.12 04:45:14 INFO  [main]: org.jivesoftware.util.cache.CacheFactory - Created cache [org.jivesoftware.util.cache.DefaultLocalCacheStrategy] for LDAP UserDN
2021.12.12 04:45:14 INFO  [main]: org.jivesoftware.openfire.XMPPServer - Accessing SystemProperty field org.jivesoftware.openfire.admin.GroupBasedAdminProvider#GROUP_NAME
2021.12.12 04:45:14 INFO  [main]: org.jivesoftware.openfire.XMPPServer - Accessing SystemProperty field org.jivesoftware.openfire.admin.DefaultAdminProvider#ADMIN_JIDS
2021.12.12 04:45:15 INFO  [pool-3-thread-1]: org.jivesoftware.openfire.spi.EncryptionArtifactFactory - Creating new SslContextFactory instance
2021.12.12 04:45:15 INFO  [main]: org.jivesoftware.openfire.XMPPServer - Accessing SystemProperty field org.jivesoftware.openfire.muc.spi.LocalMUCRoom#JOIN_PRESENCE_ENABLE
2021.12.12 04:45:15 INFO  [main]: org.jivesoftware.openfire.XMPPServer - Accessing SystemProperty field org.jivesoftware.openfire.muc.spi.LocalMUCRoom#SELF_PRESENCE_TIMEOUT
2021.12.12 04:45:15 INFO  [main]: org.jivesoftware.openfire.XMPPServer - Accessing SystemProperty field org.jivesoftware.openfire.muc.spi.FMUCHandler#FMUC_ENABLED
2021.12.12 04:45:15 INFO  [main]: org.jivesoftware.openfire.XMPPServer - Accessing SystemProperty field org.jivesoftware.openfire.muc.spi.IQMuclumbusSearchHandler#PROPERTY_ENABLED
2021.12.12 04:45:15 INFO  [main]: org.jivesoftware.openfire.XMPPServer - Accessing SystemProperty field org.jivesoftware.openfire.muc.spi.IQMUCvCardHandler#PROPERTY_ENABLED
2021.12.12 04:45:15 INFO  [main]: org.jivesoftware.openfire.XMPPServer - Accessing SystemProperty field org.jivesoftware.openfire.user.UserManager#USER_PROVIDER
2021.12.12 04:45:15 INFO  [main]: org.jivesoftware.openfire.XMPPServer - Accessing SystemProperty field org.jivesoftware.openfire.user.UserManager#REMOTE_DISCO_INFO_TIMEOUT
2021.12.12 04:45:15 INFO  [main]: org.jivesoftware.openfire.XMPPServer - Accessing SystemProperty field org.jivesoftware.openfire.user.UserManager#USER_PROPERTY_PROVIDER
2021.12.12 04:45:15 INFO  [main]: org.jivesoftware.openfire.XMPPServer - Accessing SystemProperty field org.jivesoftware.openfire.auth.HybridAuthProvider#PRIMARY_PROVIDER
2021.12.12 04:45:15 INFO  [main]: org.jivesoftware.openfire.XMPPServer - Accessing SystemProperty field org.jivesoftware.openfire.auth.HybridAuthProvider#SECONDARY_PROVIDER
2021.12.12 04:45:15 INFO  [main]: org.jivesoftware.openfire.XMPPServer - Accessing SystemProperty field org.jivesoftware.openfire.auth.HybridAuthProvider#TERTIARY_PROVIDER
2021.12.12 04:45:15 INFO  [main]: org.jivesoftware.openfire.XMPPServer - Accessing SystemProperty field org.jivesoftware.openfire.cluster.ClusterMonitor#ENABLED
2021.12.12 04:45:15 INFO  [main]: org.jivesoftware.openfire.XMPPServer - Accessing SystemProperty field org.jivesoftware.openfire.SessionManager#CONFLICT_LIMIT
2021.12.12 04:45:15 INFO  [main]: org.jivesoftware.openfire.XMPPServer - Accessing SystemProperty field org.jivesoftware.openfire.spi.LegacyConnectionAcceptor#STARTUP_RETRY_DELAY
2021.12.12 04:45:15 INFO  [main]: org.jivesoftware.openfire.XMPPServer - Accessing SystemProperty field org.jivesoftware.openfire.spi.EncryptionArtifactFactory#TRUST_MANAGER_CLASS
2021.12.12 04:45:15 INFO  [main]: org.jivesoftware.openfire.XMPPServer - Accessing SystemProperty field org.jivesoftware.openfire.spi.EncryptionArtifactFactory#SSLCONTEXT_PROTOCOL
2021.12.12 04:45:15 INFO  [main]: org.jivesoftware.openfire.XMPPServer - Accessing SystemProperty field org.jivesoftware.openfire.XMPPServerInfo#XMPP_DOMAIN
2021.12.12 04:45:15 INFO  [main]: org.jivesoftware.openfire.XMPPServer - Accessing SystemProperty field org.jivesoftware.openfire.OfflineMessageStore#OFFLINE_AUTOCLEAN_DAYSTOLIVE
2021.12.12 04:45:15 INFO  [main]: org.jivesoftware.openfire.XMPPServer - Accessing SystemProperty field org.jivesoftware.openfire.OfflineMessageStore#OFFLINE_AUTOCLEAN_CHECKINTERVAL
2021.12.12 04:45:15 INFO  [main]: org.jivesoftware.openfire.XMPPServer - Accessing SystemProperty field org.jivesoftware.openfire.OfflineMessageStore#OFFLINE_AUTOCLEAN_ENABLE
2021.12.12 04:45:15 INFO  [main]: org.jivesoftware.openfire.XMPPServer - Accessing SystemProperty field org.jivesoftware.openfire.pubsub.PubSubModule#PUBSUB_CREATE_ANYONE
2021.12.12 04:45:15 INFO  [main]: org.jivesoftware.openfire.XMPPServer - Accessing SystemProperty field org.jivesoftware.openfire.pubsub.PubSubModule#PUBSUB_ALLOWED_TO_CREATE
2021.12.12 04:45:15 INFO  [main]: org.jivesoftware.openfire.XMPPServer - Accessing SystemProperty field org.jivesoftware.openfire.pubsub.PubSubModule#PUBSUB_SYSADMINS
2021.12.12 04:45:15 INFO  [main]: org.jivesoftware.openfire.XMPPServer - Accessing SystemProperty field org.jivesoftware.openfire.pubsub.PubSubPersistenceProviderManager#PROVIDER
2021.12.12 04:45:15 INFO  [main]: org.jivesoftware.openfire.XMPPServer - Accessing SystemProperty field org.jivesoftware.openfire.pubsub.CachingPubsubPersistenceProvider#DELEGATE
2021.12.12 04:45:15 INFO  [main]: org.jivesoftware.openfire.XMPPServer - Accessing SystemProperty field org.jivesoftware.openfire.update.UpdateManager#ENABLED
2021.12.12 04:45:15 INFO  [main]: org.jivesoftware.openfire.XMPPServer - Accessing SystemProperty field org.jivesoftware.openfire.update.UpdateManager#NOTIFY_ADMINS
2021.12.12 04:45:15 INFO  [main]: org.jivesoftware.openfire.XMPPServer - Accessing SystemProperty field org.jivesoftware.openfire.update.UpdateManager#LAST_UPDATE_CHECK
2021.12.12 04:45:15 INFO  [main]: org.jivesoftware.openfire.XMPPServer - Accessing SystemProperty field org.jivesoftware.openfire.update.UpdateManager#UPDATE_FREQUENCY
2021.12.12 04:45:15 INFO  [main]: org.jivesoftware.openfire.XMPPServer - Accessing SystemProperty field org.jivesoftware.openfire.update.UpdateManager#PROXY_HOST
2021.12.12 04:45:15 INFO  [main]: org.jivesoftware.openfire.XMPPServer - Accessing SystemProperty field org.jivesoftware.openfire.update.UpdateManager#PROXY_PORT
2021.12.12 04:45:15 INFO  [main]: org.jivesoftware.openfire.XMPPServer - Accessing SystemProperty field org.jivesoftware.openfire.filetransfer.proxy.ProxyConnectionManager#EXECUTOR_CORE_POOL_SIZE
2021.12.12 04:45:15 INFO  [main]: org.jivesoftware.openfire.XMPPServer - Accessing SystemProperty field org.jivesoftware.openfire.filetransfer.proxy.ProxyConnectionManager#EXECUTOR_MAX_POOL_SIZE
2021.12.12 04:45:15 INFO  [main]: org.jivesoftware.openfire.XMPPServer - Accessing SystemProperty field org.jivesoftware.openfire.filetransfer.proxy.ProxyConnectionManager#EXECUTOR_POOL_KEEP_ALIVE
2021.12.12 04:45:15 INFO  [main]: org.jivesoftware.openfire.XMPPServer - Accessing SystemProperty field org.jivesoftware.openfire.vcard.VCardManager#VCARD_PROVIDER
2021.12.12 04:45:16 INFO  [main]: org.jivesoftware.openfire.XMPPServer - Accessing SystemProperty field org.jivesoftware.openfire.streammanagement.StreamManager#LOCATION_ENABLED
2021.12.12 04:45:16 INFO  [main]: org.jivesoftware.openfire.XMPPServer - Accessing SystemProperty field org.jivesoftware.openfire.streammanagement.StreamManager#MAX_SERVER_ENABLED
2021.12.12 04:45:16 INFO  [main]: org.jivesoftware.openfire.XMPPServer - Accessing SystemProperty field org.jivesoftware.openfire.streammanagement.StreamManager#ACTIVE
2021.12.12 04:45:16 INFO  [main]: org.jivesoftware.openfire.XMPPServer - Accessing SystemProperty field org.jivesoftware.openfire.net.StanzaHandler#PROPERTY_OVERWRITE_EMPTY_TO
2021.12.12 04:45:16 INFO  [main]: org.jivesoftware.openfire.XMPPServer - Accessing SystemProperty field org.jivesoftware.openfire.net.SASLAuthentication#SKIP_PEER_CERT_REVALIDATION_CLIENT
2021.12.12 04:45:16 INFO  [main]: org.jivesoftware.openfire.net.SASLAuthentication - Support added for the 'ANONYMOUS' SASL mechanism.
2021.12.12 04:45:16 INFO  [main]: org.jivesoftware.openfire.net.SASLAuthentication - Support added for the 'PLAIN' SASL mechanism.
2021.12.12 04:45:16 INFO  [main]: org.jivesoftware.openfire.net.SASLAuthentication - Support added for the 'DIGEST-MD5' SASL mechanism.
2021.12.12 04:45:16 INFO  [main]: org.jivesoftware.openfire.net.SASLAuthentication - Support added for the 'CRAM-MD5' SASL mechanism.
2021.12.12 04:45:16 INFO  [main]: org.jivesoftware.openfire.net.SASLAuthentication - Support added for the 'SCRAM-SHA-1' SASL mechanism.
2021.12.12 04:45:16 INFO  [main]: org.jivesoftware.openfire.net.SASLAuthentication - Support added for the 'JIVE-SHAREDSECRET' SASL mechanism.
2021.12.12 04:45:16 INFO  [main]: org.jivesoftware.openfire.net.SASLAuthentication - Support added for the 'GSSAPI' SASL mechanism.
2021.12.12 04:45:16 INFO  [main]: org.jivesoftware.openfire.net.SASLAuthentication - Support added for the 'EXTERNAL' SASL mechanism.
2021.12.12 04:45:16 INFO  [main]: org.jivesoftware.openfire.XMPPServer - Accessing SystemProperty field org.jivesoftware.openfire.sasl.ExternalClientSaslServer#PROPERTY_SASL_EXTERNAL_CLIENT_SUPPRESS_MATCHING_REALMNAME
2021.12.12 04:45:16 INFO  [main]: org.jivesoftware.openfire.XMPPServer - Accessing SystemProperty field org.jivesoftware.openfire.ldap.LdapVCardProvider#STORE_AVATAR_IN_DB
2021.12.12 04:45:16 INFO  [main]: org.jivesoftware.openfire.XMPPServer - Accessing SystemProperty field org.jivesoftware.openfire.security.SecurityAuditManager#AUDIT_PROVIDER
2021.12.12 04:45:16 INFO  [main]: org.jivesoftware.openfire.XMPPServer - Accessing SystemProperty field org.jivesoftware.openfire.admin.AdminManager#ADMIN_PROVIDER
2021.12.12 04:45:16 INFO  [main]: org.jivesoftware.openfire.XMPPServer - Accessing SystemProperty field org.jivesoftware.openfire.JMXManager#XMPP_JMX_ENABLED
2021.12.12 04:45:16 INFO  [main]: org.jivesoftware.openfire.XMPPServer - Accessing SystemProperty field org.jivesoftware.openfire.JMXManager#XMPP_JMX_SECURE
2021.12.12 04:45:16 INFO  [main]: org.jivesoftware.openfire.XMPPServer - Accessing SystemProperty field org.jivesoftware.openfire.JMXManager#XMPP_JMX_PORT
2021.12.12 04:45:19 INFO  [pool-3-thread-1]: org.jivesoftware.util.cache.CacheFactory - Created cache [org.jivesoftware.util.cache.DefaultLocalCacheStrategy] for Favicon Misses
2021.12.12 04:45:19 INFO  [pool-3-thread-1]: org.jivesoftware.util.cache.CacheFactory - Created cache [org.jivesoftware.util.cache.DefaultLocalCacheStrategy] for Favicon Hits
2021.12.12 04:45:19 INFO  [pool-3-thread-1]: org.jivesoftware.openfire.container.AdminConsolePlugin - Admin console listening at:
  http://192.168.137.223:9090
  https://192.168.137.223:9091
2021.12.12 04:45:19 INFO  [pool-3-thread-1]: org.jivesoftware.openfire.container.PluginManager - Successfully loaded plugin 'admin'.
2021.12.12 04:45:20 INFO  [pool-4-thread-2]: org.jivesoftware.openfire.container.PluginManager - Successfully loaded plugin 'search'.
2021.12.12 04:45:20 INFO  [pool-3-thread-1]: org.jivesoftware.openfire.container.PluginMonitor - Finished processing all plugins.
2021.12.12 04:45:20 INFO  [pool-3-thread-1]: org.jivesoftware.openfire.spi.ConnectionListener[socket_c2s] - Started.
2021.12.12 04:45:20 INFO  [pool-3-thread-1]: org.jivesoftware.openfire.spi.ConnectionListener[socket_c2s-legacyMode] - Started.
2021.12.12 04:45:20 WARN  [pool-3-thread-1]: org.jivesoftware.openfire.spi.LegacyConnectionAcceptor - Configuration allows for up to 16 threads, although implementation is limited to exactly one.
2021.12.12 04:45:20 INFO  [pool-3-thread-1]: org.jivesoftware.openfire.spi.ConnectionListener[socket_s2s] - Started.
2021.12.12 04:45:20 WARN  [pool-3-thread-1]: org.jivesoftware.openfire.spi.LegacyConnectionAcceptor - Configuration allows for up to 16 threads, although implementation is limited to exactly one.
2021.12.12 04:45:20 INFO  [pool-3-thread-1]: org.jivesoftware.openfire.spi.ConnectionListener[socket_s2s-legacyMode] - Started.
2021.12.12 04:45:20 INFO  [pool-3-thread-1]: org.jivesoftware.openfire.spi.ConnectionListener[component] - Started.
2021.12.12 04:45:20 INFO  [pool-3-thread-1]: org.jivesoftware.openfire.spi.ConnectionListener[component-legacyMode] - Started.
2021.12.12 04:45:20 INFO  [pool-3-thread-1]: org.jivesoftware.openfire.spi.ConnectionListener[connection_manager] - Started.
2021.12.12 04:45:20 INFO  [pool-3-thread-1]: org.jivesoftware.openfire.spi.ConnectionListener[connection_manager-legacyMode] - Started.
2021.12.12 04:45:20 INFO  [pool-3-thread-1]: org.jivesoftware.openfire.spi.EncryptionArtifactFactory - Creating new SslContextFactory instance
2021.12.12 04:45:20 INFO  [pool-3-thread-1]: org.jivesoftware.openfire.http.HttpSessionManager - Starting instance
2021.12.12 04:45:20 INFO  [pool-3-thread-1]: org.jivesoftware.openfire.http.HttpBindManager - HTTP bind service started
2021.12.12 05:36:05 INFO  [socket_c2s-thread-2]: org.jivesoftware.util.cache.CacheFactory - Created cache [org.jivesoftware.util.cache.DefaultLocalCacheStrategy] for Locked Out Accounts
