12/11/21 00:00:55 Xvnc version TightVNC-1.3.10
12/11/21 00:00:55 Copyright (C) 2000-2009 TightVNC Group
12/11/21 00:00:55 Copyright (C) 1999 AT&T Laboratories Cambridge
12/11/21 00:00:55 All Rights Reserved.
12/11/21 00:00:55 See http://www.tightvnc.com/ for information on TightVNC
12/11/21 00:00:55 Desktop name 'X' (freebsd:1)
12/11/21 00:00:55 Protocol versions supported: 3.3, 3.7, 3.8, 3.7t, 3.8t
12/11/21 00:00:55 Listening for VNC connections on TCP port 5901
12/11/21 00:00:55 Listening for HTTP connections on TCP port 5801
12/11/21 00:00:55   URL http://freebsd:5801
xrdb: No such file or directory
xrdb: can't open file '/home/nik/.Xresources'
/usr/local/bin/startxfce4: X server already running on display :1
xfce4-session: No GPG agent found
xfce4-session-Message: 00:00:56.108: SSH authentication agent is already running

(xfwm4:1639): xfwm4-WARNING **: 00:00:56.181: XSync extension too old (3.0).

(xfwm4:1639): xfwm4-WARNING **: 00:00:56.181: The display does not support the XRender extension.

(xfwm4:1639): xfwm4-WARNING **: 00:00:56.181: The display does not support the XRandr extension.

(xfwm4:1639): xfwm4-WARNING **: 00:00:56.181: The display does not support the XRes extension.

(xfwm4:1639): xfwm4-WARNING **: 00:00:56.181: The display does not support the XComposite extension.

(xfwm4:1639): xfwm4-WARNING **: 00:00:56.181: The display does not support the XDamage extension.

(xfwm4:1639): xfwm4-WARNING **: 00:00:56.181: The display does not support the XFixes extension.

(xfwm4:1639): xfwm4-WARNING **: 00:00:56.182: The display does not support the XPresent extension.

(xfwm4:1639): xfwm4-WARNING **: 00:00:56.182: Compositing manager disabled.
xfwm4-Message: 00:00:56.211: Unsupported keyboard modifier '<Super>Tab'
xfwm4-Message: 00:00:56.211: Unsupported keyboard modifier '<Super>KP_Up'
xfwm4-Message: 00:00:56.211: Unsupported keyboard modifier '<Super>KP_Left'
xfwm4-Message: 00:00:56.211: Unsupported keyboard modifier '<Super>KP_Right'
xfwm4-Message: 00:00:56.211: Unsupported keyboard modifier '<Super>KP_Down'
xfwm4-Message: 00:00:56.211: Unsupported keyboard modifier '<Super>KP_End'
xfwm4-Message: 00:00:56.211: Unsupported keyboard modifier '<Super>KP_Next'
xfwm4-Message: 00:00:56.211: Unsupported keyboard modifier '<Super>KP_Home'
xfwm4-Message: 00:00:56.211: Unsupported keyboard modifier '<Super>KP_Page_Up'

(xfwm4:1639): xfwm4-WARNING **: 00:00:56.218: Cannot find visual format on screen 0

(xfwm4:1639): GLib-CRITICAL **: 00:00:56.219: g_hash_table_destroy: assertion 'hash_table != NULL' failed

(xfsettingsd:1642): xfsettingsd-CRITICAL **: 00:00:56.252: No RANDR extension found in display :1. Display settings won't be applied.
Xlib:  extension "XInputExtension" missing on display ":1".

(xfsettingsd:1642): xfsettingsd-CRITICAL **: 00:00:56.252: XI is not present.

(xfsettingsd:1642): xfsettingsd-CRITICAL **: 00:00:56.252: Failed to initialize the Xkb extension.

(xfsettingsd:1642): xfsettingsd-CRITICAL **: 00:00:56.253: Failed to initialize the Accessibility extension.
xfwm4-Message: 00:00:56.273: Unsupported keyboard modifier '<Super>Tab'
xfwm4-Message: 00:00:56.274: Unsupported keyboard modifier '<Super>KP_Up'
xfwm4-Message: 00:00:56.274: Unsupported keyboard modifier '<Super>KP_Left'
xfwm4-Message: 00:00:56.274: Unsupported keyboard modifier '<Super>KP_Right'
xfwm4-Message: 00:00:56.274: Unsupported keyboard modifier '<Super>KP_Down'
xfwm4-Message: 00:00:56.274: Unsupported keyboard modifier '<Super>KP_End'
xfwm4-Message: 00:00:56.274: Unsupported keyboard modifier '<Super>KP_Next'
xfwm4-Message: 00:00:56.274: Unsupported keyboard modifier '<Super>KP_Home'
xfwm4-Message: 00:00:56.274: Unsupported keyboard modifier '<Super>KP_Page_Up'
Failure: Module initialization failed

** (xfce4-power-manager:1654): WARNING **: 00:00:56.537: Failed to get name owner: GDBus.Error:org.freedesktop.DBus.Error.NameHasNoOwner: Could not get owner of name 'org.freedesktop.PowerManagement': no such name


** (xfce4-power-manager:1654): WARNING **: 00:00:56.538: Failed to get name owner: GDBus.Error:org.freedesktop.DBus.Error.NameHasNoOwner: Could not get owner of name 'org.xfce.PowerManager': no such name

Xlib:  extension "DPMS" missing on display ":1.0".

(xfce4-power-manager:1654): xfce4-power-manager-WARNING **: 00:00:56.545: Monitor is not DPMS capable

(xfce4-power-manager:1654): libnotify-WARNING **: 00:00:56.588: Failed to connect to proxy

(xfce4-power-manager:1654): GLib-GObject-WARNING **: 00:00:56.661: ../gobject/gsignal.c:2614: signal 'Changed' is invalid for instance '0x802761880' of type 'GDBusProxy'

(xfce4-power-manager:1654): xfce4-power-manager-WARNING **: 00:00:56.692: could not map keysym 1008ff2a to keycode


(xfce4-power-manager:1654): xfce4-power-manager-WARNING **: 00:00:56.692: could not map keysym 1008ffa8 to keycode


(xfce4-power-manager:1654): xfce4-power-manager-WARNING **: 00:00:56.692: could not map keysym 1008ffa7 to keycode


(xfce4-power-manager:1654): xfce4-power-manager-WARNING **: 00:00:56.692: could not map keysym 1008ff2f to keycode


(xfce4-power-manager:1654): xfce4-power-manager-WARNING **: 00:00:56.692: could not map keysym 1008ff02 to keycode


(xfce4-power-manager:1654): xfce4-power-manager-WARNING **: 00:00:56.692: could not map keysym 1008ff03 to keycode


(xfce4-power-manager:1654): xfce4-power-manager-WARNING **: 00:00:56.692: could not map keysym 1008ff93 to keycode


(xfce4-power-manager:1654): xfce4-power-manager-WARNING **: 00:00:56.692: could not map keysym 1008ff05 to keycode


(xfce4-power-manager:1654): xfce4-power-manager-WARNING **: 00:00:56.692: could not map keysym 1008ff06 to keycode


(xfce4-power-manager:1654): xfce4-power-manager-WARNING **: 00:00:56.704: No idle counter.

** (xfce4-power-manager:1654): WARNING **: 00:00:56.704: No XRANDR extension found

(xfce4-power-manager:1654): xfce4-power-manager-WARNING **: 00:00:56.708: Failed to get keyboard max brightness level : GDBus.Error:org.freedesktop.DBus.Error.UnknownMethod: Object does not exist at path “/org/freedesktop/UPower/KbdBacklight”

** (wrapper-2.0:1662): WARNING **: 00:00:56.977: No XRANDR extension found

(wrapper-2.0:1663): GLib-GIO-CRITICAL **: 00:00:57.032: g_file_new_for_path: assertion 'path != NULL' failed

(wrapper-2.0:1663): GLib-GIO-CRITICAL **: 00:00:57.032: g_file_monitor_file: assertion 'G_IS_FILE (file)' failed

(wrapper-2.0:1663): GLib-GObject-WARNING **: 00:00:57.032: invalid (NULL) pointer instance

(wrapper-2.0:1663): GLib-GObject-CRITICAL **: 00:00:57.032: g_signal_connect_data: assertion 'G_TYPE_CHECK_INSTANCE (instance)' failed

(wrapper-2.0:1663): Gtk-WARNING **: 00:00:57.032: Attempting to add a widget with type GtkToggleButton to a container of type XfcePanelPlugin, but the widget is already inside a container of type XfcePanelPlugin, please remove the widget from its existing container first.

(wrapper-2.0:1663): Gtk-WARNING **: 00:00:57.110: Negative content width -3 (allocation 1, extents 2x2) while allocating gadget (node button, owner GtkToggleButton)

(wrapper-2.0:1664): Gtk-WARNING **: 00:00:57.115: Negative content width -1 (allocation 1, extents 1x1) while allocating gadget (node button, owner XfceArrowButton)

(wrapper-2.0:1662): Gtk-WARNING **: 00:00:57.141: Negative content width -3 (allocation 1, extents 2x2) while allocating gadget (node button, owner PowerManagerButton)

12/11/21 00:01:07 Got connection from client 192.168.137.3
12/11/21 00:01:07 Using protocol version 3.8
12/11/21 00:01:07 Enabling TightVNC protocol extensions
12/11/21 00:01:09 rfbVncAuthProcessResponse: authentication failed from 192.168.137.3
12/11/21 00:01:09 Client 192.168.137.3 gone
12/11/21 00:01:09 Statistics:
12/11/21 00:01:09   framebuffer updates 0, rectangles 0, bytes 0

12/11/21 00:01:11 Got connection from client 192.168.137.3
12/11/21 00:01:11 Using protocol version 3.8
12/11/21 00:01:11 Enabling TightVNC protocol extensions
12/11/21 00:01:13 Full-control authentication passed by 192.168.137.3
12/11/21 00:01:13 Pixel format for client 192.168.137.3:
12/11/21 00:01:13   32 bpp, depth 24, little endian
12/11/21 00:01:13   true colour: max r 255 g 255 b 255, shift r 16 g 8 b 0
12/11/21 00:01:13   no translation needed
12/11/21 00:01:13 Using tight encoding for client 192.168.137.3
12/11/21 00:01:13 Using compression level 1 for client 192.168.137.3
12/11/21 00:01:13 Using image quality level 6 for client 192.168.137.3
12/11/21 00:01:13 Enabling X-style cursor updates for client 192.168.137.3
12/11/21 00:01:13 Enabling cursor position updates for client 192.168.137.3
12/11/21 00:01:13 Enabling LastRect protocol extension for client 192.168.137.3
12/11/21 00:01:20 Client 192.168.137.3 gone
12/11/21 00:01:20 Statistics:
12/11/21 00:01:20   key events received 1, pointer events 8
12/11/21 00:01:20   framebuffer updates 4, rectangles 791, bytes 299579
12/11/21 00:01:20     LastRect markers 4, bytes 48
12/11/21 00:01:20     cursor shape updates 1, bytes 82
12/11/21 00:01:20     cursor position updates 1, bytes 12
12/11/21 00:01:20     tight rectangles 785, bytes 299437
12/11/21 00:01:20   raw bytes equivalent 6291504, compression ratio 21.011111

** (xfce4-power-manager:1654): WARNING **: 00:37:20.398: Error: The connection is closed


** (xfce4-power-manager:1654): WARNING **: 00:37:20.398: Error: The connection is closed

