11/11/21 23:05:07 Xvnc version TightVNC-1.3.10
11/11/21 23:05:07 Copyright (C) 2000-2009 TightVNC Group
11/11/21 23:05:07 Copyright (C) 1999 AT&T Laboratories Cambridge
11/11/21 23:05:07 All Rights Reserved.
11/11/21 23:05:07 See http://www.tightvnc.com/ for information on TightVNC
11/11/21 23:05:07 Desktop name 'X' (freebsd:2)
11/11/21 23:05:07 Protocol versions supported: 3.3, 3.7, 3.8, 3.7t, 3.8t
11/11/21 23:05:07 Listening for VNC connections on TCP port 5902
11/11/21 23:05:07 Listening for HTTP connections on TCP port 5802
11/11/21 23:05:07   URL http://freebsd:5802
xrdb: No such file or directory
xrdb: can't open file '/home/nik/.Xresources'
/usr/local/bin/startxfce4: X server already running on display :2
xfce4-session: No GPG agent found
xfce4-session-Message: 23:05:08.522: SSH authentication agent is already running

(xfwm4:1714): xfwm4-WARNING **: 23:05:08.576: XSync extension too old (3.0).

(xfwm4:1714): xfwm4-WARNING **: 23:05:08.576: The display does not support the XRender extension.

(xfwm4:1714): xfwm4-WARNING **: 23:05:08.576: The display does not support the XRandr extension.

(xfwm4:1714): xfwm4-WARNING **: 23:05:08.576: The display does not support the XRes extension.

(xfwm4:1714): xfwm4-WARNING **: 23:05:08.576: The display does not support the XComposite extension.

(xfwm4:1714): xfwm4-WARNING **: 23:05:08.576: The display does not support the XDamage extension.

(xfwm4:1714): xfwm4-WARNING **: 23:05:08.576: The display does not support the XFixes extension.

(xfwm4:1714): xfwm4-WARNING **: 23:05:08.576: The display does not support the XPresent extension.

(xfwm4:1714): xfwm4-WARNING **: 23:05:08.576: Compositing manager disabled.
xfwm4-Message: 23:05:08.606: Unsupported keyboard modifier '<Super>Tab'
xfwm4-Message: 23:05:08.606: Unsupported keyboard modifier '<Super>KP_Up'
xfwm4-Message: 23:05:08.606: Unsupported keyboard modifier '<Super>KP_Left'
xfwm4-Message: 23:05:08.606: Unsupported keyboard modifier '<Super>KP_Right'
xfwm4-Message: 23:05:08.606: Unsupported keyboard modifier '<Super>KP_Down'
xfwm4-Message: 23:05:08.607: Unsupported keyboard modifier '<Super>KP_End'
xfwm4-Message: 23:05:08.607: Unsupported keyboard modifier '<Super>KP_Next'
xfwm4-Message: 23:05:08.607: Unsupported keyboard modifier '<Super>KP_Home'
xfwm4-Message: 23:05:08.607: Unsupported keyboard modifier '<Super>KP_Page_Up'

(xfwm4:1714): xfwm4-WARNING **: 23:05:08.614: Cannot find visual format on screen 0

(xfwm4:1714): GLib-CRITICAL **: 23:05:08.614: g_hash_table_destroy: assertion 'hash_table != NULL' failed

(xfsettingsd:1717): xfsettingsd-CRITICAL **: 23:05:08.641: No RANDR extension found in display :2. Display settings won't be applied.
Xlib:  extension "XInputExtension" missing on display ":2".

(xfsettingsd:1717): xfsettingsd-CRITICAL **: 23:05:08.642: XI is not present.

(xfsettingsd:1717): xfsettingsd-CRITICAL **: 23:05:08.642: Failed to initialize the Xkb extension.

(xfsettingsd:1717): xfsettingsd-CRITICAL **: 23:05:08.642: Failed to initialize the Accessibility extension.
xfwm4-Message: 23:05:08.664: Unsupported keyboard modifier '<Super>Tab'
xfwm4-Message: 23:05:08.664: Unsupported keyboard modifier '<Super>KP_Up'
xfwm4-Message: 23:05:08.664: Unsupported keyboard modifier '<Super>KP_Left'
xfwm4-Message: 23:05:08.664: Unsupported keyboard modifier '<Super>KP_Right'
xfwm4-Message: 23:05:08.664: Unsupported keyboard modifier '<Super>KP_Down'
xfwm4-Message: 23:05:08.664: Unsupported keyboard modifier '<Super>KP_End'
xfwm4-Message: 23:05:08.664: Unsupported keyboard modifier '<Super>KP_Next'
xfwm4-Message: 23:05:08.664: Unsupported keyboard modifier '<Super>KP_Home'
xfwm4-Message: 23:05:08.664: Unsupported keyboard modifier '<Super>KP_Page_Up'

** (xfce4-power-manager:1729): WARNING **: 23:05:08.998: Failed to get name owner: GDBus.Error:org.freedesktop.DBus.Error.NameHasNoOwner: Could not get owner of name 'org.freedesktop.PowerManagement': no such name


** (xfce4-power-manager:1729): WARNING **: 23:05:09.000: Failed to get name owner: GDBus.Error:org.freedesktop.DBus.Error.NameHasNoOwner: Could not get owner of name 'org.xfce.PowerManager': no such name

Xlib:  extension "DPMS" missing on display ":2.0".

(xfce4-power-manager:1729): xfce4-power-manager-WARNING **: 23:05:09.004: Monitor is not DPMS capable

(xfce4-power-manager:1729): libnotify-WARNING **: 23:05:09.012: Failed to connect to proxy

(xfce4-power-manager:1729): GLib-GObject-WARNING **: 23:05:09.153: ../gobject/gsignal.c:2614: signal 'Changed' is invalid for instance '0x8027618a0' of type 'GDBusProxy'

(xfce4-power-manager:1729): xfce4-power-manager-WARNING **: 23:05:09.205: could not map keysym 1008ff2a to keycode


(xfce4-power-manager:1729): xfce4-power-manager-WARNING **: 23:05:09.205: could not map keysym 1008ffa8 to keycode


(xfce4-power-manager:1729): xfce4-power-manager-WARNING **: 23:05:09.205: could not map keysym 1008ffa7 to keycode


(xfce4-power-manager:1729): xfce4-power-manager-WARNING **: 23:05:09.206: could not map keysym 1008ff2f to keycode


(xfce4-power-manager:1729): xfce4-power-manager-WARNING **: 23:05:09.206: could not map keysym 1008ff02 to keycode


(xfce4-power-manager:1729): xfce4-power-manager-WARNING **: 23:05:09.206: could not map keysym 1008ff03 to keycode


(xfce4-power-manager:1729): xfce4-power-manager-WARNING **: 23:05:09.206: could not map keysym 1008ff93 to keycode


(xfce4-power-manager:1729): xfce4-power-manager-WARNING **: 23:05:09.206: could not map keysym 1008ff05 to keycode


(xfce4-power-manager:1729): xfce4-power-manager-WARNING **: 23:05:09.206: could not map keysym 1008ff06 to keycode


(xfce4-power-manager:1729): xfce4-power-manager-WARNING **: 23:05:09.232: No idle counter.

** (xfce4-power-manager:1729): WARNING **: 23:05:09.232: No XRANDR extension found

(xfce4-power-manager:1729): xfce4-power-manager-WARNING **: 23:05:09.240: Failed to get keyboard max brightness level : GDBus.Error:org.freedesktop.DBus.Error.UnknownMethod: Object does not exist at path “/org/freedesktop/UPower/KbdBacklight”

** (wrapper-2.0:1733): WARNING **: 23:05:09.799: No XRANDR extension found

(wrapper-2.0:1734): GLib-GIO-CRITICAL **: 23:05:09.934: g_file_new_for_path: assertion 'path != NULL' failed

(wrapper-2.0:1734): GLib-GIO-CRITICAL **: 23:05:09.935: g_file_monitor_file: assertion 'G_IS_FILE (file)' failed

(wrapper-2.0:1734): GLib-GObject-WARNING **: 23:05:09.935: invalid (NULL) pointer instance

(wrapper-2.0:1734): GLib-GObject-CRITICAL **: 23:05:09.935: g_signal_connect_data: assertion 'G_TYPE_CHECK_INSTANCE (instance)' failed

(wrapper-2.0:1734): Gtk-WARNING **: 23:05:09.935: Attempting to add a widget with type GtkToggleButton to a container of type XfcePanelPlugin, but the widget is already inside a container of type XfcePanelPlugin, please remove the widget from its existing container first.

(wrapper-2.0:1735): Gtk-WARNING **: 23:05:10.067: Negative content width -1 (allocation 1, extents 1x1) while allocating gadget (node button, owner XfceArrowButton)

(wrapper-2.0:1734): Gtk-WARNING **: 23:05:10.072: Negative content width -3 (allocation 1, extents 2x2) while allocating gadget (node button, owner GtkToggleButton)

(wrapper-2.0:1733): Gtk-WARNING **: 23:05:10.084: Negative content width -3 (allocation 1, extents 2x2) while allocating gadget (node button, owner PowerManagerButton)
