anaconda/syslog:17:33:02,749 INFO NetworkManager:<info>  [1632331982.7480] dns-mgr[0x557397d19170]: init: dns=default,systemd-resolved rc-manager=symlink
anaconda/syslog:17:33:02,845 DEBUG NetworkManager:<debug> [1632331982.8453] dns-mgr: (device_ip_config_changed): queueing DNS updates (1)
anaconda/syslog:17:33:02,845 DEBUG NetworkManager:<debug> [1632331982.8453] dns-mgr: (device_ip_config_changed): DNS configuration did not change
anaconda/syslog:17:33:02,845 DEBUG NetworkManager:<debug> [1632331982.8453] dns-mgr: (device_ip_config_changed): no DNS changes to commit (0)
anaconda/syslog:17:33:02,849 DEBUG NetworkManager:<debug> [1632331982.8474] dns-mgr: (device_ip_config_changed): queueing DNS updates (1)
anaconda/syslog:17:33:02,849 DEBUG NetworkManager:<debug> [1632331982.8475] dns-mgr: (device_ip_config_changed): DNS configuration did not change
anaconda/syslog:17:33:02,849 DEBUG NetworkManager:<debug> [1632331982.8475] dns-mgr: (device_ip_config_changed): no DNS changes to commit (0)
anaconda/syslog:17:33:02,872 DEBUG NetworkManager:<debug> [1632331982.8722] dns-mgr: (device_ip_config_changed): queueing DNS updates (1)
anaconda/syslog:17:33:02,873 DEBUG NetworkManager:<debug> [1632331982.8729] dns-mgr: (device_ip_config_changed): DNS configuration did not change
anaconda/syslog:17:33:02,873 DEBUG NetworkManager:<debug> [1632331982.8729] dns-mgr: (device_ip_config_changed): no DNS changes to commit (0)
anaconda/syslog:17:33:02,874 DEBUG NetworkManager:<debug> [1632331982.8742] dns-mgr: (device_ip_config_changed): queueing DNS updates (1)
anaconda/syslog:17:33:02,874 DEBUG NetworkManager:<debug> [1632331982.8742] dns-mgr: (device_ip_config_changed): DNS configuration did not change
anaconda/syslog:17:33:02,874 DEBUG NetworkManager:<debug> [1632331982.8742] dns-mgr: (device_ip_config_changed): no DNS changes to commit (0)
anaconda/syslog:17:33:02,895 DEBUG NetworkManager:<debug> [1632331982.8955] dns-mgr: (device_ip_config_changed): queueing DNS updates (1)
anaconda/syslog:17:33:02,895 DEBUG NetworkManager:<debug> [1632331982.8956] dns-mgr: (device_ip_config_changed): DNS configuration did not change
anaconda/syslog:17:33:02,896 DEBUG NetworkManager:<debug> [1632331982.8968] dns-mgr: (device_ip_config_changed): no DNS changes to commit (0)
anaconda/syslog:17:33:02,898 DEBUG NetworkManager:<debug> [1632331982.8983] dns-mgr: (device_ip_config_changed): queueing DNS updates (1)
anaconda/syslog:17:33:02,898 DEBUG NetworkManager:<debug> [1632331982.8985] dns-mgr: (device_ip_config_changed): DNS configuration did not change
anaconda/syslog:17:33:02,898 DEBUG NetworkManager:<debug> [1632331982.8985] dns-mgr: (device_ip_config_changed): no DNS changes to commit (0)
anaconda/syslog:17:33:02,921 DEBUG NetworkManager:<debug> [1632331982.9216] dns-mgr: (device_ip_config_changed): queueing DNS updates (1)
anaconda/syslog:17:33:02,921 DEBUG NetworkManager:<debug> [1632331982.9218] dns-mgr: (device_ip_config_changed): DNS configuration did not change
anaconda/syslog:17:33:02,921 DEBUG NetworkManager:<debug> [1632331982.9219] dns-mgr: (device_ip_config_changed): no DNS changes to commit (0)
anaconda/syslog:17:33:02,923 DEBUG NetworkManager:<debug> [1632331982.9230] dns-mgr: (device_ip_config_changed): queueing DNS updates (1)
anaconda/syslog:17:33:02,923 DEBUG NetworkManager:<debug> [1632331982.9231] dns-mgr: (device_ip_config_changed): DNS configuration did not change
anaconda/syslog:17:33:02,923 DEBUG NetworkManager:<debug> [1632331982.9232] dns-mgr: (device_ip_config_changed): no DNS changes to commit (0)
anaconda/syslog:17:33:02,944 DEBUG NetworkManager:<debug> [1632331982.9448] dns-mgr: (device_ip_config_changed): queueing DNS updates (1)
anaconda/syslog:17:33:02,945 DEBUG NetworkManager:<debug> [1632331982.9450] dns-mgr: (device_ip_config_changed): DNS configuration did not change
anaconda/syslog:17:33:02,945 DEBUG NetworkManager:<debug> [1632331982.9451] dns-mgr: (device_ip_config_changed): no DNS changes to commit (0)
anaconda/syslog:17:33:02,947 DEBUG NetworkManager:<debug> [1632331982.9472] dns-mgr: (device_ip_config_changed): queueing DNS updates (1)
anaconda/syslog:17:33:02,947 DEBUG NetworkManager:<debug> [1632331982.9473] dns-mgr: (device_ip_config_changed): DNS configuration did not change
anaconda/syslog:17:33:02,947 DEBUG NetworkManager:<debug> [1632331982.9477] dns-mgr: (device_ip_config_changed): no DNS changes to commit (0)
anaconda/syslog:17:33:02,951 DEBUG NetworkManager:<debug> [1632331982.9518] dns-mgr: (device_ip_config_changed): queueing DNS updates (1)
anaconda/syslog:17:33:02,952 DEBUG NetworkManager:<debug> [1632331982.9520] dns-mgr: (device_ip_config_changed): DNS configuration did not change
anaconda/syslog:17:33:02,952 DEBUG NetworkManager:<debug> [1632331982.9520] dns-mgr: (device_ip_config_changed): no DNS changes to commit (0)
anaconda/syslog:17:33:02,976 DEBUG NetworkManager:<debug> [1632331982.9765] dns-mgr: (device_ip_config_changed): queueing DNS updates (1)
anaconda/syslog:17:33:02,976 DEBUG NetworkManager:<debug> [1632331982.9766] dns-mgr: (device_ip_config_changed): DNS configuration did not change
anaconda/syslog:17:33:02,976 DEBUG NetworkManager:<debug> [1632331982.9767] dns-mgr: (device_ip_config_changed): no DNS changes to commit (0)
anaconda/syslog:17:33:03,890 DEBUG NetworkManager:<debug> [1632331983.8900] dns-mgr: (device_ip_config_changed): queueing DNS updates (1)
anaconda/syslog:17:33:03,890 DEBUG NetworkManager:<debug> [1632331983.8900] dns-mgr: (device_ip_config_changed): DNS configuration did not change
anaconda/syslog:17:33:03,891 DEBUG NetworkManager:<debug> [1632331983.8900] dns-mgr: (device_ip_config_changed): no DNS changes to commit (0)
anaconda/syslog:17:33:18,601 WARNING org.fedoraproject.Anaconda.Modules.Network:{'connection': {'autoconnect': <false>, 'id': <'enp0s3'>, 'interface-name': <'enp0s3'>, 'permissions': <@as []>, 'type': <'802-3-ethernet'>, 'uuid': <'f5a03672-cafe-4b92-b3c7-efd595b5864e'>}, '802-3-ethernet': {'auto-negotiate': <false>, 'mac-address-blacklist': <@as []>, 's390-options': <@a{ss} {}>}, 'ipv4': {'address-data': <@aa{sv} []>, 'dns': <@au []>, 'dns-search': <@as []>, 'method': <'auto'>, 'route-data': <@aa{sv} []>}, 'ipv6': {'addr-gen-mode': <0>, 'address-data': <@aa{sv} []>, 'dns': <@aay []>, 'dns-search': <@as []>, 'method': <'auto'>, 'route-data': <@aa{sv} []>}}
anaconda/syslog:17:33:18,606 WARNING org.fedoraproject.Anaconda.Modules.Network:{'connection': {'autoconnect': <false>, 'id': <'enp0s8'>, 'interface-name': <'enp0s8'>, 'permissions': <@as []>, 'type': <'802-3-ethernet'>, 'uuid': <'5f260957-f179-4820-b5e9-db0805248ead'>}, '802-3-ethernet': {'auto-negotiate': <false>, 'mac-address-blacklist': <@as []>, 's390-options': <@a{ss} {}>}, 'ipv4': {'address-data': <@aa{sv} []>, 'dns': <@au []>, 'dns-search': <@as []>, 'method': <'auto'>, 'route-data': <@aa{sv} []>}, 'ipv6': {'addr-gen-mode': <0>, 'address-data': <@aa{sv} []>, 'dns': <@aay []>, 'dns-search': <@as []>, 'method': <'auto'>, 'route-data': <@aa{sv} []>}}
anaconda/syslog:17:33:18,607 DEBUG NetworkManager:<debug> [1632331998.6054] ++ ipv4.dns                  = []
anaconda/syslog:17:33:18,607 DEBUG NetworkManager:<debug> [1632331998.6054] ++ ipv4.dns-search           = []
anaconda/syslog:17:33:18,608 DEBUG NetworkManager:<debug> [1632331998.6055] ++ ipv6.dns                  = []
anaconda/syslog:17:33:18,608 DEBUG NetworkManager:<debug> [1632331998.6055] ++ ipv6.dns-search           = []
anaconda/syslog:17:33:18,611 WARNING org.fedoraproject.Anaconda.Modules.Network:{'connection': {'autoconnect': <false>, 'id': <'enp0s3'>, 'interface-name': <'enp0s3'>, 'permissions': <@as []>, 'type': <'802-3-ethernet'>, 'uuid': <'f5a03672-cafe-4b92-b3c7-efd595b5864e'>}, '802-3-ethernet': {'auto-negotiate': <false>, 'mac-address-blacklist': <@as []>, 's390-options': <@a{ss} {}>}, 'ipv4': {'address-data': <@aa{sv} []>, 'dns': <@au []>, 'dns-search': <@as []>, 'method': <'auto'>, 'route-data': <@aa{sv} []>}, 'ipv6': {'addr-gen-mode': <0>, 'address-data': <@aa{sv} []>, 'dns': <@aay []>, 'dns-search': <@as []>, 'method': <'auto'>, 'route-data': <@aa{sv} []>}, 'proxy': {}}
anaconda/syslog:17:33:18,611 DEBUG NetworkManager:<debug> [1632331998.6102] ++ ipv4.dns                  = []
anaconda/syslog:17:33:18,611 DEBUG NetworkManager:<debug> [1632331998.6102] ++ ipv4.dns-search           = []
anaconda/syslog:17:33:18,612 DEBUG NetworkManager:<debug> [1632331998.6102] ++ ipv6.dns                  = []
anaconda/syslog:17:33:18,612 DEBUG NetworkManager:<debug> [1632331998.6102] ++ ipv6.dns-search           = []
anaconda/syslog:17:33:18,613 WARNING org.fedoraproject.Anaconda.Modules.Network:{'connection': {'autoconnect': <false>, 'id': <'enp0s8'>, 'interface-name': <'enp0s8'>, 'permissions': <@as []>, 'type': <'802-3-ethernet'>, 'uuid': <'5f260957-f179-4820-b5e9-db0805248ead'>}, '802-3-ethernet': {'auto-negotiate': <false>, 'mac-address-blacklist': <@as []>, 's390-options': <@a{ss} {}>}, 'ipv4': {'address-data': <@aa{sv} []>, 'dns': <@au []>, 'dns-search': <@as []>, 'method': <'auto'>, 'route-data': <@aa{sv} []>}, 'ipv6': {'addr-gen-mode': <0>, 'address-data': <@aa{sv} []>, 'dns': <@aay []>, 'dns-search': <@as []>, 'method': <'auto'>, 'route-data': <@aa{sv} []>}, 'proxy': {}}
anaconda/syslog:18:01:58,109 WARNING org.fedoraproject.Anaconda.Modules.Network:DEBUG:anaconda.modules.network.network:{'connection': {'autoconnect': <false>, 'id': <'enp0s3'>, 'interface-name': <'enp0s3'>, 'permissions': <@as []>, 'type': <'802-3-ethernet'>, 'uuid': <'f5a03672-cafe-4b92-b3c7-efd595b5864e'>}, '802-3-ethernet': {'auto-negotiate': <false>, 'mac-address-blacklist': <@as []>, 's390-options': <@a{ss} {}>}, 'ipv4': {'address-data': <@aa{sv} []>, 'dns': <@au []>, 'dns-search': <@as []>, 'method': <'auto'>, 'route-data': <@aa{sv} []>}, 'ipv6': {'addr-gen-mode': <0>, 'address-data': <@aa{sv} []>, 'dns': <@aay []>, 'dns-search': <@as []>, 'method': <'auto'>, 'route-data': <@aa{sv} []>}, 'proxy': {}}
anaconda/syslog:18:01:58,109 WARNING org.fedoraproject.Anaconda.Modules.Network:DEBUG:anaconda.modules.network.network:{'connection': {'autoconnect': <false>, 'id': <'enp0s8'>, 'interface-name': <'enp0s8'>, 'permissions': <@as []>, 'type': <'802-3-ethernet'>, 'uuid': <'5f260957-f179-4820-b5e9-db0805248ead'>}, '802-3-ethernet': {'auto-negotiate': <false>, 'mac-address-blacklist': <@as []>, 's390-options': <@a{ss} {}>}, 'ipv4': {'address-data': <@aa{sv} []>, 'dns': <@au []>, 'dns-search': <@as []>, 'method': <'auto'>, 'route-data': <@aa{sv} []>}, 'ipv6': {'addr-gen-mode': <0>, 'address-data': <@aa{sv} []>, 'dns': <@aay []>, 'dns-search': <@as []>, 'method': <'auto'>, 'route-data': <@aa{sv} []>}, 'proxy': {}}
anaconda/syslog:18:01:59,148 WARNING org.fedoraproject.Anaconda.Modules.Network:DEBUG:anaconda.modules.network.network:{'connection': {'autoconnect': <false>, 'id': <'enp0s3'>, 'interface-name': <'enp0s3'>, 'permissions': <@as []>, 'type': <'802-3-ethernet'>, 'uuid': <'f5a03672-cafe-4b92-b3c7-efd595b5864e'>}, '802-3-ethernet': {'auto-negotiate': <false>, 'mac-address-blacklist': <@as []>, 's390-options': <@a{ss} {}>}, 'ipv4': {'address-data': <@aa{sv} []>, 'dns': <@au []>, 'dns-search': <@as []>, 'method': <'auto'>, 'route-data': <@aa{sv} []>}, 'ipv6': {'addr-gen-mode': <0>, 'address-data': <@aa{sv} []>, 'dns': <@aay []>, 'dns-search': <@as []>, 'method': <'auto'>, 'route-data': <@aa{sv} []>}, 'proxy': {}}
anaconda/syslog:18:01:59,148 WARNING org.fedoraproject.Anaconda.Modules.Network:DEBUG:anaconda.modules.network.network:{'connection': {'autoconnect': <false>, 'id': <'enp0s8'>, 'interface-name': <'enp0s8'>, 'permissions': <@as []>, 'type': <'802-3-ethernet'>, 'uuid': <'5f260957-f179-4820-b5e9-db0805248ead'>}, '802-3-ethernet': {'auto-negotiate': <false>, 'mac-address-blacklist': <@as []>, 's390-options': <@a{ss} {}>}, 'ipv4': {'address-data': <@aa{sv} []>, 'dns': <@au []>, 'dns-search': <@as []>, 'method': <'auto'>, 'route-data': <@aa{sv} []>}, 'ipv6': {'addr-gen-mode': <0>, 'address-data': <@aa{sv} []>, 'dns': <@aay []>, 'dns-search': <@as []>, 'method': <'auto'>, 'route-data': <@aa{sv} []>}, 'proxy': {}}
anaconda/packaging.log:gpgkey_dns_verification = 0
anaconda/packaging.log:gpgkey_dns_verification = 0
anaconda/packaging.log:13:34:16,405 ERR dnf: no group 'dns-server' from environment 'graphical-server-environment'
anaconda/packaging.log:19:38:54,246 ERR dnf: no group 'dns-server' from environment 'graphical-server-environment'
anaconda/packaging.log:19:39:21,101 ERR dnf: no group 'dns-server' from environment 'graphical-server-environment'
anaconda/packaging.log:19:40:46,203 ERR dnf: no group 'dns-server' from environment 'graphical-server-environment'
anaconda/packaging.log:19:44:32,793 ERR dnf: no group 'dns-server' from environment 'graphical-server-environment'
anaconda/packaging.log:19:52:08,760 INF packaging: Configuring (running scriptlet for): dnsmasq-2.79-15.el8.x86_64 1621391445 830e13060ab3b98290f017731464fc6914bbfacefa7a24de4cf9e41eab683202
anaconda/packaging.log:19:52:08,890 INF packaging: Installed: dnsmasq-2.79-15.el8.x86_64 1621391445 830e13060ab3b98290f017731464fc6914bbfacefa7a24de4cf9e41eab683202
anaconda/packaging.log:19:52:08,933 INF packaging: Configuring (running scriptlet for): dnsmasq-2.79-15.el8.x86_64 1621391445 830e13060ab3b98290f017731464fc6914bbfacefa7a24de4cf9e41eab683202
anaconda/packaging.log:20:01:09,827 INF packaging: Verifying: dnsmasq-2.79-15.el8.x86_64 1621391445 830e13060ab3b98290f017731464fc6914bbfacefa7a24de4cf9e41eab683202
anaconda/packaging.log:20:01:10,025 DBG dnf: Installed: dnsmasq-2.79-15.el8.x86_64
anaconda/journal.log:Sep 22 17:33:02 localhost NetworkManager[1640]: <info>  [1632331982.7480] dns-mgr[0x557397d19170]: init: dns=default,systemd-resolved rc-manager=symlink
anaconda/journal.log:Sep 22 17:33:02 localhost NetworkManager[1640]: <debug> [1632331982.8453] dns-mgr: (device_ip_config_changed): queueing DNS updates (1)
anaconda/journal.log:Sep 22 17:33:02 localhost NetworkManager[1640]: <debug> [1632331982.8453] dns-mgr: (device_ip_config_changed): DNS configuration did not change
anaconda/journal.log:Sep 22 17:33:02 localhost NetworkManager[1640]: <debug> [1632331982.8453] dns-mgr: (device_ip_config_changed): no DNS changes to commit (0)
anaconda/journal.log:Sep 22 17:33:02 localhost NetworkManager[1640]: <debug> [1632331982.8474] dns-mgr: (device_ip_config_changed): queueing DNS updates (1)
anaconda/journal.log:Sep 22 17:33:02 localhost NetworkManager[1640]: <debug> [1632331982.8475] dns-mgr: (device_ip_config_changed): DNS configuration did not change
anaconda/journal.log:Sep 22 17:33:02 localhost NetworkManager[1640]: <debug> [1632331982.8475] dns-mgr: (device_ip_config_changed): no DNS changes to commit (0)
anaconda/journal.log:Sep 22 17:33:02 localhost NetworkManager[1640]: <debug> [1632331982.8722] dns-mgr: (device_ip_config_changed): queueing DNS updates (1)
anaconda/journal.log:Sep 22 17:33:02 localhost NetworkManager[1640]: <debug> [1632331982.8729] dns-mgr: (device_ip_config_changed): DNS configuration did not change
anaconda/journal.log:Sep 22 17:33:02 localhost NetworkManager[1640]: <debug> [1632331982.8729] dns-mgr: (device_ip_config_changed): no DNS changes to commit (0)
anaconda/journal.log:Sep 22 17:33:02 localhost NetworkManager[1640]: <debug> [1632331982.8742] dns-mgr: (device_ip_config_changed): queueing DNS updates (1)
anaconda/journal.log:Sep 22 17:33:02 localhost NetworkManager[1640]: <debug> [1632331982.8742] dns-mgr: (device_ip_config_changed): DNS configuration did not change
anaconda/journal.log:Sep 22 17:33:02 localhost NetworkManager[1640]: <debug> [1632331982.8742] dns-mgr: (device_ip_config_changed): no DNS changes to commit (0)
anaconda/journal.log:Sep 22 17:33:02 localhost NetworkManager[1640]: <debug> [1632331982.8955] dns-mgr: (device_ip_config_changed): queueing DNS updates (1)
anaconda/journal.log:Sep 22 17:33:02 localhost NetworkManager[1640]: <debug> [1632331982.8956] dns-mgr: (device_ip_config_changed): DNS configuration did not change
anaconda/journal.log:Sep 22 17:33:02 localhost NetworkManager[1640]: <debug> [1632331982.8968] dns-mgr: (device_ip_config_changed): no DNS changes to commit (0)
anaconda/journal.log:Sep 22 17:33:02 localhost NetworkManager[1640]: <debug> [1632331982.8983] dns-mgr: (device_ip_config_changed): queueing DNS updates (1)
anaconda/journal.log:Sep 22 17:33:02 localhost NetworkManager[1640]: <debug> [1632331982.8985] dns-mgr: (device_ip_config_changed): DNS configuration did not change
anaconda/journal.log:Sep 22 17:33:02 localhost NetworkManager[1640]: <debug> [1632331982.8985] dns-mgr: (device_ip_config_changed): no DNS changes to commit (0)
anaconda/journal.log:Sep 22 17:33:02 localhost NetworkManager[1640]: <debug> [1632331982.9216] dns-mgr: (device_ip_config_changed): queueing DNS updates (1)
anaconda/journal.log:Sep 22 17:33:02 localhost NetworkManager[1640]: <debug> [1632331982.9218] dns-mgr: (device_ip_config_changed): DNS configuration did not change
anaconda/journal.log:Sep 22 17:33:02 localhost NetworkManager[1640]: <debug> [1632331982.9219] dns-mgr: (device_ip_config_changed): no DNS changes to commit (0)
anaconda/journal.log:Sep 22 17:33:02 localhost NetworkManager[1640]: <debug> [1632331982.9230] dns-mgr: (device_ip_config_changed): queueing DNS updates (1)
anaconda/journal.log:Sep 22 17:33:02 localhost NetworkManager[1640]: <debug> [1632331982.9231] dns-mgr: (device_ip_config_changed): DNS configuration did not change
anaconda/journal.log:Sep 22 17:33:02 localhost NetworkManager[1640]: <debug> [1632331982.9232] dns-mgr: (device_ip_config_changed): no DNS changes to commit (0)
anaconda/journal.log:Sep 22 17:33:02 localhost NetworkManager[1640]: <debug> [1632331982.9448] dns-mgr: (device_ip_config_changed): queueing DNS updates (1)
anaconda/journal.log:Sep 22 17:33:02 localhost NetworkManager[1640]: <debug> [1632331982.9450] dns-mgr: (device_ip_config_changed): DNS configuration did not change
anaconda/journal.log:Sep 22 17:33:02 localhost NetworkManager[1640]: <debug> [1632331982.9451] dns-mgr: (device_ip_config_changed): no DNS changes to commit (0)
anaconda/journal.log:Sep 22 17:33:02 localhost NetworkManager[1640]: <debug> [1632331982.9472] dns-mgr: (device_ip_config_changed): queueing DNS updates (1)
anaconda/journal.log:Sep 22 17:33:02 localhost NetworkManager[1640]: <debug> [1632331982.9473] dns-mgr: (device_ip_config_changed): DNS configuration did not change
anaconda/journal.log:Sep 22 17:33:02 localhost NetworkManager[1640]: <debug> [1632331982.9477] dns-mgr: (device_ip_config_changed): no DNS changes to commit (0)
anaconda/journal.log:Sep 22 17:33:02 localhost NetworkManager[1640]: <debug> [1632331982.9518] dns-mgr: (device_ip_config_changed): queueing DNS updates (1)
anaconda/journal.log:Sep 22 17:33:02 localhost NetworkManager[1640]: <debug> [1632331982.9520] dns-mgr: (device_ip_config_changed): DNS configuration did not change
anaconda/journal.log:Sep 22 17:33:02 localhost NetworkManager[1640]: <debug> [1632331982.9520] dns-mgr: (device_ip_config_changed): no DNS changes to commit (0)
anaconda/journal.log:Sep 22 17:33:02 localhost NetworkManager[1640]: <debug> [1632331982.9765] dns-mgr: (device_ip_config_changed): queueing DNS updates (1)
anaconda/journal.log:Sep 22 17:33:02 localhost NetworkManager[1640]: <debug> [1632331982.9766] dns-mgr: (device_ip_config_changed): DNS configuration did not change
anaconda/journal.log:Sep 22 17:33:02 localhost NetworkManager[1640]: <debug> [1632331982.9767] dns-mgr: (device_ip_config_changed): no DNS changes to commit (0)
anaconda/journal.log:Sep 22 17:33:03 localhost NetworkManager[1640]: <debug> [1632331983.8900] dns-mgr: (device_ip_config_changed): queueing DNS updates (1)
anaconda/journal.log:Sep 22 17:33:03 localhost NetworkManager[1640]: <debug> [1632331983.8900] dns-mgr: (device_ip_config_changed): DNS configuration did not change
anaconda/journal.log:Sep 22 17:33:03 localhost NetworkManager[1640]: <debug> [1632331983.8900] dns-mgr: (device_ip_config_changed): no DNS changes to commit (0)
anaconda/journal.log:                                          gpgkey_dns_verification = 0
anaconda/journal.log:                                          gpgkey_dns_verification = 0
anaconda/journal.log:Sep 22 17:33:18 localhost org.fedoraproject.Anaconda.Modules.Network[1741]: {'connection': {'autoconnect': <false>, 'id': <'enp0s3'>, 'interface-name': <'enp0s3'>, 'permissions': <@as []>, 'type': <'802-3-ethernet'>, 'uuid': <'f5a03672-cafe-4b92-b3c7-efd595b5864e'>}, '802-3-ethernet': {'auto-negotiate': <false>, 'mac-address-blacklist': <@as []>, 's390-options': <@a{ss} {}>}, 'ipv4': {'address-data': <@aa{sv} []>, 'dns': <@au []>, 'dns-search': <@as []>, 'method': <'auto'>, 'route-data': <@aa{sv} []>}, 'ipv6': {'addr-gen-mode': <0>, 'address-data': <@aa{sv} []>, 'dns': <@aay []>, 'dns-search': <@as []>, 'method': <'auto'>, 'route-data': <@aa{sv} []>}}
anaconda/journal.log:Sep 22 17:33:18 localhost org.fedoraproject.Anaconda.Modules.Network[1741]: {'connection': {'autoconnect': <false>, 'id': <'enp0s8'>, 'interface-name': <'enp0s8'>, 'permissions': <@as []>, 'type': <'802-3-ethernet'>, 'uuid': <'5f260957-f179-4820-b5e9-db0805248ead'>}, '802-3-ethernet': {'auto-negotiate': <false>, 'mac-address-blacklist': <@as []>, 's390-options': <@a{ss} {}>}, 'ipv4': {'address-data': <@aa{sv} []>, 'dns': <@au []>, 'dns-search': <@as []>, 'method': <'auto'>, 'route-data': <@aa{sv} []>}, 'ipv6': {'addr-gen-mode': <0>, 'address-data': <@aa{sv} []>, 'dns': <@aay []>, 'dns-search': <@as []>, 'method': <'auto'>, 'route-data': <@aa{sv} []>}}
anaconda/journal.log:Sep 22 17:33:18 localhost NetworkManager[1640]: <debug> [1632331998.6054] ++ ipv4.dns                  = []
anaconda/journal.log:Sep 22 17:33:18 localhost NetworkManager[1640]: <debug> [1632331998.6054] ++ ipv4.dns-search           = []
anaconda/journal.log:Sep 22 17:33:18 localhost NetworkManager[1640]: <debug> [1632331998.6055] ++ ipv6.dns                  = []
anaconda/journal.log:Sep 22 17:33:18 localhost NetworkManager[1640]: <debug> [1632331998.6055] ++ ipv6.dns-search           = []
anaconda/journal.log:Sep 22 17:33:18 localhost org.fedoraproject.Anaconda.Modules.Network[1741]: {'connection': {'autoconnect': <false>, 'id': <'enp0s3'>, 'interface-name': <'enp0s3'>, 'permissions': <@as []>, 'type': <'802-3-ethernet'>, 'uuid': <'f5a03672-cafe-4b92-b3c7-efd595b5864e'>}, '802-3-ethernet': {'auto-negotiate': <false>, 'mac-address-blacklist': <@as []>, 's390-options': <@a{ss} {}>}, 'ipv4': {'address-data': <@aa{sv} []>, 'dns': <@au []>, 'dns-search': <@as []>, 'method': <'auto'>, 'route-data': <@aa{sv} []>}, 'ipv6': {'addr-gen-mode': <0>, 'address-data': <@aa{sv} []>, 'dns': <@aay []>, 'dns-search': <@as []>, 'method': <'auto'>, 'route-data': <@aa{sv} []>}, 'proxy': {}}
anaconda/journal.log:Sep 22 17:33:18 localhost NetworkManager[1640]: <debug> [1632331998.6102] ++ ipv4.dns                  = []
anaconda/journal.log:Sep 22 17:33:18 localhost NetworkManager[1640]: <debug> [1632331998.6102] ++ ipv4.dns-search           = []
anaconda/journal.log:Sep 22 17:33:18 localhost NetworkManager[1640]: <debug> [1632331998.6102] ++ ipv6.dns                  = []
anaconda/journal.log:Sep 22 17:33:18 localhost NetworkManager[1640]: <debug> [1632331998.6102] ++ ipv6.dns-search           = []
anaconda/journal.log:Sep 22 17:33:18 localhost org.fedoraproject.Anaconda.Modules.Network[1741]: {'connection': {'autoconnect': <false>, 'id': <'enp0s8'>, 'interface-name': <'enp0s8'>, 'permissions': <@as []>, 'type': <'802-3-ethernet'>, 'uuid': <'5f260957-f179-4820-b5e9-db0805248ead'>}, '802-3-ethernet': {'auto-negotiate': <false>, 'mac-address-blacklist': <@as []>, 's390-options': <@a{ss} {}>}, 'ipv4': {'address-data': <@aa{sv} []>, 'dns': <@au []>, 'dns-search': <@as []>, 'method': <'auto'>, 'route-data': <@aa{sv} []>}, 'ipv6': {'addr-gen-mode': <0>, 'address-data': <@aa{sv} []>, 'dns': <@aay []>, 'dns-search': <@as []>, 'method': <'auto'>, 'route-data': <@aa{sv} []>}, 'proxy': {}}
anaconda/journal.log:Sep 22 17:34:16 localhost anaconda[1716]: dnf: no group 'dns-server' from environment 'graphical-server-environment'
anaconda/journal.log:Sep 22 17:38:54 localhost anaconda[1716]: dnf: no group 'dns-server' from environment 'graphical-server-environment'
anaconda/journal.log:Sep 22 17:39:21 localhost anaconda[1716]: dnf: no group 'dns-server' from environment 'graphical-server-environment'
anaconda/journal.log:Sep 22 17:40:46 localhost anaconda[1716]: dnf: no group 'dns-server' from environment 'graphical-server-environment'
anaconda/journal.log:Sep 22 17:44:32 localhost anaconda[1716]: dnf: no group 'dns-server' from environment 'graphical-server-environment'
anaconda/journal.log:Sep 22 17:52:08 localhost anaconda[1716]: packaging: Configuring (running scriptlet for): dnsmasq-2.79-15.el8.x86_64 1621391445 830e13060ab3b98290f017731464fc6914bbfacefa7a24de4cf9e41eab683202
anaconda/journal.log:Sep 22 17:52:08 localhost anaconda[1716]: packaging: Installed: dnsmasq-2.79-15.el8.x86_64 1621391445 830e13060ab3b98290f017731464fc6914bbfacefa7a24de4cf9e41eab683202
anaconda/journal.log:Sep 22 17:52:08 localhost anaconda[1716]: packaging: Configuring (running scriptlet for): dnsmasq-2.79-15.el8.x86_64 1621391445 830e13060ab3b98290f017731464fc6914bbfacefa7a24de4cf9e41eab683202
anaconda/journal.log:Sep 22 17:56:29 localhost dracut[6381]: lrwxrwxrwx   1 root     root           25 May 19 04:30 usr/lib64/bind9-export/libdns-export.so.1112 -> libdns-export.so.1112.0.2
anaconda/journal.log:Sep 22 17:56:29 localhost dracut[6381]: -rwxr-xr-x   1 root     root      2365720 May 19 04:30 usr/lib64/bind9-export/libdns-export.so.1112.0.2
anaconda/journal.log:Sep 22 17:56:29 localhost dracut[6381]: -rwxr-xr-x   1 root     root        34800 May 18 22:51 usr/lib64/libnss_dns-2.28.so
anaconda/journal.log:Sep 22 17:56:29 localhost dracut[6381]: lrwxrwxrwx   1 root     root           18 May 19 04:30 usr/lib64/libnss_dns.so.2 -> libnss_dns-2.28.so
anaconda/journal.log:Sep 22 17:58:01 localhost dracut[16312]: drwxr-xr-x   2 root     root            0 May 19 04:30 usr/lib/modules/4.18.0-305.3.1.el8_4.x86_64/kernel/net/dns_resolver
anaconda/journal.log:Sep 22 17:58:01 localhost dracut[16312]: -rw-r--r--   1 root     root         5500 May 19 04:30 usr/lib/modules/4.18.0-305.3.1.el8_4.x86_64/kernel/net/dns_resolver/dns_resolver.ko.xz
anaconda/journal.log:Sep 22 17:58:02 localhost dracut[16312]: lrwxrwxrwx   1 root     root           25 May 19 04:30 usr/lib64/bind9-export/libdns-export.so.1112 -> libdns-export.so.1112.0.2
anaconda/journal.log:Sep 22 17:58:02 localhost dracut[16312]: -rwxr-xr-x   1 root     root      2365720 May 19 04:30 usr/lib64/bind9-export/libdns-export.so.1112.0.2
anaconda/journal.log:Sep 22 17:58:02 localhost dracut[16312]: -rwxr-xr-x   1 root     root        34800 May 18 22:51 usr/lib64/libnss_dns-2.28.so
anaconda/journal.log:Sep 22 17:58:02 localhost dracut[16312]: lrwxrwxrwx   1 root     root           18 May 19 04:30 usr/lib64/libnss_dns.so.2 -> libnss_dns-2.28.so
anaconda/journal.log:Sep 22 17:59:03 localhost dracut[30794]: lrwxrwxrwx   1 root     root           25 May 19 04:30 usr/lib64/bind9-export/libdns-export.so.1112 -> libdns-export.so.1112.0.2
anaconda/journal.log:Sep 22 17:59:03 localhost dracut[30794]: -rwxr-xr-x   1 root     root      2365720 May 19 04:30 usr/lib64/bind9-export/libdns-export.so.1112.0.2
anaconda/journal.log:Sep 22 17:59:03 localhost dracut[30794]: -rwxr-xr-x   1 root     root        34800 May 18 22:51 usr/lib64/libnss_dns-2.28.so
anaconda/journal.log:Sep 22 17:59:03 localhost dracut[30794]: lrwxrwxrwx   1 root     root           18 May 19 04:30 usr/lib64/libnss_dns.so.2 -> libnss_dns-2.28.so
anaconda/journal.log:Sep 22 18:00:55 localhost dracut[41453]: lrwxrwxrwx   1 root     root           25 May 19 04:30 usr/lib64/bind9-export/libdns-export.so.1112 -> libdns-export.so.1112.0.2
anaconda/journal.log:Sep 22 18:00:55 localhost dracut[41453]: -rwxr-xr-x   1 root     root      2365720 May 19 04:30 usr/lib64/bind9-export/libdns-export.so.1112.0.2
anaconda/journal.log:Sep 22 18:00:55 localhost dracut[41453]: -rwxr-xr-x   1 root     root        34800 May 18 22:51 usr/lib64/libnss_dns-2.28.so
anaconda/journal.log:Sep 22 18:00:55 localhost dracut[41453]: lrwxrwxrwx   1 root     root           18 May 19 04:30 usr/lib64/libnss_dns.so.2 -> libnss_dns-2.28.so
anaconda/journal.log:Sep 22 18:01:09 localhost anaconda[1716]: packaging: Verifying: dnsmasq-2.79-15.el8.x86_64 1621391445 830e13060ab3b98290f017731464fc6914bbfacefa7a24de4cf9e41eab683202
anaconda/journal.log:Sep 22 18:01:10 localhost anaconda[2491]: dnf: Installed: dnsmasq-2.79-15.el8.x86_64
anaconda/journal.log:Sep 22 18:01:58 localhost org.fedoraproject.Anaconda.Modules.Network[1741]: DEBUG:anaconda.modules.network.network:{'connection': {'autoconnect': <false>, 'id': <'enp0s3'>, 'interface-name': <'enp0s3'>, 'permissions': <@as []>, 'type': <'802-3-ethernet'>, 'uuid': <'f5a03672-cafe-4b92-b3c7-efd595b5864e'>}, '802-3-ethernet': {'auto-negotiate': <false>, 'mac-address-blacklist': <@as []>, 's390-options': <@a{ss} {}>}, 'ipv4': {'address-data': <@aa{sv} []>, 'dns': <@au []>, 'dns-search': <@as []>, 'method': <'auto'>, 'route-data': <@aa{sv} []>}, 'ipv6': {'addr-gen-mode': <0>, 'address-data': <@aa{sv} []>, 'dns': <@aay []>, 'dns-search': <@as []>, 'method': <'auto'>, 'route-data': <@aa{sv} []>}, 'proxy': {}}
anaconda/journal.log:Sep 22 18:01:58 localhost org.fedoraproject.Anaconda.Modules.Network[1741]: DEBUG:anaconda.modules.network.network:{'connection': {'autoconnect': <false>, 'id': <'enp0s8'>, 'interface-name': <'enp0s8'>, 'permissions': <@as []>, 'type': <'802-3-ethernet'>, 'uuid': <'5f260957-f179-4820-b5e9-db0805248ead'>}, '802-3-ethernet': {'auto-negotiate': <false>, 'mac-address-blacklist': <@as []>, 's390-options': <@a{ss} {}>}, 'ipv4': {'address-data': <@aa{sv} []>, 'dns': <@au []>, 'dns-search': <@as []>, 'method': <'auto'>, 'route-data': <@aa{sv} []>}, 'ipv6': {'addr-gen-mode': <0>, 'address-data': <@aa{sv} []>, 'dns': <@aay []>, 'dns-search': <@as []>, 'method': <'auto'>, 'route-data': <@aa{sv} []>}, 'proxy': {}}
anaconda/journal.log:Sep 22 18:01:59 localhost org.fedoraproject.Anaconda.Modules.Network[1741]: DEBUG:anaconda.modules.network.network:{'connection': {'autoconnect': <false>, 'id': <'enp0s3'>, 'interface-name': <'enp0s3'>, 'permissions': <@as []>, 'type': <'802-3-ethernet'>, 'uuid': <'f5a03672-cafe-4b92-b3c7-efd595b5864e'>}, '802-3-ethernet': {'auto-negotiate': <false>, 'mac-address-blacklist': <@as []>, 's390-options': <@a{ss} {}>}, 'ipv4': {'address-data': <@aa{sv} []>, 'dns': <@au []>, 'dns-search': <@as []>, 'method': <'auto'>, 'route-data': <@aa{sv} []>}, 'ipv6': {'addr-gen-mode': <0>, 'address-data': <@aa{sv} []>, 'dns': <@aay []>, 'dns-search': <@as []>, 'method': <'auto'>, 'route-data': <@aa{sv} []>}, 'proxy': {}}
anaconda/journal.log:Sep 22 18:01:59 localhost org.fedoraproject.Anaconda.Modules.Network[1741]: DEBUG:anaconda.modules.network.network:{'connection': {'autoconnect': <false>, 'id': <'enp0s8'>, 'interface-name': <'enp0s8'>, 'permissions': <@as []>, 'type': <'802-3-ethernet'>, 'uuid': <'5f260957-f179-4820-b5e9-db0805248ead'>}, '802-3-ethernet': {'auto-negotiate': <false>, 'mac-address-blacklist': <@as []>, 's390-options': <@a{ss} {}>}, 'ipv4': {'address-data': <@aa{sv} []>, 'dns': <@au []>, 'dns-search': <@as []>, 'method': <'auto'>, 'route-data': <@aa{sv} []>}, 'ipv6': {'addr-gen-mode': <0>, 'address-data': <@aa{sv} []>, 'dns': <@aay []>, 'dns-search': <@as []>, 'method': <'auto'>, 'route-data': <@aa{sv} []>}, 'proxy': {}}
anaconda/journal.log:Sep 22 18:02:46 localhost dracut[52074]: lrwxrwxrwx   1 root     root           25 May 19 04:30 usr/lib64/bind9-export/libdns-export.so.1112 -> libdns-export.so.1112.0.2
anaconda/journal.log:Sep 22 18:02:46 localhost dracut[52074]: -rwxr-xr-x   1 root     root      2365720 May 19 04:30 usr/lib64/bind9-export/libdns-export.so.1112.0.2
anaconda/journal.log:Sep 22 18:02:46 localhost dracut[52074]: -rwxr-xr-x   1 root     root        34800 May 18 22:51 usr/lib64/libnss_dns-2.28.so
anaconda/journal.log:Sep 22 18:02:46 localhost dracut[52074]: lrwxrwxrwx   1 root     root           18 May 19 04:30 usr/lib64/libnss_dns.so.2 -> libnss_dns-2.28.so
dhcp.log:messages:Nov 13 15:27:49 localhost dnsmasq-dhcp[1351]: DHCP, IP range 192.168.122.2 -- 192.168.122.254, lease time 1h
dhcp.log:messages:Nov 13 15:27:49 localhost dnsmasq-dhcp[1351]: DHCP, sockets bound exclusively to interface virbr0
dhcp.log:messages:Nov 13 15:27:49 localhost dnsmasq-dhcp[1351]: read /var/lib/libvirt/dnsmasq/default.hostsfile
dhcp.log:messages:Nov 13 15:48:06 localhost dnsmasq-dhcp[1368]: DHCP, IP range 192.168.122.2 -- 192.168.122.254, lease time 1h
dhcp.log:messages:Nov 13 15:48:06 localhost dnsmasq-dhcp[1368]: DHCP, sockets bound exclusively to interface virbr0
dhcp.log:messages:Nov 13 15:48:06 localhost dnsmasq-dhcp[1368]: read /var/lib/libvirt/dnsmasq/default.hostsfile
dhcp.log:messages-20211113:Sep 22 20:04:31 localhost dnsmasq-dhcp[1432]: DHCP, IP range 192.168.122.2 -- 192.168.122.254, lease time 1h
dhcp.log:messages-20211113:Sep 22 20:04:31 localhost dnsmasq-dhcp[1432]: DHCP, sockets bound exclusively to interface virbr0
dhcp.log:messages-20211113:Sep 22 20:04:31 localhost dnsmasq-dhcp[1432]: read /var/lib/libvirt/dnsmasq/default.hostsfile
dhcp.log:messages-20211113:Sep 22 20:19:47 localhost dnsmasq-dhcp[1388]: DHCP, IP range 192.168.122.2 -- 192.168.122.254, lease time 1h
dhcp.log:messages-20211113:Sep 22 20:19:47 localhost dnsmasq-dhcp[1388]: DHCP, sockets bound exclusively to interface virbr0
dhcp.log:messages-20211113:Sep 22 20:19:47 localhost dnsmasq-dhcp[1388]: read /var/lib/libvirt/dnsmasq/default.hostsfile
dhcp.log:messages-20211113:Sep 27 10:27:57 localhost dnsmasq-dhcp[1393]: DHCP, IP range 192.168.122.2 -- 192.168.122.254, lease time 1h
dhcp.log:messages-20211113:Sep 27 10:27:57 localhost dnsmasq-dhcp[1393]: DHCP, sockets bound exclusively to interface virbr0
dhcp.log:messages-20211113:Sep 27 10:27:57 localhost dnsmasq-dhcp[1393]: read /var/lib/libvirt/dnsmasq/default.hostsfile
dhcp.log:messages-20211113:Oct 20 17:24:55 localhost dnsmasq-dhcp[1409]: DHCP, IP range 192.168.122.2 -- 192.168.122.254, lease time 1h
dhcp.log:messages-20211113:Oct 20 17:24:55 localhost dnsmasq-dhcp[1409]: DHCP, sockets bound exclusively to interface virbr0
dhcp.log:messages-20211113:Oct 20 17:24:55 localhost dnsmasq-dhcp[1409]: read /var/lib/libvirt/dnsmasq/default.hostsfile
dhcp.log:messages-20211113:Oct 20 20:32:09 localhost dnsmasq-dhcp[1399]: DHCP, IP range 192.168.122.2 -- 192.168.122.254, lease time 1h
dhcp.log:messages-20211113:Oct 20 20:32:09 localhost dnsmasq-dhcp[1399]: DHCP, sockets bound exclusively to interface virbr0
dhcp.log:messages-20211113:Oct 20 20:32:09 localhost dnsmasq-dhcp[1399]: read /var/lib/libvirt/dnsmasq/default.hostsfile
dhcp.log:messages-20211113:Oct 20 20:39:13 localhost dnsmasq-dhcp[1402]: DHCP, IP range 192.168.122.2 -- 192.168.122.254, lease time 1h
dhcp.log:messages-20211113:Oct 20 20:39:13 localhost dnsmasq-dhcp[1402]: DHCP, sockets bound exclusively to interface virbr0
dhcp.log:messages-20211113:Oct 20 20:39:13 localhost dnsmasq-dhcp[1402]: read /var/lib/libvirt/dnsmasq/default.hostsfile
dhcp.log:messages-20211113:Nov 13 13:34:22 localhost dnsmasq-dhcp[1391]: DHCP, IP range 192.168.122.2 -- 192.168.122.254, lease time 1h
dhcp.log:messages-20211113:Nov 13 13:34:22 localhost dnsmasq-dhcp[1391]: DHCP, sockets bound exclusively to interface virbr0
dhcp.log:messages-20211113:Nov 13 13:34:22 localhost dnsmasq-dhcp[1391]: read /var/lib/libvirt/dnsmasq/default.hostsfile
dhcp.log:messages-20211113:Nov 13 13:43:50 localhost dnsmasq-dhcp[1406]: DHCP, IP range 192.168.122.2 -- 192.168.122.254, lease time 1h
dhcp.log:messages-20211113:Nov 13 13:43:50 localhost dnsmasq-dhcp[1406]: DHCP, sockets bound exclusively to interface virbr0
dhcp.log:messages-20211113:Nov 13 13:43:50 localhost dnsmasq-dhcp[1406]: read /var/lib/libvirt/dnsmasq/default.hostsfile
dhcp.log:messages-20211113:Nov 13 13:58:56 localhost dnsmasq-dhcp[1405]: DHCP, IP range 192.168.122.2 -- 192.168.122.254, lease time 1h
dhcp.log:messages-20211113:Nov 13 13:58:56 localhost dnsmasq-dhcp[1405]: DHCP, sockets bound exclusively to interface virbr0
dhcp.log:messages-20211113:Nov 13 13:58:56 localhost dnsmasq-dhcp[1405]: read /var/lib/libvirt/dnsmasq/default.hostsfile
dhcp.log:messages-20211113:Nov 13 14:02:47 localhost dnsmasq-dhcp[1347]: DHCP, IP range 192.168.122.2 -- 192.168.122.254, lease time 1h
dhcp.log:messages-20211113:Nov 13 14:02:47 localhost dnsmasq-dhcp[1347]: DHCP, sockets bound exclusively to interface virbr0
dhcp.log:messages-20211113:Nov 13 14:02:47 localhost dnsmasq-dhcp[1347]: read /var/lib/libvirt/dnsmasq/default.hostsfile
dhcp.log:messages-20211113:Nov 13 14:23:57 localhost dnsmasq-dhcp[1344]: DHCP, IP range 192.168.122.2 -- 192.168.122.254, lease time 1h
dhcp.log:messages-20211113:Nov 13 14:23:57 localhost dnsmasq-dhcp[1344]: DHCP, sockets bound exclusively to interface virbr0
dhcp.log:messages-20211113:Nov 13 14:23:57 localhost dnsmasq-dhcp[1344]: read /var/lib/libvirt/dnsmasq/default.hostsfile
dhcp.log:messages-20211113:Nov 13 14:49:29 localhost dnsmasq-dhcp[1348]: DHCP, IP range 192.168.122.2 -- 192.168.122.254, lease time 1h
dhcp.log:messages-20211113:Nov 13 14:49:29 localhost dnsmasq-dhcp[1348]: DHCP, sockets bound exclusively to interface virbr0
dhcp.log:messages-20211113:Nov 13 14:49:29 localhost dnsmasq-dhcp[1348]: read /var/lib/libvirt/dnsmasq/default.hostsfile
historylinux.txt:  161  nmcli connection modify enp0s3 ipv4.dns 192.168.137.222
messages:Nov 13 15:27:31 localhost avahi-daemon[856]: WARNING: No NSS support for mDNS detected, consider installing nss-mdns!
messages:Nov 13 15:27:32 localhost NetworkManager[862]: <info>  [1636813652.7043] dns-mgr[0x55ecb27b9170]: init: dns=default,systemd-resolved rc-manager=symlink
messages:Nov 13 15:27:49 localhost dnsmasq[1351]: started, version 2.79 cachesize 150
messages:Nov 13 15:27:49 localhost dnsmasq[1351]: compile time options: IPv6 GNU-getopt DBus no-i18n IDN2 DHCP DHCPv6 no-Lua TFTP no-conntrack ipset auth DNSSEC loop-detect inotify
messages:Nov 13 15:27:49 localhost dnsmasq-dhcp[1351]: DHCP, IP range 192.168.122.2 -- 192.168.122.254, lease time 1h
messages:Nov 13 15:27:49 localhost dnsmasq-dhcp[1351]: DHCP, sockets bound exclusively to interface virbr0
messages:Nov 13 15:27:49 localhost dnsmasq[1351]: reading /etc/resolv.conf
messages:Nov 13 15:27:49 localhost dnsmasq[1351]: using nameserver 192.168.0.1#53
messages:Nov 13 15:27:49 localhost dnsmasq[1351]: using nameserver 192.168.1.1#53
messages:Nov 13 15:27:49 localhost dnsmasq[1351]: using nameserver 8.8.8.8#53
messages:Nov 13 15:27:49 localhost dnsmasq[1351]: read /etc/hosts - 2 addresses
messages:Nov 13 15:27:49 localhost dnsmasq[1351]: read /var/lib/libvirt/dnsmasq/default.addnhosts - 0 addresses
messages:Nov 13 15:27:49 localhost dnsmasq-dhcp[1351]: read /var/lib/libvirt/dnsmasq/default.hostsfile
messages:Nov 13 15:43:35 localhost named[4078]: built with '--build=x86_64-redhat-linux-gnu' '--host=x86_64-redhat-linux-gnu' '--program-prefix=' '--disable-dependency-tracking' '--prefix=/usr' '--exec-prefix=/usr' '--bindir=/usr/bin' '--sbindir=/usr/sbin' '--sysconfdir=/etc' '--datadir=/usr/share' '--includedir=/usr/include' '--libdir=/usr/lib64' '--libexecdir=/usr/libexec' '--sharedstatedir=/var/lib' '--mandir=/usr/share/man' '--infodir=/usr/share/info' '--with-python=/usr/libexec/platform-python' '--with-libtool' '--localstatedir=/var' '--enable-threads' '--enable-ipv6' '--enable-filter-aaaa' '--with-pic' '--disable-static' '--includedir=/usr/include/bind9' '--with-tuning=large' '--with-libidn2' '--enable-openssl-hash' '--with-geoip2' '--enable-native-pkcs11' '--with-pkcs11=/usr/lib64/pkcs11/libsofthsm2.so' '--with-dlopen=yes' '--with-dlz-ldap=yes' '--with-dlz-postgres=yes' '--with-dlz-mysql=yes' '--with-dlz-filesystem=yes' '--with-dlz-bdb=yes' '--with-gssapi=yes' '--disable-isc-spnego' '--with-lmdb=no' '--with-libjson' '--enable-dnstap' '--with-cmocka' '--enable-fixed-rrset' '--with-docbook-xsl=/usr/share/sgml/docbook/xsl-stylesheets' '--enable-full-report' 'build_alias=x86_64-redhat-linux-gnu' 'host_alias=x86_64-redhat-linux-gnu' 'CFLAGS= -O2 -g -pipe -Wall -Werror=format-security -Wp,-D_FORTIFY_SOURCE=2 -Wp,-D_GLIBCXX_ASSERTIONS -fexceptions -fstack-protector-strong -grecord-gcc-switches -specs=/usr/lib/rpm/redhat/redhat-hardened-cc1 -specs=/usr/lib/rpm/redhat/redhat-annobin-cc1 -m64 -mtune=generic -fasynchronous-unwind-tables -fstack-clash-protection -fcf-protection' 'LDFLAGS=-Wl,-z,relro -Wl,-z,now -specs=/usr/lib/rpm/redhat/redhat-hardened-ld' 'CPPFLAGS= -DDIG_SIGCHASE' 'PKG_CONFIG_PATH=:/usr/lib64/pkgconfig:/usr/share/pkgconfig'
messages:Nov 13 15:44:15 localhost NetworkManager[862]: <info>  [1636814655.9435] audit: op="connection-update" uuid="f5a03672-cafe-4b92-b3c7-efd595b5864e" name="enp0s3" args="connection.timestamp,ipv4.dns" pid=4116 uid=0 result="success"
messages:Nov 13 15:44:24 localhost dnsmasq[1351]: reading /etc/resolv.conf
messages:Nov 13 15:44:24 localhost dnsmasq[1351]: using nameserver 192.168.1.1#53
messages:Nov 13 15:44:24 localhost dnsmasq[1351]: using nameserver 8.8.8.8#53
messages:Nov 13 15:44:31 localhost dnsmasq[1351]: reading /etc/resolv.conf
messages:Nov 13 15:44:31 localhost dnsmasq[1351]: using nameserver 192.168.1.1#53
messages:Nov 13 15:44:31 localhost dnsmasq[1351]: using nameserver 8.8.8.8#53
messages:Nov 13 15:44:31 localhost dnsmasq[1351]: using nameserver 192.168.0.1#53
messages:Nov 13 15:44:31 localhost dnsmasq[1351]: using nameserver 192.168.137.222#53
messages:Nov 13 15:45:23 localhost named[4221]: built with '--build=x86_64-redhat-linux-gnu' '--host=x86_64-redhat-linux-gnu' '--program-prefix=' '--disable-dependency-tracking' '--prefix=/usr' '--exec-prefix=/usr' '--bindir=/usr/bin' '--sbindir=/usr/sbin' '--sysconfdir=/etc' '--datadir=/usr/share' '--includedir=/usr/include' '--libdir=/usr/lib64' '--libexecdir=/usr/libexec' '--sharedstatedir=/var/lib' '--mandir=/usr/share/man' '--infodir=/usr/share/info' '--with-python=/usr/libexec/platform-python' '--with-libtool' '--localstatedir=/var' '--enable-threads' '--enable-ipv6' '--enable-filter-aaaa' '--with-pic' '--disable-static' '--includedir=/usr/include/bind9' '--with-tuning=large' '--with-libidn2' '--enable-openssl-hash' '--with-geoip2' '--enable-native-pkcs11' '--with-pkcs11=/usr/lib64/pkcs11/libsofthsm2.so' '--with-dlopen=yes' '--with-dlz-ldap=yes' '--with-dlz-postgres=yes' '--with-dlz-mysql=yes' '--with-dlz-filesystem=yes' '--with-dlz-bdb=yes' '--with-gssapi=yes' '--disable-isc-spnego' '--with-lmdb=no' '--with-libjson' '--enable-dnstap' '--with-cmocka' '--enable-fixed-rrset' '--with-docbook-xsl=/usr/share/sgml/docbook/xsl-stylesheets' '--enable-full-report' 'build_alias=x86_64-redhat-linux-gnu' 'host_alias=x86_64-redhat-linux-gnu' 'CFLAGS= -O2 -g -pipe -Wall -Werror=format-security -Wp,-D_FORTIFY_SOURCE=2 -Wp,-D_GLIBCXX_ASSERTIONS -fexceptions -fstack-protector-strong -grecord-gcc-switches -specs=/usr/lib/rpm/redhat/redhat-hardened-cc1 -specs=/usr/lib/rpm/redhat/redhat-annobin-cc1 -m64 -mtune=generic -fasynchronous-unwind-tables -fstack-clash-protection -fcf-protection' 'LDFLAGS=-Wl,-z,relro -Wl,-z,now -specs=/usr/lib/rpm/redhat/redhat-hardened-ld' 'CPPFLAGS= -DDIG_SIGCHASE' 'PKG_CONFIG_PATH=:/usr/lib64/pkgconfig:/usr/share/pkgconfig'
messages:Nov 13 15:47:46 localhost avahi-daemon[855]: WARNING: No NSS support for mDNS detected, consider installing nss-mdns!
messages:Nov 13 15:47:48 localhost NetworkManager[865]: <info>  [1636814868.5985] dns-mgr[0x5634ea6e9170]: init: dns=default,systemd-resolved rc-manager=symlink
messages:Nov 13 15:47:52 localhost named[948]: built with '--build=x86_64-redhat-linux-gnu' '--host=x86_64-redhat-linux-gnu' '--program-prefix=' '--disable-dependency-tracking' '--prefix=/usr' '--exec-prefix=/usr' '--bindir=/usr/bin' '--sbindir=/usr/sbin' '--sysconfdir=/etc' '--datadir=/usr/share' '--includedir=/usr/include' '--libdir=/usr/lib64' '--libexecdir=/usr/libexec' '--sharedstatedir=/var/lib' '--mandir=/usr/share/man' '--infodir=/usr/share/info' '--with-python=/usr/libexec/platform-python' '--with-libtool' '--localstatedir=/var' '--enable-threads' '--enable-ipv6' '--enable-filter-aaaa' '--with-pic' '--disable-static' '--includedir=/usr/include/bind9' '--with-tuning=large' '--with-libidn2' '--enable-openssl-hash' '--with-geoip2' '--enable-native-pkcs11' '--with-pkcs11=/usr/lib64/pkcs11/libsofthsm2.so' '--with-dlopen=yes' '--with-dlz-ldap=yes' '--with-dlz-postgres=yes' '--with-dlz-mysql=yes' '--with-dlz-filesystem=yes' '--with-dlz-bdb=yes' '--with-gssapi=yes' '--disable-isc-spnego' '--with-lmdb=no' '--with-libjson' '--enable-dnstap' '--with-cmocka' '--enable-fixed-rrset' '--with-docbook-xsl=/usr/share/sgml/docbook/xsl-stylesheets' '--enable-full-report' 'build_alias=x86_64-redhat-linux-gnu' 'host_alias=x86_64-redhat-linux-gnu' 'CFLAGS= -O2 -g -pipe -Wall -Werror=format-security -Wp,-D_FORTIFY_SOURCE=2 -Wp,-D_GLIBCXX_ASSERTIONS -fexceptions -fstack-protector-strong -grecord-gcc-switches -specs=/usr/lib/rpm/redhat/redhat-hardened-cc1 -specs=/usr/lib/rpm/redhat/redhat-annobin-cc1 -m64 -mtune=generic -fasynchronous-unwind-tables -fstack-clash-protection -fcf-protection' 'LDFLAGS=-Wl,-z,relro -Wl,-z,now -specs=/usr/lib/rpm/redhat/redhat-hardened-ld' 'CPPFLAGS= -DDIG_SIGCHASE' 'PKG_CONFIG_PATH=:/usr/lib64/pkgconfig:/usr/share/pkgconfig'
messages:Nov 13 15:48:06 localhost dnsmasq[1368]: started, version 2.79 cachesize 150
messages:Nov 13 15:48:06 localhost dnsmasq[1368]: compile time options: IPv6 GNU-getopt DBus no-i18n IDN2 DHCP DHCPv6 no-Lua TFTP no-conntrack ipset auth DNSSEC loop-detect inotify
messages:Nov 13 15:48:06 localhost dnsmasq-dhcp[1368]: DHCP, IP range 192.168.122.2 -- 192.168.122.254, lease time 1h
messages:Nov 13 15:48:06 localhost dnsmasq-dhcp[1368]: DHCP, sockets bound exclusively to interface virbr0
messages:Nov 13 15:48:06 localhost dnsmasq[1368]: reading /etc/resolv.conf
messages:Nov 13 15:48:06 localhost dnsmasq[1368]: using nameserver 192.168.0.1#53
messages:Nov 13 15:48:06 localhost dnsmasq[1368]: using nameserver 192.168.137.222#53
messages:Nov 13 15:48:06 localhost dnsmasq[1368]: using nameserver 192.168.1.1#53
messages:Nov 13 15:48:06 localhost dnsmasq[1368]: using nameserver 8.8.8.8#53
messages:Nov 13 15:48:06 localhost dnsmasq[1368]: read /etc/hosts - 2 addresses
messages:Nov 13 15:48:06 localhost dnsmasq[1368]: read /var/lib/libvirt/dnsmasq/default.addnhosts - 0 addresses
messages:Nov 13 15:48:06 localhost dnsmasq-dhcp[1368]: read /var/lib/libvirt/dnsmasq/default.hostsfile
messages:Nov 13 15:54:42 localhost dnsmasq[1368]: reading /etc/resolv.conf
messages:Nov 13 15:54:42 localhost dnsmasq[1368]: using nameserver 192.168.0.1#53
messages:Nov 13 15:54:42 localhost dnsmasq[1368]: using nameserver 192.168.137.222#53
messages:Nov 13 15:54:42 localhost dnsmasq[1368]: using nameserver 192.168.1.1#53
messages:Nov 13 15:54:42 localhost dnsmasq[1368]: using nameserver 8.8.8.8#53
messages:Nov 13 15:55:30 localhost dnsmasq[1368]: reading /etc/resolv.conf
messages:Nov 13 15:55:30 localhost dnsmasq[1368]: using nameserver 192.168.137.222#53
messages:Nov 13 15:55:30 localhost dnsmasq[1368]: using nameserver 8.8.8.8#53
messages:Nov 13 15:55:30 localhost dnsmasq[1368]: using nameserver 192.168.0.1#53
messages:Nov 13 15:55:30 localhost dnsmasq[1368]: using nameserver 192.168.1.1#53
messages-20211113:Sep 22 20:04:15 localhost avahi-daemon[885]: WARNING: No NSS support for mDNS detected, consider installing nss-mdns!
messages-20211113:Sep 22 20:04:23 localhost NetworkManager[1035]: <info>  [1632333863.6815] dns-mgr[0x5596b8a7d170]: init: dns=default,systemd-resolved rc-manager=symlink
messages-20211113:Sep 22 20:04:31 localhost dnsmasq[1432]: started, version 2.79 cachesize 150
messages-20211113:Sep 22 20:04:31 localhost dnsmasq[1432]: compile time options: IPv6 GNU-getopt DBus no-i18n IDN2 DHCP DHCPv6 no-Lua TFTP no-conntrack ipset auth DNSSEC loop-detect inotify
messages-20211113:Sep 22 20:04:31 localhost dnsmasq-dhcp[1432]: DHCP, IP range 192.168.122.2 -- 192.168.122.254, lease time 1h
messages-20211113:Sep 22 20:04:31 localhost dnsmasq-dhcp[1432]: DHCP, sockets bound exclusively to interface virbr0
messages-20211113:Sep 22 20:04:31 localhost dnsmasq[1432]: read /etc/hosts - 2 addresses
messages-20211113:Sep 22 20:04:31 localhost dnsmasq[1432]: read /var/lib/libvirt/dnsmasq/default.addnhosts - 0 addresses
messages-20211113:Sep 22 20:04:31 localhost dnsmasq-dhcp[1432]: read /var/lib/libvirt/dnsmasq/default.hostsfile
messages-20211113:Sep 22 20:06:34 localhost dnsmasq[1432]: reading /etc/resolv.conf
messages-20211113:Sep 22 20:06:34 localhost dnsmasq[1432]: using nameserver 193.145.233.6#53
messages-20211113:Sep 22 20:06:34 localhost dnsmasq[1432]: using nameserver 193.145.233.5#53
messages-20211113:Sep 22 20:19:35 localhost avahi-daemon[873]: WARNING: No NSS support for mDNS detected, consider installing nss-mdns!
messages-20211113:Sep 22 20:19:41 localhost NetworkManager[981]: <info>  [1632334781.0444] dns-mgr[0x55e255b60170]: init: dns=default,systemd-resolved rc-manager=symlink
messages-20211113:Sep 22 20:19:47 localhost dnsmasq[1388]: started, version 2.79 cachesize 150
messages-20211113:Sep 22 20:19:47 localhost dnsmasq[1388]: compile time options: IPv6 GNU-getopt DBus no-i18n IDN2 DHCP DHCPv6 no-Lua TFTP no-conntrack ipset auth DNSSEC loop-detect inotify
messages-20211113:Sep 22 20:19:47 localhost dnsmasq-dhcp[1388]: DHCP, IP range 192.168.122.2 -- 192.168.122.254, lease time 1h
messages-20211113:Sep 22 20:19:47 localhost dnsmasq-dhcp[1388]: DHCP, sockets bound exclusively to interface virbr0
messages-20211113:Sep 22 20:19:47 localhost dnsmasq[1388]: reading /etc/resolv.conf
messages-20211113:Sep 22 20:19:47 localhost dnsmasq[1388]: using nameserver 193.145.233.6#53
messages-20211113:Sep 22 20:19:47 localhost dnsmasq[1388]: using nameserver 193.145.233.5#53
messages-20211113:Sep 22 20:19:47 localhost dnsmasq[1388]: read /etc/hosts - 2 addresses
messages-20211113:Sep 22 20:19:47 localhost dnsmasq[1388]: read /var/lib/libvirt/dnsmasq/default.addnhosts - 0 addresses
messages-20211113:Sep 22 20:19:47 localhost dnsmasq-dhcp[1388]: read /var/lib/libvirt/dnsmasq/default.hostsfile
messages-20211113:Sep 27 10:27:46 localhost avahi-daemon[870]: WARNING: No NSS support for mDNS detected, consider installing nss-mdns!
messages-20211113:Sep 27 10:27:51 localhost NetworkManager[983]: <info>  [1632731271.6538] dns-mgr[0x55d053de2170]: init: dns=default,systemd-resolved rc-manager=symlink
messages-20211113:Sep 27 10:27:57 localhost dnsmasq[1393]: started, version 2.79 cachesize 150
messages-20211113:Sep 27 10:27:57 localhost dnsmasq[1393]: compile time options: IPv6 GNU-getopt DBus no-i18n IDN2 DHCP DHCPv6 no-Lua TFTP no-conntrack ipset auth DNSSEC loop-detect inotify
messages-20211113:Sep 27 10:27:57 localhost dnsmasq-dhcp[1393]: DHCP, IP range 192.168.122.2 -- 192.168.122.254, lease time 1h
messages-20211113:Sep 27 10:27:57 localhost dnsmasq-dhcp[1393]: DHCP, sockets bound exclusively to interface virbr0
messages-20211113:Sep 27 10:27:57 localhost dnsmasq[1393]: reading /etc/resolv.conf
messages-20211113:Sep 27 10:27:57 localhost dnsmasq[1393]: using nameserver 193.145.233.6#53
messages-20211113:Sep 27 10:27:57 localhost dnsmasq[1393]: using nameserver 193.145.233.5#53
messages-20211113:Sep 27 10:27:57 localhost dnsmasq[1393]: read /etc/hosts - 2 addresses
messages-20211113:Sep 27 10:27:57 localhost dnsmasq[1393]: read /var/lib/libvirt/dnsmasq/default.addnhosts - 0 addresses
messages-20211113:Sep 27 10:27:57 localhost dnsmasq-dhcp[1393]: read /var/lib/libvirt/dnsmasq/default.hostsfile
messages-20211113:Oct 20 17:24:45 localhost avahi-daemon[880]: WARNING: No NSS support for mDNS detected, consider installing nss-mdns!
messages-20211113:Oct 20 17:24:50 localhost NetworkManager[992]: <info>  [1634743490.2725] dns-mgr[0x56269e5be170]: init: dns=default,systemd-resolved rc-manager=symlink
messages-20211113:Oct 20 17:24:55 localhost dnsmasq[1409]: started, version 2.79 cachesize 150
messages-20211113:Oct 20 17:24:55 localhost dnsmasq[1409]: compile time options: IPv6 GNU-getopt DBus no-i18n IDN2 DHCP DHCPv6 no-Lua TFTP no-conntrack ipset auth DNSSEC loop-detect inotify
messages-20211113:Oct 20 17:24:55 localhost dnsmasq-dhcp[1409]: DHCP, IP range 192.168.122.2 -- 192.168.122.254, lease time 1h
messages-20211113:Oct 20 17:24:55 localhost dnsmasq-dhcp[1409]: DHCP, sockets bound exclusively to interface virbr0
messages-20211113:Oct 20 17:24:55 localhost dnsmasq[1409]: reading /etc/resolv.conf
messages-20211113:Oct 20 17:24:55 localhost dnsmasq[1409]: using nameserver 193.145.233.6#53
messages-20211113:Oct 20 17:24:55 localhost dnsmasq[1409]: using nameserver 193.145.233.5#53
messages-20211113:Oct 20 17:24:55 localhost dnsmasq[1409]: read /etc/hosts - 2 addresses
messages-20211113:Oct 20 17:24:55 localhost dnsmasq[1409]: read /var/lib/libvirt/dnsmasq/default.addnhosts - 0 addresses
messages-20211113:Oct 20 17:24:55 localhost dnsmasq-dhcp[1409]: read /var/lib/libvirt/dnsmasq/default.hostsfile
messages-20211113:Oct 20 19:42:37 localhost dnsmasq[1409]: reading /etc/resolv.conf
messages-20211113:Oct 20 19:42:37 localhost dnsmasq[1409]: using nameserver 192.168.0.1#53
messages-20211113:Oct 20 19:42:38 localhost dnsmasq[1409]: reading /etc/resolv.conf
messages-20211113:Oct 20 19:42:38 localhost dnsmasq[1409]: using nameserver 192.168.0.1#53
messages-20211113:Oct 20 19:42:38 localhost dnsmasq[1409]: using nameserver 8.8.8.8#53
messages-20211113:Oct 20 19:51:20 localhost dnsmasq[1409]: reading /etc/resolv.conf
messages-20211113:Oct 20 19:51:20 localhost dnsmasq[1409]: using nameserver 192.168.0.1#53
messages-20211113:Oct 20 20:30:57 localhost avahi-daemon[869]: WARNING: No NSS support for mDNS detected, consider installing nss-mdns!
messages-20211113:Oct 20 20:31:04 localhost NetworkManager[979]: <info>  [1634754664.4728] dns-mgr[0x56154483e170]: init: dns=default,systemd-resolved rc-manager=symlink
messages-20211113:Oct 20 20:32:09 localhost dnsmasq[1399]: started, version 2.79 cachesize 150
messages-20211113:Oct 20 20:32:09 localhost dnsmasq[1399]: compile time options: IPv6 GNU-getopt DBus no-i18n IDN2 DHCP DHCPv6 no-Lua TFTP no-conntrack ipset auth DNSSEC loop-detect inotify
messages-20211113:Oct 20 20:32:09 localhost dnsmasq-dhcp[1399]: DHCP, IP range 192.168.122.2 -- 192.168.122.254, lease time 1h
messages-20211113:Oct 20 20:32:09 localhost dnsmasq-dhcp[1399]: DHCP, sockets bound exclusively to interface virbr0
messages-20211113:Oct 20 20:32:09 localhost dnsmasq[1399]: reading /etc/resolv.conf
messages-20211113:Oct 20 20:32:09 localhost dnsmasq[1399]: using nameserver 192.168.0.1#53
messages-20211113:Oct 20 20:32:09 localhost dnsmasq[1399]: read /etc/hosts - 2 addresses
messages-20211113:Oct 20 20:32:09 localhost dnsmasq[1399]: read /var/lib/libvirt/dnsmasq/default.addnhosts - 0 addresses
messages-20211113:Oct 20 20:32:09 localhost dnsmasq-dhcp[1399]: read /var/lib/libvirt/dnsmasq/default.hostsfile
messages-20211113:Oct 20 20:37:57 localhost avahi-daemon[870]: WARNING: No NSS support for mDNS detected, consider installing nss-mdns!
messages-20211113:Oct 20 20:38:05 localhost NetworkManager[981]: <info>  [1634755085.7155] dns-mgr[0x55acadc7a170]: init: dns=default,systemd-resolved rc-manager=symlink
messages-20211113:Oct 20 20:39:13 localhost dnsmasq[1402]: started, version 2.79 cachesize 150
messages-20211113:Oct 20 20:39:13 localhost dnsmasq[1402]: compile time options: IPv6 GNU-getopt DBus no-i18n IDN2 DHCP DHCPv6 no-Lua TFTP no-conntrack ipset auth DNSSEC loop-detect inotify
messages-20211113:Oct 20 20:39:13 localhost dnsmasq-dhcp[1402]: DHCP, IP range 192.168.122.2 -- 192.168.122.254, lease time 1h
messages-20211113:Oct 20 20:39:13 localhost dnsmasq-dhcp[1402]: DHCP, sockets bound exclusively to interface virbr0
messages-20211113:Oct 20 20:39:13 localhost dnsmasq[1402]: reading /etc/resolv.conf
messages-20211113:Oct 20 20:39:13 localhost dnsmasq[1402]: using nameserver 192.168.0.1#53
messages-20211113:Oct 20 20:39:13 localhost dnsmasq[1402]: read /etc/hosts - 2 addresses
messages-20211113:Oct 20 20:39:13 localhost dnsmasq[1402]: read /var/lib/libvirt/dnsmasq/default.addnhosts - 0 addresses
messages-20211113:Oct 20 20:39:13 localhost dnsmasq-dhcp[1402]: read /var/lib/libvirt/dnsmasq/default.hostsfile
messages-20211113:Nov 13 13:34:06 localhost avahi-daemon[867]: WARNING: No NSS support for mDNS detected, consider installing nss-mdns!
messages-20211113:Nov 13 13:34:13 localhost NetworkManager[981]: <info>  [1636806853.3640] dns-mgr[0x55a984e0b170]: init: dns=default,systemd-resolved rc-manager=symlink
messages-20211113:Nov 13 13:34:22 localhost dnsmasq[1391]: started, version 2.79 cachesize 150
messages-20211113:Nov 13 13:34:22 localhost dnsmasq[1391]: compile time options: IPv6 GNU-getopt DBus no-i18n IDN2 DHCP DHCPv6 no-Lua TFTP no-conntrack ipset auth DNSSEC loop-detect inotify
messages-20211113:Nov 13 13:34:22 localhost dnsmasq-dhcp[1391]: DHCP, IP range 192.168.122.2 -- 192.168.122.254, lease time 1h
messages-20211113:Nov 13 13:34:22 localhost dnsmasq-dhcp[1391]: DHCP, sockets bound exclusively to interface virbr0
messages-20211113:Nov 13 13:34:22 localhost dnsmasq[1391]: reading /etc/resolv.conf
messages-20211113:Nov 13 13:34:22 localhost dnsmasq[1391]: using nameserver 192.168.0.1#53
messages-20211113:Nov 13 13:34:22 localhost dnsmasq[1391]: read /etc/hosts - 2 addresses
messages-20211113:Nov 13 13:34:22 localhost dnsmasq[1391]: read /var/lib/libvirt/dnsmasq/default.addnhosts - 0 addresses
messages-20211113:Nov 13 13:34:22 localhost dnsmasq-dhcp[1391]: read /var/lib/libvirt/dnsmasq/default.hostsfile
messages-20211113:Nov 13 13:42:35 localhost NetworkManager[981]: <info>  [1636807355.7282] audit: op="connection-update" uuid="5f260957-f179-4820-b5e9-db0805248ead" name="enp0s8" args="connection.timestamp,ipv4.dns,ipv4.gateway,ipv4.addresses,ipv4.method" pid=2842 uid=1000 result="success"
messages-20211113:Nov 13 13:43:35 localhost avahi-daemon[862]: WARNING: No NSS support for mDNS detected, consider installing nss-mdns!
messages-20211113:Nov 13 13:43:41 localhost NetworkManager[979]: <info>  [1636807421.7128] dns-mgr[0x55dad30b6170]: init: dns=default,systemd-resolved rc-manager=symlink
messages-20211113:Nov 13 13:43:50 localhost dnsmasq[1406]: started, version 2.79 cachesize 150
messages-20211113:Nov 13 13:43:50 localhost dnsmasq[1406]: compile time options: IPv6 GNU-getopt DBus no-i18n IDN2 DHCP DHCPv6 no-Lua TFTP no-conntrack ipset auth DNSSEC loop-detect inotify
messages-20211113:Nov 13 13:43:50 localhost dnsmasq-dhcp[1406]: DHCP, IP range 192.168.122.2 -- 192.168.122.254, lease time 1h
messages-20211113:Nov 13 13:43:50 localhost dnsmasq-dhcp[1406]: DHCP, sockets bound exclusively to interface virbr0
messages-20211113:Nov 13 13:43:50 localhost dnsmasq[1406]: reading /etc/resolv.conf
messages-20211113:Nov 13 13:43:50 localhost dnsmasq[1406]: using nameserver 192.168.0.1#53
messages-20211113:Nov 13 13:43:50 localhost dnsmasq[1406]: using nameserver 192.168.1.1#53
messages-20211113:Nov 13 13:43:50 localhost dnsmasq[1406]: using nameserver 8.8.8.8#53
messages-20211113:Nov 13 13:43:50 localhost dnsmasq[1406]: read /etc/hosts - 2 addresses
messages-20211113:Nov 13 13:43:50 localhost dnsmasq[1406]: read /var/lib/libvirt/dnsmasq/default.addnhosts - 0 addresses
messages-20211113:Nov 13 13:43:50 localhost dnsmasq-dhcp[1406]: read /var/lib/libvirt/dnsmasq/default.hostsfile
messages-20211113:Nov 13 13:58:40 localhost avahi-daemon[865]: WARNING: No NSS support for mDNS detected, consider installing nss-mdns!
messages-20211113:Nov 13 13:58:47 localhost NetworkManager[981]: <info>  [1636808327.3581] dns-mgr[0x55e15d681170]: init: dns=default,systemd-resolved rc-manager=symlink
messages-20211113:Nov 13 13:58:56 localhost dnsmasq[1405]: started, version 2.79 cachesize 150
messages-20211113:Nov 13 13:58:56 localhost dnsmasq[1405]: compile time options: IPv6 GNU-getopt DBus no-i18n IDN2 DHCP DHCPv6 no-Lua TFTP no-conntrack ipset auth DNSSEC loop-detect inotify
messages-20211113:Nov 13 13:58:56 localhost dnsmasq-dhcp[1405]: DHCP, IP range 192.168.122.2 -- 192.168.122.254, lease time 1h
messages-20211113:Nov 13 13:58:56 localhost dnsmasq-dhcp[1405]: DHCP, sockets bound exclusively to interface virbr0
messages-20211113:Nov 13 13:58:56 localhost dnsmasq[1405]: reading /etc/resolv.conf
messages-20211113:Nov 13 13:58:56 localhost dnsmasq[1405]: using nameserver 192.168.0.1#53
messages-20211113:Nov 13 13:58:56 localhost dnsmasq[1405]: using nameserver 192.168.1.1#53
messages-20211113:Nov 13 13:58:56 localhost dnsmasq[1405]: using nameserver 8.8.8.8#53
messages-20211113:Nov 13 13:58:56 localhost dnsmasq[1405]: read /etc/hosts - 2 addresses
messages-20211113:Nov 13 13:58:56 localhost dnsmasq[1405]: read /var/lib/libvirt/dnsmasq/default.addnhosts - 0 addresses
messages-20211113:Nov 13 13:58:56 localhost dnsmasq-dhcp[1405]: read /var/lib/libvirt/dnsmasq/default.hostsfile
messages-20211113:Nov 13 14:02:34 localhost avahi-daemon[870]: WARNING: No NSS support for mDNS detected, consider installing nss-mdns!
messages-20211113:Nov 13 14:02:35 localhost NetworkManager[857]: <info>  [1636808555.6840] dns-mgr[0x555a0b5fa170]: init: dns=default,systemd-resolved rc-manager=symlink
messages-20211113:Nov 13 14:02:47 localhost dnsmasq[1347]: started, version 2.79 cachesize 150
messages-20211113:Nov 13 14:02:47 localhost dnsmasq[1347]: compile time options: IPv6 GNU-getopt DBus no-i18n IDN2 DHCP DHCPv6 no-Lua TFTP no-conntrack ipset auth DNSSEC loop-detect inotify
messages-20211113:Nov 13 14:02:47 localhost dnsmasq-dhcp[1347]: DHCP, IP range 192.168.122.2 -- 192.168.122.254, lease time 1h
messages-20211113:Nov 13 14:02:47 localhost dnsmasq-dhcp[1347]: DHCP, sockets bound exclusively to interface virbr0
messages-20211113:Nov 13 14:02:47 localhost dnsmasq[1347]: reading /etc/resolv.conf
messages-20211113:Nov 13 14:02:47 localhost dnsmasq[1347]: using nameserver 192.168.0.1#53
messages-20211113:Nov 13 14:02:47 localhost dnsmasq[1347]: using nameserver 192.168.1.1#53
messages-20211113:Nov 13 14:02:47 localhost dnsmasq[1347]: using nameserver 8.8.8.8#53
messages-20211113:Nov 13 14:02:47 localhost dnsmasq[1347]: read /etc/hosts - 2 addresses
messages-20211113:Nov 13 14:02:47 localhost dnsmasq[1347]: read /var/lib/libvirt/dnsmasq/default.addnhosts - 0 addresses
messages-20211113:Nov 13 14:02:47 localhost dnsmasq-dhcp[1347]: read /var/lib/libvirt/dnsmasq/default.hostsfile
messages-20211113:Nov 13 14:23:42 localhost avahi-daemon[854]: WARNING: No NSS support for mDNS detected, consider installing nss-mdns!
messages-20211113:Nov 13 14:23:44 localhost NetworkManager[863]: <info>  [1636809824.4124] dns-mgr[0x5584ab68e170]: init: dns=default,systemd-resolved rc-manager=symlink
messages-20211113:Nov 13 14:23:57 localhost dnsmasq[1344]: started, version 2.79 cachesize 150
messages-20211113:Nov 13 14:23:57 localhost dnsmasq[1344]: compile time options: IPv6 GNU-getopt DBus no-i18n IDN2 DHCP DHCPv6 no-Lua TFTP no-conntrack ipset auth DNSSEC loop-detect inotify
messages-20211113:Nov 13 14:23:57 localhost dnsmasq-dhcp[1344]: DHCP, IP range 192.168.122.2 -- 192.168.122.254, lease time 1h
messages-20211113:Nov 13 14:23:57 localhost dnsmasq-dhcp[1344]: DHCP, sockets bound exclusively to interface virbr0
messages-20211113:Nov 13 14:23:57 localhost dnsmasq[1344]: reading /etc/resolv.conf
messages-20211113:Nov 13 14:23:57 localhost dnsmasq[1344]: using nameserver 192.168.0.1#53
messages-20211113:Nov 13 14:23:57 localhost dnsmasq[1344]: using nameserver 192.168.1.1#53
messages-20211113:Nov 13 14:23:57 localhost dnsmasq[1344]: using nameserver 8.8.8.8#53
messages-20211113:Nov 13 14:23:57 localhost dnsmasq[1344]: read /etc/hosts - 2 addresses
messages-20211113:Nov 13 14:23:57 localhost dnsmasq[1344]: read /var/lib/libvirt/dnsmasq/default.addnhosts - 0 addresses
messages-20211113:Nov 13 14:23:57 localhost dnsmasq-dhcp[1344]: read /var/lib/libvirt/dnsmasq/default.hostsfile
messages-20211113:Nov 13 14:49:12 localhost avahi-daemon[865]: WARNING: No NSS support for mDNS detected, consider installing nss-mdns!
messages-20211113:Nov 13 14:49:13 localhost NetworkManager[868]: <info>  [1636811353.7206] dns-mgr[0x561c73994170]: init: dns=default,systemd-resolved rc-manager=symlink
messages-20211113:Nov 13 14:49:29 localhost dnsmasq[1348]: started, version 2.79 cachesize 150
messages-20211113:Nov 13 14:49:29 localhost dnsmasq[1348]: compile time options: IPv6 GNU-getopt DBus no-i18n IDN2 DHCP DHCPv6 no-Lua TFTP no-conntrack ipset auth DNSSEC loop-detect inotify
messages-20211113:Nov 13 14:49:29 localhost dnsmasq-dhcp[1348]: DHCP, IP range 192.168.122.2 -- 192.168.122.254, lease time 1h
messages-20211113:Nov 13 14:49:29 localhost dnsmasq-dhcp[1348]: DHCP, sockets bound exclusively to interface virbr0
messages-20211113:Nov 13 14:49:29 localhost dnsmasq[1348]: reading /etc/resolv.conf
messages-20211113:Nov 13 14:49:29 localhost dnsmasq[1348]: using nameserver 192.168.0.1#53
messages-20211113:Nov 13 14:49:29 localhost dnsmasq[1348]: using nameserver 192.168.1.1#53
messages-20211113:Nov 13 14:49:29 localhost dnsmasq[1348]: using nameserver 8.8.8.8#53
messages-20211113:Nov 13 14:49:29 localhost dnsmasq[1348]: read /etc/hosts - 2 addresses
messages-20211113:Nov 13 14:49:29 localhost dnsmasq[1348]: read /var/lib/libvirt/dnsmasq/default.addnhosts - 0 addresses
messages-20211113:Nov 13 14:49:29 localhost dnsmasq-dhcp[1348]: read /var/lib/libvirt/dnsmasq/default.hostsfile
