
Xvnc TigerVNC 1.11.0 - built May 21 2021 02:55:38
Copyright (C) 1999-2020 TigerVNC Team and many others (see README.rst)
See https://www.tigervnc.org for information on TigerVNC.
Underlying X server release 12010000, The X.Org Foundation


Sat Nov 13 14:50:23 2021
 vncext:      VNC extension running!
 vncext:      Listening for VNC connections on all interface(s), port 5902
 vncext:      created VNC server for screen 0

Sat Nov 13 14:50:26 2021
 ComparingUpdateTracker: 0 pixels in / 0 pixels out
 ComparingUpdateTracker: (1:-nan ratio)

Sat Nov 13 14:50:41 2021
 Connections: accepted: 192.168.137.9::16599
 SConnection: Client needs protocol version 3.8
 SConnection: Client requests security type VncAuth(2)

Sat Nov 13 14:50:44 2021
 VNCSConnST:  Server default pixel format depth 24 (32bpp) little-endian rgb888
 VNCSConnST:  Client pixel format depth 24 (32bpp) little-endian rgb888

Sat Nov 13 14:54:44 2021
 VNCSConnST:  closing 192.168.137.9::16599: Clean disconnection
 EncodeManager: Framebuffer updates: 64
 EncodeManager:   Tight:
 EncodeManager:     Solid: 72 rects, 2.26477 Mpixels
 EncodeManager:            1.125 KiB (1:7864.53 ratio)
 EncodeManager:     Bitmap RLE: 8 rects, 813 pixels
 EncodeManager:                 253 B (1:13.2332 ratio)
 EncodeManager:     Indexed RLE: 30 rects, 9.913 kpixels
 EncodeManager:                  1.78125 KiB (1:21.9364 ratio)
 EncodeManager:   Tight (JPEG):
 EncodeManager:     Full Colour: 92 rects, 179.357 kpixels
 EncodeManager:                  169.554 KiB (1:4.13846 ratio)
 EncodeManager:   Total: 202 rects, 2.45485 Mpixels
 EncodeManager:          172.707 KiB (1:55.537 ratio)
 TcpSocket:   unable to get peer name for socket
 Connections: closed: ::0
 ComparingUpdateTracker: 0 pixels in / 0 pixels out
 ComparingUpdateTracker: (1:-nan ratio)

Sat Nov 13 14:55:22 2021
 Connections: accepted: 192.168.137.9::45632
 SConnection: Client needs protocol version 3.8
 SConnection: Client requests security type VncAuth(2)

Sat Nov 13 14:55:24 2021
 VNCSConnST:  Server default pixel format depth 24 (32bpp) little-endian rgb888
 VNCSConnST:  Client pixel format depth 24 (32bpp) little-endian rgb888

Sat Nov 13 14:55:31 2021
 VNCSConnST:  closing 192.168.137.9::45632: Clean disconnection
 EncodeManager: Framebuffer updates: 41
 EncodeManager:   Tight:
 EncodeManager:     Solid: 69 rects, 2.23914 Mpixels
 EncodeManager:            1.07812 KiB (1:8113.57 ratio)
 EncodeManager:     Bitmap RLE: 5 rects, 662 pixels
 EncodeManager:                 164 B (1:16.5122 ratio)
 EncodeManager:     Indexed RLE: 24 rects, 11.208 kpixels
 EncodeManager:                  1.82031 KiB (1:24.206 ratio)
 EncodeManager:   Tight (JPEG):
 EncodeManager:     Full Colour: 70 rects, 130.549 kpixels
 EncodeManager:                  120.24 KiB (1:4.24797 ratio)
 EncodeManager:   Total: 168 rects, 2.38156 Mpixels
 EncodeManager:          123.299 KiB (1:75.4664 ratio)
 TcpSocket:   unable to get peer name for socket
 Connections: closed: ::0
 ComparingUpdateTracker: 0 pixels in / 0 pixels out
 ComparingUpdateTracker: (1:-nan ratio)
